To honour the JVM settings for this build a single-use Daemon process will be forked. For more on this, please refer to https://docs.gradle.org/9.3.1/userguide/gradle_daemon.html#sec:disabling_the_daemon in the Gradle documentation.
Daemon will be stopped at the end of the build 

> Configure project :app
WARNING: The option setting 'android.usesSdkInManifest.disallowed=false' is deprecated.
The current default is 'true'.
It will be removed in version 10.0 of the Android Gradle plugin.
WARNING: The option setting 'android.sdk.defaultTargetSdkToCompileSdkIfUnset=false' is deprecated.
The current default is 'true'.
It will be removed in version 10.0 of the Android Gradle plugin.
WARNING: The option setting 'android.enableAppCompileTimeRClass=false' is deprecated.
The current default is 'true'.
It will be removed in version 10.0 of the Android Gradle plugin.
WARNING: The option setting 'android.builtInKotlin=false' is deprecated.
The current default is 'true'.
It will be removed in version 10.0 of the Android Gradle plugin.
WARNING: The option setting 'android.newDsl=false' is deprecated.
The current default is 'true'.
It will be removed in version 10.0 of the Android Gradle plugin.
WARNING: The option setting 'android.r8.optimizedResourceShrinking=false' is deprecated.
The current default is 'true'.
It will be removed in version 10.0 of the Android Gradle plugin.
WARNING: The option setting 'android.defaults.buildfeatures.resvalues=true' is deprecated.
The current default is 'false'.
It will be removed in version 10.0 of the Android Gradle plugin.
WARNING: The property android.dependency.excludeLibraryComponentsFromConstraints improves project import performance for very large projects. It should be enabled to improve performance.
To suppress this warning, add android.generateSyncIssueWhenLibraryConstraintsAreEnabled=false to gradle.properties
WARNING: The property android.dependency.excludeLibraryComponentsFromConstraints improves project import performance for very large projects. It should be enabled to improve performance.
To suppress this warning, add android.generateSyncIssueWhenLibraryConstraintsAreEnabled=false to gradle.properties
WARNING: The property android.dependency.excludeLibraryComponentsFromConstraints improves project import performance for very large projects. It should be enabled to improve performance.
To suppress this warning, add android.generateSyncIssueWhenLibraryConstraintsAreEnabled=false to gradle.properties
WARNING: The property android.dependency.excludeLibraryComponentsFromConstraints improves project import performance for very large projects. It should be enabled to improve performance.
To suppress this warning, add android.generateSyncIssueWhenLibraryConstraintsAreEnabled=false to gradle.properties

> Task :app:checkKotlinGradlePluginConfigurationErrors SKIPPED
> Task :app:preBuild UP-TO-DATE
> Task :app:preDebugBuild UP-TO-DATE
> Task :app:dataBindingMergeDependencyArtifactsDebug UP-TO-DATE
> Task :app:generateDebugResValues UP-TO-DATE
> Task :app:generateDebugResources UP-TO-DATE
> Task :app:processDebugGoogleServices UP-TO-DATE
> Task :app:mergeDebugResources UP-TO-DATE
> Task :app:packageDebugResources UP-TO-DATE
> Task :app:processDebugNavigationResources UP-TO-DATE
> Task :app:parseDebugLocalResources UP-TO-DATE
> Task :app:dataBindingGenBaseClassesDebug UP-TO-DATE
> Task :app:generateDebugBuildConfig UP-TO-DATE
> Task :app:checkDebugAarMetadata UP-TO-DATE
> Task :app:mapDebugSourceSetPaths UP-TO-DATE
> Task :app:compileDebugNavigationResources UP-TO-DATE
> Task :app:createDebugCompatibleScreenManifests UP-TO-DATE
> Task :app:extractDeepLinksDebug UP-TO-DATE
> Task :app:processDebugMainManifest UP-TO-DATE
> Task :app:processDebugManifest UP-TO-DATE
> Task :app:processDebugManifestForPackage UP-TO-DATE
> Task :app:processDebugResources UP-TO-DATE
> Task :app:kspDebugKotlin
> Task :app:compileDebugKotlin
.\gradlew.bat : e: file:///C:
/Users/avezk/AndroidStudioPro
jects/GlyphV3/app/src/main/ja
va/com/glyph/glyph_v3/data/re
po/GroupChatRepository.kt:140
7:47 Unresolved reference 
'SelectedMediaItem'.
At line:1 char:1
+ .\gradlew.bat 
:app:compileDebugKotlin 
--no-daemon --console=plain 
2>& ...
+ ~~~~~~~~~~~~~~~~~~~~~~~~~~~
~~~~~~~~~~~~~~~~~~~~~~~~~~~~~
~~~~~~~~~~~~~
    + CategoryInfo           
   : NotSpecified: (e: file  
  :///C:/U...ctedMediaItem   
 '.:String) [], RemoteExc    
eption
    + FullyQualifiedErrorId  
   : NativeCommandError
 
e: file:///C:/Users/avezk/And
roidStudioProjects/GlyphV3/ap
p/src/main/java/com/glyph/gly
ph_v3/data/repo/GroupChatRepo
sitory.kt:1438:51 Unresolved 
reference 'MediaCompressor'.
e: file:///C:/Users/avezk/And
roidStudioProjects/GlyphV3/ap
p/src/main/java/com/glyph/gly
ph_v3/data/repo/GroupChatRepo
sitory.kt:1475:46 Unresolved 
reference 'duration'.
e: file:///C:/Users/avezk/And
roidStudioProjects/GlyphV3/ap
p/src/main/java/com/glyph/gly
ph_v3/data/repo/GroupChatRepo
sitory.kt:1476:46 Unresolved 
reference 'originalSize'.
e: file:///C:/Users/avezk/And
roidStudioProjects/GlyphV3/ap
p/src/main/java/com/glyph/gly
ph_v3/data/repo/GroupChatRepo
sitory.kt:1477:43 Unresolved 
reference 'width'.
e: file:///C:/Users/avezk/And
roidStudioProjects/GlyphV3/ap
p/src/main/java/com/glyph/gly
ph_v3/data/repo/GroupChatRepo
sitory.kt:1478:44 Unresolved 
reference 'height'.
e: file:///C:/Users/avezk/And
roidStudioProjects/GlyphV3/ap
p/src/main/java/com/glyph/gly
ph_v3/data/repo/GroupChatRepo
sitory.kt:1499:44 Overload 
resolution ambiguity between 
candidates:
fun <T> 
Iterable<T>.sumOf(selector: 
(T) -> Int): Int
fun <T> 
Iterable<T>.sumOf(selector: 
(T) -> UInt): UInt
e: file:///C:/Users/avezk/And
roidStudioProjects/GlyphV3/ap
p/src/main/java/com/glyph/gly
ph_v3/data/repo/GroupChatRepo
sitory.kt:1499:64 Unresolved 
reference 'originalSize'.
e: file:///C:/Users/avezk/And
roidStudioProjects/GlyphV3/ap
p/src/main/java/com/glyph/gly
ph_v3/data/repo/GroupChatRepo
sitory.kt:1529:52 Unresolved 
reference 'originalSize'.
e: file:///C:/Users/avezk/And
roidStudioProjects/GlyphV3/ap
p/src/main/java/com/glyph/gly
ph_v3/data/repo/GroupChatRepo
sitory.kt:1552:54 Unresolved 
reference 'duration'.
e: file:///C:/Users/avezk/And
roidStudioProjects/GlyphV3/ap
p/src/main/java/com/glyph/gly
ph_v3/data/repo/GroupChatRepo
sitory.kt:1553:54 Unresolved 
reference 'originalSize'.
e: file:///C:/Users/avezk/And
roidStudioProjects/GlyphV3/ap
p/src/main/java/com/glyph/gly
ph_v3/data/repo/GroupChatRepo
sitory.kt:1554:51 Unresolved 
reference 'width'.
e: file:///C:/Users/avezk/And
roidStudioProjects/GlyphV3/ap
p/src/main/java/com/glyph/gly
ph_v3/data/repo/GroupChatRepo
sitory.kt:1555:52 Unresolved 
reference 'height'.

> Task :app:compileDebugKotlin FAILED

FAILURE: Build failed with 
an exception.

* What went wrong:
Execution failed for task 
':app:compileDebugKotlin'.
> A failure occurred while 
executing org.jetbrains.kotli
n.compilerRunner.GradleCompil
erRunnerWithWorkers$GradleKot
linCompilerWorkAction
   > Compilation error. See 
log for more details

* Try:
> Run with --stacktrace 
option to get the stack 
trace.
> Run with --info or --debug 
option to get more log 
output.
> Run with --scan to get 
full insights from a Build 
Scan (powered by Develocity).
> Get more help at 
https://help.gradle.org.

BUILD FAILED in 3m 11s
21 actionable tasks: 2 executed, 19 up-to-date
