To honour the JVM settings for this build a single-use Daemon process will be forked. For more on this, please refer to https://docs.gradle.org/8.13/userguide/gradle_daemon.html#sec:disabling_the_daemon in the Gradle documentation.
Daemon will be stopped at the end of the build 

> Configure project :app
w: file:///C:/Users/avezk/AndroidStudioProjects/GlyphV3/app/build.gradle.kts:72:9: 'enableStrongSkippingMode: Property<Boolean>' is deprecated. Use the featureFlags option instead

> Task :app:checkKotlinGradlePluginConfigurationErrors SKIPPED
> Task :app:preBuild UP-TO-DATE
> Task :app:preDebugBuild UP-TO-DATE
> Task :app:dataBindingMergeDependencyArtifactsDebug UP-TO-DATE
> Task :app:generateDebugResValues UP-TO-DATE
> Task :app:generateDebugResources
> Task :app:processDebugGoogleServices UP-TO-DATE
> Task :app:packageDebugResources
> Task :app:processDebugNavigationResources
> Task :app:generateDebugBuildConfig UP-TO-DATE
> Task :app:checkDebugAarMetadata UP-TO-DATE
> Task :app:mergeDebugResources
> Task :app:compileDebugNavigationResources UP-TO-DATE
> Task :app:mapDebugSourceSetPaths
> Task :app:createDebugCompatibleScreenManifests UP-TO-DATE
> Task :app:extractDeepLinksDebug UP-TO-DATE
> Task :app:parseDebugLocalResources
> Task :app:processDebugMainManifest
> Task :app:dataBindingGenBaseClassesDebug
> Task :app:processDebugManifest
> Task :app:processDebugManifestForPackage
> Task :app:processDebugResources
> Task :app:kspDebugKotlin
> Task :app:compileDebugKotlin
.\gradlew.bat : e: file:///C:/Users/avez
k/AndroidStudioProjects/GlyphV3/app/src/
main/java/com/glyph/glyph_v3/ui/chat/Cha
tActivity.kt:2450:16 'when' expression 
must be exhaustive. Add the 'GIF', 
'STICKER' branches or an 'else' branch.
At line:1 char:1
+ .\gradlew.bat :app:compileDebugKotlin 
--no-daemon --console=plain 2>& ...
+ ~~~~~~~~~~~~~~~~~~~~~~~~~~~~~~~~~~~~~~
~~~~~~~~~~~~~~~~~~~~~~~~~~~~~~~
    + CategoryInfo          : NotSpecif 
   ied: (e: file:///C:/U... 'else' bra  
  nch.:String) [], RemoteException
    + FullyQualifiedErrorId : NativeCom 
   mandError
 
e: file:///C:/Users/avezk/AndroidStudioP
rojects/GlyphV3/app/src/main/java/com/gl
yph/glyph_v3/ui/chat/ChatAdapter.kt:278:
21 'when' expression must be 
exhaustive. Add the 'GIF', 'STICKER' 
branches or an 'else' branch.
e: file:///C:/Users/avezk/AndroidStudioP
rojects/GlyphV3/app/src/main/java/com/gl
yph/glyph_v3/ui/chat/ChatAdapter.kt:287:
21 'when' expression must be 
exhaustive. Add the 'GIF', 'STICKER' 
branches or an 'else' branch.
e: file:///C:/Users/avezk/AndroidStudioP
rojects/GlyphV3/app/src/main/java/com/gl
yph/glyph_v3/ui/chat/OptimizedMessageCom
ponents.kt:368:13 'when' expression 
must be exhaustive. Add the 'GIF', 
'STICKER' branches or an 'else' branch.

> Task :app:compileDebugKotlin FAILED

FAILURE: Build failed with an exception.

* What went wrong:
Execution failed for task 
':app:compileDebugKotlin'.
> A failure occurred while executing org
.jetbrains.kotlin.compilerRunner.GradleC
ompilerRunnerWithWorkers$GradleKotlinCom
pilerWorkAction
   > Compilation error. See log for 
more details

* Try:
> Run with --stacktrace option to get 
the stack trace.
> Run with --info or --debug option to 
get more log output.
> Run with --scan to get full insights.
> Get more help at 
https://help.gradle.org.

BUILD FAILED in 2m 32s
21 actionable tasks: 13 executed, 8 up-to-date
