To honour the JVM settings for this build a single-use Daemon process will be forked. For more on this, please refer to https://docs.gradle.org/8.13/userguide/gradle_daemon.html#sec:disabling_the_daemon in the Gradle documentation.
Daemon will be stopped at the end of the build 
> Task :app:checkKotlinGradlePluginConfigurationErrors SKIPPED
> Task :app:preBuild UP-TO-DATE
> Task :app:preDebugBuild UP-TO-DATE
> Task :app:dataBindingMergeDependencyArtifactsDebug UP-TO-DATE
> Task :app:generateDebugResValues UP-TO-DATE
> Task :app:generateDebugResources UP-TO-DATE
> Task :app:processDebugGoogleServices UP-TO-DATE
> Task :app:mergeDebugResources UP-TO-DATE
> Task :app:packageDebugResources UP-TO-DATE
> Task :app:processDebugNavigationResources UP-TO-DATE
> Task :app:parseDebugLocalResources UP-TO-DATE
> Task :app:dataBindingGenBaseClassesDebug UP-TO-DATE
> Task :app:generateDebugBuildConfig UP-TO-DATE
> Task :app:checkDebugAarMetadata UP-TO-DATE
> Task :app:compileDebugNavigationResources UP-TO-DATE
> Task :app:mapDebugSourceSetPaths UP-TO-DATE
> Task :app:createDebugCompatibleScreenManifests UP-TO-DATE
> Task :app:extractDeepLinksDebug UP-TO-DATE
> Task :app:processDebugMainManifest UP-TO-DATE
> Task :app:processDebugManifest UP-TO-DATE
> Task :app:processDebugManifestForPackage UP-TO-DATE
> Task :app:processDebugResources UP-TO-DATE
> Task :app:kspDebugKotlin
> Task :app:compileDebugKotlin
w: file:///C:/Users/avezk/AndroidStudioProjects/GlyphV3/app/src/main/java/com/glyph/glyph_v3/data/repo/WalkieTalkieRepository.kt:303:34 This declaration needs opt-in. Its usage should be marked with '@kotlinx.coroutines.ExperimentalCoroutinesApi' or '@OptIn(kotlinx.coroutines.ExperimentalCoroutinesApi::class)'
w: file:///C:/Users/avezk/AndroidStudioProjects/GlyphV3/app/src/main/java/com/glyph/glyph_v3/data/repo/WalkieTalkieRepository.kt:339:34 This declaration needs opt-in. Its usage should be marked with '@kotlinx.coroutines.ExperimentalCoroutinesApi' or '@OptIn(kotlinx.coroutines.ExperimentalCoroutinesApi::class)'
w: file:///C:/Users/avezk/AndroidStudioProjects/GlyphV3/app/src/main/java/com/glyph/glyph_v3/data/service/LiveAudioSharingManager.kt:186:46 'var isSpeakerphoneOn: Boolean' is deprecated. Deprecated in Java.
w: file:///C:/Users/avezk/AndroidStudioProjects/GlyphV3/app/src/main/java/com/glyph/glyph_v3/data/service/LiveAudioSharingManager.kt:502:22 'var isSpeakerphoneOn: Boolean' is deprecated. Deprecated in Java.
w: file:///C:/Users/avezk/AndroidStudioProjects/GlyphV3/app/src/main/java/com/glyph/glyph_v3/data/service/WalkieTalkieManager.kt:931:44 'var isSpeakerphoneOn: Boolean' is deprecated. Deprecated in Java.
w: file:///C:/Users/avezk/AndroidStudioProjects/GlyphV3/app/src/main/java/com/glyph/glyph_v3/data/service/WalkieTalkieManager.kt:936:22 'var isSpeakerphoneOn: Boolean' is deprecated. Deprecated in Java.
w: file:///C:/Users/avezk/AndroidStudioProjects/GlyphV3/app/src/main/java/com/glyph/glyph_v3/data/service/WalkieTalkieManager.kt:944:30 'var isSpeakerphoneOn: Boolean' is deprecated. Deprecated in Java.
w: file:///C:/Users/avezk/AndroidStudioProjects/GlyphV3/app/src/main/java/com/glyph/glyph_v3/ui/liveaudio/LiveAudioIncomingActivity.kt:128:13 'fun overridePendingTransition(p0: Int, p1: Int): Unit' is deprecated. Deprecated in Java.
w: file:///C:/Users/avezk/AndroidStudioProjects/GlyphV3/app/src/main/java/com/glyph/glyph_v3/ui/status/LayoutStatusEditorScreen.kt:938:48 'val Icons.Filled.ArrowBack: ImageVector' is deprecated. Use the AutoMirrored version at Icons.AutoMirrored.Filled.ArrowBack.

BUILD SUCCESSFUL in 5m 5s
21 actionable tasks: 2 executed, 19 up-to-date
