#
# There is insufficient memory for the Java Runtime Environment to continue.
# Native memory allocation (mmap) failed to map 138412032 bytes. Error detail: G1 virtual space
# Possible reasons:
#   The system is out of physical RAM or swap space
#   This process is running with CompressedOops enabled, and the Java Heap may be blocking the growth of the native heap
# Possible solutions:
#   Reduce memory load on the system
#   Increase physical memory or swap space
#   Check if swap backing store is full
#   Decrease Java heap size (-Xmx/-Xms)
#   Decrease number of Java threads
#   Decrease Java thread stack sizes (-Xss)
#   Set larger code cache with -XX:ReservedCodeCacheSize=
#   JVM is running with Zero Based Compressed Oops mode in which the Java heap is
#     placed in the first 32GB address space. The Java Heap base address is the
#     maximum limit for the native heap growth. Please use -XX:HeapBaseMinAddress
#     to set the Java Heap base and to place the Java Heap above 32GB virtual address.
# This output file may be truncated or incomplete.
#
#  Out of Memory Error (os_windows.cpp:3925), pid=14016, tid=7116
#
# JRE version: OpenJDK Runtime Environment (21.0.8) (build 21.0.8+-14196175-b1038.72)
# Java VM: OpenJDK 64-Bit Server VM (21.0.8+-14196175-b1038.72, mixed mode, tiered, compressed oops, compressed class ptrs, g1 gc, windows-amd64)
# No core dump will be written. Minidumps are not enabled by default on client versions of Windows
#

---------------  S U M M A R Y ------------

Command Line: org.jetbrains.kotlin.cli.jvm.K2JVMCompiler @C:\Users\avezk\AndroidStudioProjects\GlyphV3\app\build\20251224_5960687504856887493.compiler.options

Host: Intel(R) Core(TM) i5-2320 CPU @ 3.00GHz, 4 cores, 15G,  Windows 10 , 64 bit Build 19041 (10.0.19041.5915)
Time: Wed Dec 24 00:13:44 2025 India Standard Time elapsed time: 50.101026 seconds (0d 0h 0m 50s)

---------------  T H R E A D  ---------------

Current thread (0x000001b9b6178470):  VMThread "VM Thread"          [id=7116, stack(0x0000005d94100000,0x0000005d94200000) (1024K)]

Stack: [0x0000005d94100000,0x0000005d94200000]
Native frames: (J=compiled Java code, j=interpreted, Vv=VM code, C=native code)
V  [jvm.dll+0x6d68d9]
V  [jvm.dll+0x866693]
V  [jvm.dll+0x868c4e]
V  [jvm.dll+0x869333]
V  [jvm.dll+0x280566]
V  [jvm.dll+0x6d3195]
V  [jvm.dll+0x6c69ea]
V  [jvm.dll+0x3586db]
V  [jvm.dll+0x360336]
V  [jvm.dll+0x3b23f6]
V  [jvm.dll+0x3b26c8]
V  [jvm.dll+0x32ae6c]
V  [jvm.dll+0x32aef7]
V  [jvm.dll+0x370d3c]
V  [jvm.dll+0x36f4ee]
V  [jvm.dll+0x32a5c1]
V  [jvm.dll+0x36ef1b]
V  [jvm.dll+0x86f0b8]
V  [jvm.dll+0x870434]
V  [jvm.dll+0x870970]
V  [jvm.dll+0x870c03]
V  [jvm.dll+0x80eac8]
V  [jvm.dll+0x6d512d]
C  [ucrtbase.dll+0x21bb2]
C  [KERNEL32.DLL+0x17374]
C  [ntdll.dll+0x4cc91]

VM_Operation (0x0000005d94afe0c0): G1TryInitiateConcMark, mode: safepoint, requested by thread 0x000001b9b61e7bb0


---------------  P R O C E S S  ---------------

Threads class SMR info:
_java_thread_list=0x000001b9be821d70, length=12, elements={
0x000001b99c9f38f0, 0x000001b9b61c3430, 0x000001b9b61df860, 0x000001b9b61e1ee0,
0x000001b9b61fda40, 0x000001b9b61fe4a0, 0x000001b9b61fef00, 0x000001b9b6200170,
0x000001b9b61e7110, 0x000001b9b61e7bb0, 0x000001b9b6394e40, 0x000001b9bd932be0
}

Java Threads: ( => current thread )
  0x000001b99c9f38f0 JavaThread "main"                              [_thread_blocked, id=16304, stack(0x0000005d93a00000,0x0000005d93b00000) (1024K)]
  0x000001b9b61c3430 JavaThread "Common-Cleaner"             daemon [_thread_blocked, id=1144, stack(0x0000005d94200000,0x0000005d94300000) (1024K)]
  0x000001b9b61df860 JavaThread "Reference Handler"          daemon [_thread_blocked, id=15680, stack(0x0000005d94300000,0x0000005d94400000) (1024K)]
  0x000001b9b61e1ee0 JavaThread "Finalizer"                  daemon [_thread_blocked, id=15556, stack(0x0000005d94400000,0x0000005d94500000) (1024K)]
  0x000001b9b61fda40 JavaThread "Signal Dispatcher"          daemon [_thread_blocked, id=14544, stack(0x0000005d94500000,0x0000005d94600000) (1024K)]
  0x000001b9b61fe4a0 JavaThread "Attach Listener"            daemon [_thread_blocked, id=3220, stack(0x0000005d94600000,0x0000005d94700000) (1024K)]
  0x000001b9b61fef00 JavaThread "Service Thread"             daemon [_thread_blocked, id=15040, stack(0x0000005d94700000,0x0000005d94800000) (1024K)]
  0x000001b9b6200170 JavaThread "Monitor Deflation Thread"   daemon [_thread_blocked, id=11716, stack(0x0000005d94800000,0x0000005d94900000) (1024K)]
  0x000001b9b61e7110 JavaThread "C2 CompilerThread0"         daemon [_thread_in_native, id=8552, stack(0x0000005d94900000,0x0000005d94a00000) (1024K)]
  0x000001b9b61e7bb0 JavaThread "C1 CompilerThread0"         daemon [_thread_blocked, id=14204, stack(0x0000005d94a00000,0x0000005d94b00000) (1024K)]
  0x000001b9b6394e40 JavaThread "Notification Thread"        daemon [_thread_blocked, id=1224, stack(0x0000005d94b00000,0x0000005d94c00000) (1024K)]
  0x000001b9bd932be0 JavaThread "C2 CompilerThread1"         daemon [_thread_blocked, id=4620, stack(0x0000005d94c00000,0x0000005d94d00000) (1024K)]
Total: 12

Other Threads:
=>0x000001b9b6178470 VMThread "VM Thread"                           [id=7116, stack(0x0000005d94100000,0x0000005d94200000) (1024K)]
  0x000001b9b5fb5f80 WatcherThread "VM Periodic Task Thread"        [id=2564, stack(0x0000005d94000000,0x0000005d94100000) (1024K)]
  0x000001b99ca58d10 WorkerThread "GC Thread#0"                     [id=10640, stack(0x0000005d93b00000,0x0000005d93c00000) (1024K)]
  0x000001b9b68aa3f0 WorkerThread "GC Thread#1"                     [id=7484, stack(0x0000005d94d00000,0x0000005d94e00000) (1024K)]
  0x000001b9b68de4e0 WorkerThread "GC Thread#2"                     [id=12484, stack(0x0000005d94e00000,0x0000005d94f00000) (1024K)]
  0x000001b9b68dec90 WorkerThread "GC Thread#3"                     [id=9952, stack(0x0000005d94f00000,0x0000005d95000000) (1024K)]
  0x000001b99ca69d30 ConcurrentGCThread "G1 Main Marker"            [id=11596, stack(0x0000005d93c00000,0x0000005d93d00000) (1024K)]
  0x000001b99ca6bfe0 WorkerThread "G1 Conc#0"                       [id=10212, stack(0x0000005d93d00000,0x0000005d93e00000) (1024K)]
  0x000001b99cabe040 ConcurrentGCThread "G1 Refine#0"               [id=5720, stack(0x0000005d93e00000,0x0000005d93f00000) (1024K)]
  0x000001b99cabebb0 ConcurrentGCThread "G1 Service"                [id=12900, stack(0x0000005d93f00000,0x0000005d94000000) (1024K)]
Total: 10

Threads with active compile tasks:
C2 CompilerThread0  50126 27060       4       kotlin.collections.CollectionsKt___CollectionsKt::drop (293 bytes)
C1 CompilerThread0  50126 27156       3       org.jetbrains.kotlin.backend.jvm.ir.JvmIrCoroutineUtilsKt::isReadOfCrossinline (100 bytes)
C2 CompilerThread1  50126 27143       4       org.jetbrains.kotlin.ir.types.IrTypeSystemContextKt::extractTypeParameters (250 bytes)
Total: 3

VM state: at safepoint (normal execution)

VM Mutex/Monitor currently owned by a thread:  ([mutex/lock_event])
[0x00007ffe261085b8] Threads_lock - owner thread: 0x000001b9b6178470
[0x00007ffe261086b8] Heap_lock - owner thread: 0x000001b9b61e7bb0

Heap address: 0x0000000701200000, size: 4078 MB, Compressed Oops mode: Zero based, Oop shift amount: 3

CDS archive(s) not mapped
Compressed class space mapped at: 0x0000000800000000-0x0000000840000000, reserved size: 1073741824
Narrow klass base: 0x0000000800000000, Narrow klass shift: 0, Narrow klass range: 0x40000000

GC Precious Log:
 CardTable entry size: 512
 Card Set container configuration: InlinePtr #cards 4 size 8 Array Of Cards #cards 16 size 48 Howl #buckets 8 coarsen threshold 3686 Howl Bitmap #cards 512 size 80 coarsen threshold 460 Card regions per heap region 1 cards per card region 4096
 CPUs: 4 total, 4 available
 Memory: 16310M
 Large Page Support: Disabled
 NUMA Support: Disabled
 Compressed Oops: Enabled (Zero based)
 Heap Region Size: 2M
 Heap Min Capacity: 8M
 Heap Initial Capacity: 256M
 Heap Max Capacity: 4078M
 Pre-touch: Disabled
 Parallel Workers: 4
 Concurrent Workers: 1
 Concurrent Refinement Workers: 4
 Periodic GC: Disabled

Heap:
 garbage-first heap   total 501760K, used 355125K [0x0000000701200000, 0x0000000800000000)
  region size 2048K, 5 young (10240K), 5 survivors (10240K)
 Metaspace       used 101812K, committed 102208K, reserved 1179648K
  class space    used 10329K, committed 10496K, reserved 1048576K

Heap Regions: E=young(eden), S=young(survivor), O=old, HS=humongous(starts), HC=humongous(continues), CS=collection set, F=free, TAMS=top-at-mark-start, PB=parsable bottom
|   0|0x0000000701200000, 0x0000000701400000, 0x0000000701400000|100%|HS|  |TAMS 0x0000000701400000| PB 0x0000000701200000| Complete 
|   1|0x0000000701400000, 0x0000000701600000, 0x0000000701600000|100%|HC|  |TAMS 0x0000000701600000| PB 0x0000000701400000| Complete 
|   2|0x0000000701600000, 0x0000000701800000, 0x0000000701800000|100%| O|  |TAMS 0x0000000701800000| PB 0x0000000701600000| Untracked 
|   3|0x0000000701800000, 0x0000000701a00000, 0x0000000701a00000|100%| O|  |TAMS 0x0000000701a00000| PB 0x0000000701800000| Untracked 
|   4|0x0000000701a00000, 0x0000000701c00000, 0x0000000701c00000|100%| O|  |TAMS 0x0000000701c00000| PB 0x0000000701a00000| Untracked 
|   5|0x0000000701c00000, 0x0000000701e00000, 0x0000000701e00000|100%| O|  |TAMS 0x0000000701e00000| PB 0x0000000701c00000| Untracked 
|   6|0x0000000701e00000, 0x0000000702000000, 0x0000000702000000|100%| O|  |TAMS 0x0000000702000000| PB 0x0000000701e00000| Untracked 
|   7|0x0000000702000000, 0x0000000702200000, 0x0000000702200000|100%| O|  |TAMS 0x0000000702200000| PB 0x0000000702000000| Untracked 
|   8|0x0000000702200000, 0x0000000702400000, 0x0000000702400000|100%| O|  |TAMS 0x0000000702400000| PB 0x0000000702200000| Untracked 
|   9|0x0000000702400000, 0x0000000702600000, 0x0000000702600000|100%| O|  |TAMS 0x0000000702600000| PB 0x0000000702400000| Untracked 
|  10|0x0000000702600000, 0x0000000702800000, 0x0000000702800000|100%| O|  |TAMS 0x0000000702800000| PB 0x0000000702600000| Untracked 
|  11|0x0000000702800000, 0x0000000702a00000, 0x0000000702a00000|100%| O|  |TAMS 0x0000000702a00000| PB 0x0000000702800000| Untracked 
|  12|0x0000000702a00000, 0x0000000702c00000, 0x0000000702c00000|100%| O|  |TAMS 0x0000000702c00000| PB 0x0000000702a00000| Untracked 
|  13|0x0000000702c00000, 0x0000000702e00000, 0x0000000702e00000|100%| O|  |TAMS 0x0000000702e00000| PB 0x0000000702c00000| Untracked 
|  14|0x0000000702e00000, 0x0000000703000000, 0x0000000703000000|100%| O|  |TAMS 0x0000000703000000| PB 0x0000000702e00000| Untracked 
|  15|0x0000000703000000, 0x0000000703200000, 0x0000000703200000|100%| O|  |TAMS 0x0000000703200000| PB 0x0000000703000000| Untracked 
|  16|0x0000000703200000, 0x0000000703400000, 0x0000000703400000|100%| O|  |TAMS 0x0000000703400000| PB 0x0000000703200000| Untracked 
|  17|0x0000000703400000, 0x0000000703600000, 0x0000000703600000|100%| O|  |TAMS 0x0000000703600000| PB 0x0000000703400000| Untracked 
|  18|0x0000000703600000, 0x0000000703800000, 0x0000000703800000|100%| O|  |TAMS 0x0000000703800000| PB 0x0000000703600000| Untracked 
|  19|0x0000000703800000, 0x0000000703a00000, 0x0000000703a00000|100%| O|  |TAMS 0x0000000703a00000| PB 0x0000000703800000| Untracked 
|  20|0x0000000703a00000, 0x0000000703c00000, 0x0000000703c00000|100%| O|  |TAMS 0x0000000703c00000| PB 0x0000000703a00000| Untracked 
|  21|0x0000000703c00000, 0x0000000703e00000, 0x0000000703e00000|100%| O|  |TAMS 0x0000000703e00000| PB 0x0000000703c00000| Untracked 
|  22|0x0000000703e00000, 0x0000000704000000, 0x0000000704000000|100%| O|  |TAMS 0x0000000704000000| PB 0x0000000703e00000| Untracked 
|  23|0x0000000704000000, 0x0000000704200000, 0x0000000704200000|100%| O|  |TAMS 0x0000000704200000| PB 0x0000000704000000| Untracked 
|  24|0x0000000704200000, 0x0000000704400000, 0x0000000704400000|100%| O|  |TAMS 0x0000000704400000| PB 0x0000000704200000| Untracked 
|  25|0x0000000704400000, 0x0000000704600000, 0x0000000704600000|100%| O|  |TAMS 0x0000000704600000| PB 0x0000000704400000| Untracked 
|  26|0x0000000704600000, 0x0000000704800000, 0x0000000704800000|100%| O|  |TAMS 0x0000000704800000| PB 0x0000000704600000| Untracked 
|  27|0x0000000704800000, 0x0000000704a00000, 0x0000000704a00000|100%| O|  |TAMS 0x0000000704a00000| PB 0x0000000704800000| Untracked 
|  28|0x0000000704a00000, 0x0000000704c00000, 0x0000000704c00000|100%| O|  |TAMS 0x0000000704c00000| PB 0x0000000704a00000| Untracked 
|  29|0x0000000704c00000, 0x0000000704e00000, 0x0000000704e00000|100%| O|  |TAMS 0x0000000704e00000| PB 0x0000000704c00000| Untracked 
|  30|0x0000000704e00000, 0x0000000705000000, 0x0000000705000000|100%| O|  |TAMS 0x0000000705000000| PB 0x0000000704e00000| Untracked 
|  31|0x0000000705000000, 0x0000000705200000, 0x0000000705200000|100%| O|  |TAMS 0x0000000705200000| PB 0x0000000705000000| Untracked 
|  32|0x0000000705200000, 0x0000000705400000, 0x0000000705400000|100%| O|  |TAMS 0x0000000705400000| PB 0x0000000705200000| Untracked 
|  33|0x0000000705400000, 0x0000000705600000, 0x0000000705600000|100%| O|  |TAMS 0x0000000705600000| PB 0x0000000705400000| Untracked 
|  34|0x0000000705600000, 0x0000000705800000, 0x0000000705800000|100%| O|  |TAMS 0x0000000705800000| PB 0x0000000705600000| Untracked 
|  35|0x0000000705800000, 0x0000000705a00000, 0x0000000705a00000|100%| O|  |TAMS 0x0000000705a00000| PB 0x0000000705800000| Untracked 
|  36|0x0000000705a00000, 0x0000000705c00000, 0x0000000705c00000|100%| O|  |TAMS 0x0000000705c00000| PB 0x0000000705a00000| Untracked 
|  37|0x0000000705c00000, 0x0000000705e00000, 0x0000000705e00000|100%| O|  |TAMS 0x0000000705e00000| PB 0x0000000705c00000| Untracked 
|  38|0x0000000705e00000, 0x0000000706000000, 0x0000000706000000|100%| O|  |TAMS 0x0000000706000000| PB 0x0000000705e00000| Untracked 
|  39|0x0000000706000000, 0x0000000706200000, 0x0000000706200000|100%| O|  |TAMS 0x0000000706200000| PB 0x0000000706000000| Untracked 
|  40|0x0000000706200000, 0x0000000706400000, 0x0000000706400000|100%| O|  |TAMS 0x0000000706400000| PB 0x0000000706200000| Untracked 
|  41|0x0000000706400000, 0x0000000706600000, 0x0000000706600000|100%| O|  |TAMS 0x0000000706600000| PB 0x0000000706400000| Untracked 
|  42|0x0000000706600000, 0x0000000706800000, 0x0000000706800000|100%| O|  |TAMS 0x0000000706800000| PB 0x0000000706600000| Untracked 
|  43|0x0000000706800000, 0x0000000706a00000, 0x0000000706a00000|100%| O|  |TAMS 0x0000000706a00000| PB 0x0000000706800000| Untracked 
|  44|0x0000000706a00000, 0x0000000706c00000, 0x0000000706c00000|100%| O|  |TAMS 0x0000000706c00000| PB 0x0000000706a00000| Untracked 
|  45|0x0000000706c00000, 0x0000000706e00000, 0x0000000706e00000|100%| O|  |TAMS 0x0000000706e00000| PB 0x0000000706c00000| Untracked 
|  46|0x0000000706e00000, 0x0000000707000000, 0x0000000707000000|100%| O|  |TAMS 0x0000000707000000| PB 0x0000000706e00000| Untracked 
|  47|0x0000000707000000, 0x0000000707200000, 0x0000000707200000|100%| O|  |TAMS 0x0000000707200000| PB 0x0000000707000000| Untracked 
|  48|0x0000000707200000, 0x0000000707400000, 0x0000000707400000|100%| O|  |TAMS 0x0000000707400000| PB 0x0000000707200000| Untracked 
|  49|0x0000000707400000, 0x0000000707600000, 0x0000000707600000|100%| O|  |TAMS 0x0000000707600000| PB 0x0000000707400000| Untracked 
|  50|0x0000000707600000, 0x0000000707800000, 0x0000000707800000|100%| O|  |TAMS 0x0000000707800000| PB 0x0000000707600000| Untracked 
|  51|0x0000000707800000, 0x0000000707a00000, 0x0000000707a00000|100%| O|  |TAMS 0x0000000707a00000| PB 0x0000000707800000| Untracked 
|  52|0x0000000707a00000, 0x0000000707c00000, 0x0000000707c00000|100%| O|  |TAMS 0x0000000707c00000| PB 0x0000000707a00000| Untracked 
|  53|0x0000000707c00000, 0x0000000707e00000, 0x0000000707e00000|100%| O|  |TAMS 0x0000000707e00000| PB 0x0000000707c00000| Untracked 
|  54|0x0000000707e00000, 0x0000000708000000, 0x0000000708000000|100%| O|  |TAMS 0x0000000707e00000| PB 0x0000000707e00000| Untracked 
|  55|0x0000000708000000, 0x0000000708200000, 0x0000000708200000|100%| O|  |TAMS 0x0000000708200000| PB 0x0000000708000000| Untracked 
|  56|0x0000000708200000, 0x0000000708400000, 0x0000000708400000|100%| O|  |TAMS 0x0000000708400000| PB 0x0000000708200000| Untracked 
|  57|0x0000000708400000, 0x0000000708600000, 0x0000000708600000|100%| O|  |TAMS 0x0000000708600000| PB 0x0000000708400000| Untracked 
|  58|0x0000000708600000, 0x0000000708800000, 0x0000000708800000|100%| O|  |TAMS 0x0000000708800000| PB 0x0000000708600000| Untracked 
|  59|0x0000000708800000, 0x0000000708a00000, 0x0000000708a00000|100%| O|  |TAMS 0x0000000708a00000| PB 0x0000000708800000| Untracked 
|  60|0x0000000708a00000, 0x0000000708c00000, 0x0000000708c00000|100%| O|  |TAMS 0x0000000708c00000| PB 0x0000000708a00000| Untracked 
|  61|0x0000000708c00000, 0x0000000708e00000, 0x0000000708e00000|100%| O|  |TAMS 0x0000000708e00000| PB 0x0000000708c00000| Untracked 
|  62|0x0000000708e00000, 0x0000000709000000, 0x0000000709000000|100%| O|  |TAMS 0x0000000709000000| PB 0x0000000708e00000| Untracked 
|  63|0x0000000709000000, 0x0000000709200000, 0x0000000709200000|100%| O|  |TAMS 0x0000000709200000| PB 0x0000000709000000| Untracked 
|  64|0x0000000709200000, 0x0000000709400000, 0x0000000709400000|100%| O|  |TAMS 0x0000000709400000| PB 0x0000000709200000| Untracked 
|  65|0x0000000709400000, 0x0000000709600000, 0x0000000709600000|100%| O|  |TAMS 0x0000000709600000| PB 0x0000000709400000| Untracked 
|  66|0x0000000709600000, 0x0000000709800000, 0x0000000709800000|100%| O|  |TAMS 0x0000000709800000| PB 0x0000000709600000| Untracked 
|  67|0x0000000709800000, 0x0000000709a00000, 0x0000000709a00000|100%| O|  |TAMS 0x0000000709a00000| PB 0x0000000709800000| Untracked 
|  68|0x0000000709a00000, 0x0000000709c00000, 0x0000000709c00000|100%| O|  |TAMS 0x0000000709c00000| PB 0x0000000709a00000| Untracked 
|  69|0x0000000709c00000, 0x0000000709e00000, 0x0000000709e00000|100%| O|  |TAMS 0x0000000709e00000| PB 0x0000000709c00000| Untracked 
|  70|0x0000000709e00000, 0x000000070a000000, 0x000000070a000000|100%| O|  |TAMS 0x000000070a000000| PB 0x0000000709e00000| Untracked 
|  71|0x000000070a000000, 0x000000070a200000, 0x000000070a200000|100%| O|  |TAMS 0x000000070a200000| PB 0x000000070a000000| Untracked 
|  72|0x000000070a200000, 0x000000070a400000, 0x000000070a400000|100%| O|  |TAMS 0x000000070a400000| PB 0x000000070a200000| Untracked 
|  73|0x000000070a400000, 0x000000070a600000, 0x000000070a600000|100%| O|  |TAMS 0x000000070a600000| PB 0x000000070a400000| Untracked 
|  74|0x000000070a600000, 0x000000070a800000, 0x000000070a800000|100%| O|  |TAMS 0x000000070a800000| PB 0x000000070a600000| Untracked 
|  75|0x000000070a800000, 0x000000070aa00000, 0x000000070aa00000|100%| O|  |TAMS 0x000000070aa00000| PB 0x000000070a800000| Untracked 
|  76|0x000000070aa00000, 0x000000070ac00000, 0x000000070ac00000|100%| O|  |TAMS 0x000000070ac00000| PB 0x000000070aa00000| Untracked 
|  77|0x000000070ac00000, 0x000000070ae00000, 0x000000070ae00000|100%| O|  |TAMS 0x000000070ae00000| PB 0x000000070ac00000| Untracked 
|  78|0x000000070ae00000, 0x000000070b000000, 0x000000070b000000|100%| O|  |TAMS 0x000000070b000000| PB 0x000000070ae00000| Untracked 
|  79|0x000000070b000000, 0x000000070b200000, 0x000000070b200000|100%| O|  |TAMS 0x000000070b200000| PB 0x000000070b000000| Untracked 
|  80|0x000000070b200000, 0x000000070b400000, 0x000000070b400000|100%| O|  |TAMS 0x000000070b400000| PB 0x000000070b200000| Untracked 
|  81|0x000000070b400000, 0x000000070b600000, 0x000000070b600000|100%| O|  |TAMS 0x000000070b600000| PB 0x000000070b400000| Untracked 
|  82|0x000000070b600000, 0x000000070b800000, 0x000000070b800000|100%| O|  |TAMS 0x000000070b800000| PB 0x000000070b600000| Untracked 
|  83|0x000000070b800000, 0x000000070ba00000, 0x000000070ba00000|100%| O|  |TAMS 0x000000070ba00000| PB 0x000000070b800000| Untracked 
|  84|0x000000070ba00000, 0x000000070bc00000, 0x000000070bc00000|100%| O|  |TAMS 0x000000070bc00000| PB 0x000000070ba00000| Untracked 
|  85|0x000000070bc00000, 0x000000070be00000, 0x000000070be00000|100%| O|  |TAMS 0x000000070be00000| PB 0x000000070bc00000| Untracked 
|  86|0x000000070be00000, 0x000000070c000000, 0x000000070c000000|100%| O|  |TAMS 0x000000070c000000| PB 0x000000070be00000| Untracked 
|  87|0x000000070c000000, 0x000000070c200000, 0x000000070c200000|100%| O|  |TAMS 0x000000070c200000| PB 0x000000070c000000| Untracked 
|  88|0x000000070c200000, 0x000000070c400000, 0x000000070c400000|100%| O|  |TAMS 0x000000070c400000| PB 0x000000070c200000| Untracked 
|  89|0x000000070c400000, 0x000000070c600000, 0x000000070c600000|100%| O|  |TAMS 0x000000070c600000| PB 0x000000070c400000| Untracked 
|  90|0x000000070c600000, 0x000000070c800000, 0x000000070c800000|100%| O|  |TAMS 0x000000070c800000| PB 0x000000070c600000| Untracked 
|  91|0x000000070c800000, 0x000000070ca00000, 0x000000070ca00000|100%| O|  |TAMS 0x000000070ca00000| PB 0x000000070c800000| Untracked 
|  92|0x000000070ca00000, 0x000000070cc00000, 0x000000070cc00000|100%| O|  |TAMS 0x000000070cc00000| PB 0x000000070ca00000| Untracked 
|  93|0x000000070cc00000, 0x000000070ce00000, 0x000000070ce00000|100%| O|  |TAMS 0x000000070ce00000| PB 0x000000070cc00000| Untracked 
|  94|0x000000070ce00000, 0x000000070d000000, 0x000000070d000000|100%| O|  |TAMS 0x000000070d000000| PB 0x000000070ce00000| Untracked 
|  95|0x000000070d000000, 0x000000070d200000, 0x000000070d200000|100%| O|  |TAMS 0x000000070d200000| PB 0x000000070d000000| Untracked 
|  96|0x000000070d200000, 0x000000070d400000, 0x000000070d400000|100%| O|  |TAMS 0x000000070d400000| PB 0x000000070d200000| Untracked 
|  97|0x000000070d400000, 0x000000070d600000, 0x000000070d600000|100%| O|  |TAMS 0x000000070d600000| PB 0x000000070d400000| Untracked 
|  98|0x000000070d600000, 0x000000070d800000, 0x000000070d800000|100%| O|  |TAMS 0x000000070d800000| PB 0x000000070d600000| Untracked 
|  99|0x000000070d800000, 0x000000070da00000, 0x000000070da00000|100%| O|  |TAMS 0x000000070da00000| PB 0x000000070d800000| Untracked 
| 100|0x000000070da00000, 0x000000070dc00000, 0x000000070dc00000|100%| O|  |TAMS 0x000000070dc00000| PB 0x000000070da00000| Untracked 
| 101|0x000000070dc00000, 0x000000070de00000, 0x000000070de00000|100%| O|  |TAMS 0x000000070de00000| PB 0x000000070dc00000| Untracked 
| 102|0x000000070de00000, 0x000000070e000000, 0x000000070e000000|100%| O|  |TAMS 0x000000070e000000| PB 0x000000070de00000| Untracked 
| 103|0x000000070e000000, 0x000000070e200000, 0x000000070e200000|100%| O|  |TAMS 0x000000070e200000| PB 0x000000070e000000| Untracked 
| 104|0x000000070e200000, 0x000000070e400000, 0x000000070e400000|100%| O|  |TAMS 0x000000070e400000| PB 0x000000070e200000| Untracked 
| 105|0x000000070e400000, 0x000000070e600000, 0x000000070e600000|100%| O|  |TAMS 0x000000070e600000| PB 0x000000070e400000| Untracked 
| 106|0x000000070e600000, 0x000000070e800000, 0x000000070e800000|100%| O|  |TAMS 0x000000070e600000| PB 0x000000070e600000| Untracked 
| 107|0x000000070e800000, 0x000000070ea00000, 0x000000070ea00000|100%| O|  |TAMS 0x000000070ea00000| PB 0x000000070e800000| Untracked 
| 108|0x000000070ea00000, 0x000000070ec00000, 0x000000070ec00000|100%| O|  |TAMS 0x000000070ec00000| PB 0x000000070ea00000| Untracked 
| 109|0x000000070ec00000, 0x000000070ee00000, 0x000000070ee00000|100%| O|  |TAMS 0x000000070ee00000| PB 0x000000070ec00000| Untracked 
| 110|0x000000070ee00000, 0x000000070f000000, 0x000000070f000000|100%| O|  |TAMS 0x000000070f000000| PB 0x000000070ee00000| Untracked 
| 111|0x000000070f000000, 0x000000070f200000, 0x000000070f200000|100%| O|  |TAMS 0x000000070f200000| PB 0x000000070f000000| Untracked 
| 112|0x000000070f200000, 0x000000070f400000, 0x000000070f400000|100%| O|  |TAMS 0x000000070f400000| PB 0x000000070f200000| Untracked 
| 113|0x000000070f400000, 0x000000070f600000, 0x000000070f600000|100%| O|  |TAMS 0x000000070f600000| PB 0x000000070f400000| Untracked 
| 114|0x000000070f600000, 0x000000070f800000, 0x000000070f800000|100%| O|  |TAMS 0x000000070f800000| PB 0x000000070f600000| Untracked 
| 115|0x000000070f800000, 0x000000070fa00000, 0x000000070fa00000|100%| O|  |TAMS 0x000000070fa00000| PB 0x000000070f800000| Untracked 
| 116|0x000000070fa00000, 0x000000070fc00000, 0x000000070fc00000|100%| O|  |TAMS 0x000000070fc00000| PB 0x000000070fa00000| Untracked 
| 117|0x000000070fc00000, 0x000000070fe00000, 0x000000070fe00000|100%| O|  |TAMS 0x000000070fe00000| PB 0x000000070fc00000| Untracked 
| 118|0x000000070fe00000, 0x0000000710000000, 0x0000000710000000|100%| O|  |TAMS 0x0000000710000000| PB 0x000000070fe00000| Untracked 
| 119|0x0000000710000000, 0x0000000710200000, 0x0000000710200000|100%| O|  |TAMS 0x0000000710200000| PB 0x0000000710000000| Untracked 
| 120|0x0000000710200000, 0x0000000710400000, 0x0000000710400000|100%| O|  |TAMS 0x0000000710400000| PB 0x0000000710200000| Untracked 
| 121|0x0000000710400000, 0x0000000710600000, 0x0000000710600000|100%| O|  |TAMS 0x0000000710600000| PB 0x0000000710400000| Untracked 
| 122|0x0000000710600000, 0x0000000710800000, 0x0000000710800000|100%| O|  |TAMS 0x0000000710800000| PB 0x0000000710600000| Untracked 
| 123|0x0000000710800000, 0x0000000710a00000, 0x0000000710a00000|100%| O|  |TAMS 0x0000000710a00000| PB 0x0000000710800000| Untracked 
| 124|0x0000000710a00000, 0x0000000710c00000, 0x0000000710c00000|100%| O|  |TAMS 0x0000000710c00000| PB 0x0000000710a00000| Untracked 
| 125|0x0000000710c00000, 0x0000000710e00000, 0x0000000710e00000|100%| O|  |TAMS 0x0000000710e00000| PB 0x0000000710c00000| Untracked 
| 126|0x0000000710e00000, 0x0000000711000000, 0x0000000711000000|100%| O|  |TAMS 0x0000000711000000| PB 0x0000000710e00000| Untracked 
| 127|0x0000000711000000, 0x0000000711200000, 0x0000000711200000|100%| O|  |TAMS 0x0000000711200000| PB 0x0000000711000000| Untracked 
| 128|0x0000000711200000, 0x0000000711400000, 0x0000000711400000|100%| O|  |TAMS 0x0000000711400000| PB 0x0000000711200000| Untracked 
| 129|0x0000000711400000, 0x0000000711600000, 0x0000000711600000|100%| O|  |TAMS 0x0000000711600000| PB 0x0000000711400000| Untracked 
| 130|0x0000000711600000, 0x0000000711800000, 0x0000000711800000|100%| O|  |TAMS 0x0000000711800000| PB 0x0000000711600000| Untracked 
| 131|0x0000000711800000, 0x0000000711a00000, 0x0000000711a00000|100%| O|  |TAMS 0x0000000711a00000| PB 0x0000000711800000| Untracked 
| 132|0x0000000711a00000, 0x0000000711c00000, 0x0000000711c00000|100%| O|  |TAMS 0x0000000711c00000| PB 0x0000000711a00000| Untracked 
| 133|0x0000000711c00000, 0x0000000711e00000, 0x0000000711e00000|100%| O|  |TAMS 0x0000000711e00000| PB 0x0000000711c00000| Untracked 
| 134|0x0000000711e00000, 0x0000000712000000, 0x0000000712000000|100%| O|  |TAMS 0x0000000712000000| PB 0x0000000711e00000| Untracked 
| 135|0x0000000712000000, 0x0000000712200000, 0x0000000712200000|100%| O|  |TAMS 0x0000000712200000| PB 0x0000000712000000| Untracked 
| 136|0x0000000712200000, 0x0000000712400000, 0x0000000712400000|100%| O|  |TAMS 0x0000000712400000| PB 0x0000000712200000| Untracked 
| 137|0x0000000712400000, 0x0000000712600000, 0x0000000712600000|100%| O|  |TAMS 0x0000000712400000| PB 0x0000000712400000| Untracked 
| 138|0x0000000712600000, 0x0000000712800000, 0x0000000712800000|100%| O|  |TAMS 0x0000000712800000| PB 0x0000000712600000| Untracked 
| 139|0x0000000712800000, 0x0000000712a00000, 0x0000000712a00000|100%| O|  |TAMS 0x0000000712a00000| PB 0x0000000712800000| Untracked 
| 140|0x0000000712a00000, 0x0000000712c00000, 0x0000000712c00000|100%| O|  |TAMS 0x0000000712c00000| PB 0x0000000712a00000| Untracked 
| 141|0x0000000712c00000, 0x0000000712e00000, 0x0000000712e00000|100%| O|  |TAMS 0x0000000712e00000| PB 0x0000000712c00000| Untracked 
| 142|0x0000000712e00000, 0x0000000713000000, 0x0000000713000000|100%| O|  |TAMS 0x0000000713000000| PB 0x0000000712e00000| Untracked 
| 143|0x0000000713000000, 0x0000000713200000, 0x0000000713200000|100%| O|  |TAMS 0x0000000713200000| PB 0x0000000713000000| Untracked 
| 144|0x0000000713200000, 0x0000000713400000, 0x0000000713400000|100%| O|  |TAMS 0x0000000713400000| PB 0x0000000713200000| Untracked 
| 145|0x0000000713400000, 0x0000000713600000, 0x0000000713600000|100%| O|  |TAMS 0x0000000713600000| PB 0x0000000713400000| Untracked 
| 146|0x0000000713600000, 0x0000000713800000, 0x0000000713800000|100%| O|  |TAMS 0x0000000713800000| PB 0x0000000713600000| Untracked 
| 147|0x0000000713800000, 0x0000000713a00000, 0x0000000713a00000|100%| O|  |TAMS 0x0000000713a00000| PB 0x0000000713800000| Untracked 
| 148|0x0000000713a00000, 0x0000000713c00000, 0x0000000713c00000|100%| O|  |TAMS 0x0000000713c00000| PB 0x0000000713a00000| Untracked 
| 149|0x0000000713c00000, 0x0000000713e00000, 0x0000000713e00000|100%| O|  |TAMS 0x0000000713e00000| PB 0x0000000713c00000| Untracked 
| 150|0x0000000713e00000, 0x0000000714000000, 0x0000000714000000|100%| O|  |TAMS 0x0000000714000000| PB 0x0000000713e00000| Untracked 
| 151|0x0000000714000000, 0x0000000714200000, 0x0000000714200000|100%| O|  |TAMS 0x0000000714200000| PB 0x0000000714000000| Untracked 
| 152|0x0000000714200000, 0x0000000714400000, 0x0000000714400000|100%| O|  |TAMS 0x0000000714400000| PB 0x0000000714200000| Untracked 
| 153|0x0000000714400000, 0x0000000714600000, 0x0000000714600000|100%| O|  |TAMS 0x0000000714600000| PB 0x0000000714400000| Untracked 
| 154|0x0000000714600000, 0x0000000714600000, 0x0000000714800000|  0%| F|  |TAMS 0x0000000714600000| PB 0x0000000714600000| Untracked 
| 155|0x0000000714800000, 0x0000000714800000, 0x0000000714a00000|  0%| F|  |TAMS 0x0000000714800000| PB 0x0000000714800000| Untracked 
| 156|0x0000000714a00000, 0x0000000714a00000, 0x0000000714c00000|  0%| F|  |TAMS 0x0000000714a00000| PB 0x0000000714a00000| Untracked 
| 157|0x0000000714c00000, 0x0000000714c00000, 0x0000000714e00000|  0%| F|  |TAMS 0x0000000714c00000| PB 0x0000000714c00000| Untracked 
| 158|0x0000000714e00000, 0x0000000714e00000, 0x0000000715000000|  0%| F|  |TAMS 0x0000000714e00000| PB 0x0000000714e00000| Untracked 
| 159|0x0000000715000000, 0x0000000715000000, 0x0000000715200000|  0%| F|  |TAMS 0x0000000715000000| PB 0x0000000715000000| Untracked 
| 160|0x0000000715200000, 0x0000000715200000, 0x0000000715400000|  0%| F|  |TAMS 0x0000000715200000| PB 0x0000000715200000| Untracked 
| 161|0x0000000715400000, 0x0000000715400000, 0x0000000715600000|  0%| F|  |TAMS 0x0000000715400000| PB 0x0000000715400000| Untracked 
| 162|0x0000000715600000, 0x0000000715600000, 0x0000000715800000|  0%| F|  |TAMS 0x0000000715600000| PB 0x0000000715600000| Untracked 
| 163|0x0000000715800000, 0x0000000715800000, 0x0000000715a00000|  0%| F|  |TAMS 0x0000000715800000| PB 0x0000000715800000| Untracked 
| 164|0x0000000715a00000, 0x0000000715c00000, 0x0000000715c00000|100%| O|  |TAMS 0x0000000715a00000| PB 0x0000000715a00000| Untracked 
| 165|0x0000000715c00000, 0x0000000715e00000, 0x0000000715e00000|100%| O|  |TAMS 0x0000000715c00000| PB 0x0000000715c00000| Untracked 
| 166|0x0000000715e00000, 0x0000000716000000, 0x0000000716000000|100%| O|  |TAMS 0x0000000715e00000| PB 0x0000000715e00000| Untracked 
| 167|0x0000000716000000, 0x0000000716200000, 0x0000000716200000|100%| O|  |TAMS 0x0000000716000000| PB 0x0000000716000000| Untracked 
| 168|0x0000000716200000, 0x0000000716400000, 0x0000000716400000|100%| O|  |TAMS 0x0000000716200000| PB 0x0000000716200000| Untracked 
| 169|0x0000000716400000, 0x0000000716600000, 0x0000000716600000|100%| O|  |TAMS 0x0000000716400000| PB 0x0000000716400000| Untracked 
| 170|0x0000000716600000, 0x0000000716800000, 0x0000000716800000|100%| O|  |TAMS 0x0000000716600000| PB 0x0000000716600000| Untracked 
| 171|0x0000000716800000, 0x0000000716900000, 0x0000000716a00000| 50%| O|  |TAMS 0x0000000716800000| PB 0x0000000716800000| Untracked 
| 172|0x0000000716a00000, 0x0000000716a00000, 0x0000000716c00000|  0%| F|  |TAMS 0x0000000716a00000| PB 0x0000000716a00000| Untracked 
| 173|0x0000000716c00000, 0x0000000716c00000, 0x0000000716e00000|  0%| F|  |TAMS 0x0000000716c00000| PB 0x0000000716c00000| Untracked 
| 174|0x0000000716e00000, 0x0000000716e00000, 0x0000000717000000|  0%| F|  |TAMS 0x0000000716e00000| PB 0x0000000716e00000| Untracked 
| 175|0x0000000717000000, 0x0000000717000000, 0x0000000717200000|  0%| F|  |TAMS 0x0000000717000000| PB 0x0000000717000000| Untracked 
| 176|0x0000000717200000, 0x0000000717200000, 0x0000000717400000|  0%| F|  |TAMS 0x0000000717200000| PB 0x0000000717200000| Untracked 
| 177|0x0000000717400000, 0x0000000717400000, 0x0000000717600000|  0%| F|  |TAMS 0x0000000717400000| PB 0x0000000717400000| Untracked 
| 178|0x0000000717600000, 0x0000000717600000, 0x0000000717800000|  0%| F|  |TAMS 0x0000000717600000| PB 0x0000000717600000| Untracked 
| 179|0x0000000717800000, 0x0000000717800000, 0x0000000717a00000|  0%| F|  |TAMS 0x0000000717800000| PB 0x0000000717800000| Untracked 
| 180|0x0000000717a00000, 0x0000000717a00000, 0x0000000717c00000|  0%| F|  |TAMS 0x0000000717a00000| PB 0x0000000717a00000| Untracked 
| 181|0x0000000717c00000, 0x0000000717c00000, 0x0000000717e00000|  0%| F|  |TAMS 0x0000000717c00000| PB 0x0000000717c00000| Untracked 
| 182|0x0000000717e00000, 0x0000000717e00000, 0x0000000718000000|  0%| F|  |TAMS 0x0000000717e00000| PB 0x0000000717e00000| Untracked 
| 183|0x0000000718000000, 0x0000000718000000, 0x0000000718200000|  0%| F|  |TAMS 0x0000000718000000| PB 0x0000000718000000| Untracked 
| 184|0x0000000718200000, 0x0000000718200000, 0x0000000718400000|  0%| F|  |TAMS 0x0000000718200000| PB 0x0000000718200000| Untracked 
| 185|0x0000000718400000, 0x0000000718400000, 0x0000000718600000|  0%| F|  |TAMS 0x0000000718400000| PB 0x0000000718400000| Untracked 
| 186|0x0000000718600000, 0x0000000718600000, 0x0000000718800000|  0%| F|  |TAMS 0x0000000718600000| PB 0x0000000718600000| Untracked 
| 187|0x0000000718800000, 0x0000000718800000, 0x0000000718a00000|  0%| F|  |TAMS 0x0000000718800000| PB 0x0000000718800000| Untracked 
| 188|0x0000000718a00000, 0x0000000718a00000, 0x0000000718c00000|  0%| F|  |TAMS 0x0000000718a00000| PB 0x0000000718a00000| Untracked 
| 189|0x0000000718c00000, 0x0000000718c00000, 0x0000000718e00000|  0%| F|  |TAMS 0x0000000718c00000| PB 0x0000000718c00000| Untracked 
| 190|0x0000000718e00000, 0x0000000718fcd770, 0x0000000719000000| 90%| S|CS|TAMS 0x0000000718e00000| PB 0x0000000718e00000| Complete 
| 191|0x0000000719000000, 0x0000000719200000, 0x0000000719200000|100%| S|CS|TAMS 0x0000000719000000| PB 0x0000000719000000| Complete 
| 192|0x0000000719200000, 0x0000000719400000, 0x0000000719400000|100%| S|CS|TAMS 0x0000000719200000| PB 0x0000000719200000| Complete 
| 193|0x0000000719400000, 0x0000000719600000, 0x0000000719600000|100%| S|CS|TAMS 0x0000000719400000| PB 0x0000000719400000| Complete 
| 194|0x0000000719600000, 0x0000000719800000, 0x0000000719800000|100%| S|CS|TAMS 0x0000000719600000| PB 0x0000000719600000| Complete 
| 195|0x0000000719800000, 0x0000000719800000, 0x0000000719a00000|  0%| F|  |TAMS 0x0000000719800000| PB 0x0000000719800000| Untracked 
| 196|0x0000000719a00000, 0x0000000719a00000, 0x0000000719c00000|  0%| F|  |TAMS 0x0000000719a00000| PB 0x0000000719a00000| Untracked 
| 197|0x0000000719c00000, 0x0000000719c00000, 0x0000000719e00000|  0%| F|  |TAMS 0x0000000719c00000| PB 0x0000000719c00000| Untracked 
| 198|0x0000000719e00000, 0x0000000719e00000, 0x000000071a000000|  0%| F|  |TAMS 0x0000000719e00000| PB 0x0000000719e00000| Untracked 
| 199|0x000000071a000000, 0x000000071a000000, 0x000000071a200000|  0%| F|  |TAMS 0x000000071a000000| PB 0x000000071a000000| Untracked 
| 200|0x000000071a200000, 0x000000071a200000, 0x000000071a400000|  0%| F|  |TAMS 0x000000071a200000| PB 0x000000071a200000| Untracked 
| 201|0x000000071a400000, 0x000000071a400000, 0x000000071a600000|  0%| F|  |TAMS 0x000000071a400000| PB 0x000000071a400000| Untracked 
| 202|0x000000071a600000, 0x000000071a600000, 0x000000071a800000|  0%| F|  |TAMS 0x000000071a600000| PB 0x000000071a600000| Untracked 
| 203|0x000000071a800000, 0x000000071a800000, 0x000000071aa00000|  0%| F|  |TAMS 0x000000071a800000| PB 0x000000071a800000| Untracked 
| 204|0x000000071aa00000, 0x000000071aa00000, 0x000000071ac00000|  0%| F|  |TAMS 0x000000071aa00000| PB 0x000000071aa00000| Untracked 
| 205|0x000000071ac00000, 0x000000071ac00000, 0x000000071ae00000|  0%| F|  |TAMS 0x000000071ac00000| PB 0x000000071ac00000| Untracked 
| 206|0x000000071ae00000, 0x000000071ae00000, 0x000000071b000000|  0%| F|  |TAMS 0x000000071ae00000| PB 0x000000071ae00000| Untracked 
| 207|0x000000071b000000, 0x000000071b000000, 0x000000071b200000|  0%| F|  |TAMS 0x000000071b000000| PB 0x000000071b000000| Untracked 
| 208|0x000000071b200000, 0x000000071b200000, 0x000000071b400000|  0%| F|  |TAMS 0x000000071b200000| PB 0x000000071b200000| Untracked 
| 209|0x000000071b400000, 0x000000071b400000, 0x000000071b600000|  0%| F|  |TAMS 0x000000071b400000| PB 0x000000071b400000| Untracked 
| 210|0x000000071b600000, 0x000000071b600000, 0x000000071b800000|  0%| F|  |TAMS 0x000000071b600000| PB 0x000000071b600000| Untracked 
| 211|0x000000071b800000, 0x000000071b800000, 0x000000071ba00000|  0%| F|  |TAMS 0x000000071b800000| PB 0x000000071b800000| Untracked 
| 212|0x000000071ba00000, 0x000000071ba00000, 0x000000071bc00000|  0%| F|  |TAMS 0x000000071ba00000| PB 0x000000071ba00000| Untracked 
| 213|0x000000071bc00000, 0x000000071bc00000, 0x000000071be00000|  0%| F|  |TAMS 0x000000071bc00000| PB 0x000000071bc00000| Untracked 
| 214|0x000000071be00000, 0x000000071be00000, 0x000000071c000000|  0%| F|  |TAMS 0x000000071be00000| PB 0x000000071be00000| Untracked 
| 215|0x000000071c000000, 0x000000071c000000, 0x000000071c200000|  0%| F|  |TAMS 0x000000071c000000| PB 0x000000071c000000| Untracked 
| 216|0x000000071c200000, 0x000000071c200000, 0x000000071c400000|  0%| F|  |TAMS 0x000000071c200000| PB 0x000000071c200000| Untracked 
| 217|0x000000071c400000, 0x000000071c400000, 0x000000071c600000|  0%| F|  |TAMS 0x000000071c400000| PB 0x000000071c400000| Untracked 
| 218|0x000000071c600000, 0x000000071c600000, 0x000000071c800000|  0%| F|  |TAMS 0x000000071c600000| PB 0x000000071c600000| Untracked 
| 219|0x000000071c800000, 0x000000071c800000, 0x000000071ca00000|  0%| F|  |TAMS 0x000000071c800000| PB 0x000000071c800000| Untracked 
| 220|0x000000071ca00000, 0x000000071ca00000, 0x000000071cc00000|  0%| F|  |TAMS 0x000000071ca00000| PB 0x000000071ca00000| Untracked 
| 221|0x000000071cc00000, 0x000000071cc00000, 0x000000071ce00000|  0%| F|  |TAMS 0x000000071cc00000| PB 0x000000071cc00000| Untracked 
| 222|0x000000071ce00000, 0x000000071ce00000, 0x000000071d000000|  0%| F|  |TAMS 0x000000071ce00000| PB 0x000000071ce00000| Untracked 
| 223|0x000000071d000000, 0x000000071d000000, 0x000000071d200000|  0%| F|  |TAMS 0x000000071d000000| PB 0x000000071d000000| Untracked 
| 224|0x000000071d200000, 0x000000071d200000, 0x000000071d400000|  0%| F|  |TAMS 0x000000071d200000| PB 0x000000071d200000| Untracked 
| 225|0x000000071d400000, 0x000000071d400000, 0x000000071d600000|  0%| F|  |TAMS 0x000000071d400000| PB 0x000000071d400000| Untracked 
| 226|0x000000071d600000, 0x000000071d600000, 0x000000071d800000|  0%| F|  |TAMS 0x000000071d600000| PB 0x000000071d600000| Untracked 
| 227|0x000000071d800000, 0x000000071d800000, 0x000000071da00000|  0%| F|  |TAMS 0x000000071d800000| PB 0x000000071d800000| Untracked 
| 228|0x000000071da00000, 0x000000071da00000, 0x000000071dc00000|  0%| F|  |TAMS 0x000000071da00000| PB 0x000000071da00000| Untracked 
| 229|0x000000071dc00000, 0x000000071dc00000, 0x000000071de00000|  0%| F|  |TAMS 0x000000071dc00000| PB 0x000000071dc00000| Untracked 
| 230|0x000000071de00000, 0x000000071de00000, 0x000000071e000000|  0%| F|  |TAMS 0x000000071de00000| PB 0x000000071de00000| Untracked 
| 231|0x000000071e000000, 0x000000071e000000, 0x000000071e200000|  0%| F|  |TAMS 0x000000071e000000| PB 0x000000071e000000| Untracked 
| 232|0x000000071e200000, 0x000000071e200000, 0x000000071e400000|  0%| F|  |TAMS 0x000000071e200000| PB 0x000000071e200000| Untracked 
| 233|0x000000071e400000, 0x000000071e400000, 0x000000071e600000|  0%| F|  |TAMS 0x000000071e400000| PB 0x000000071e400000| Untracked 
| 234|0x000000071e600000, 0x000000071e600000, 0x000000071e800000|  0%| F|  |TAMS 0x000000071e600000| PB 0x000000071e600000| Untracked 
| 235|0x000000071e800000, 0x000000071e800000, 0x000000071ea00000|  0%| F|  |TAMS 0x000000071e800000| PB 0x000000071e800000| Untracked 
| 236|0x000000071ea00000, 0x000000071ea00000, 0x000000071ec00000|  0%| F|  |TAMS 0x000000071ea00000| PB 0x000000071ea00000| Untracked 
|2031|0x00000007ff000000, 0x00000007ff200000, 0x00000007ff200000|100%| O|  |TAMS 0x00000007ff17df60| PB 0x00000007ff000000| Untracked 
|2032|0x00000007ff200000, 0x00000007ff400000, 0x00000007ff400000|100%| O|  |TAMS 0x00000007ff400000| PB 0x00000007ff200000| Untracked 
|2033|0x00000007ff400000, 0x00000007ff600000, 0x00000007ff600000|100%| O|  |TAMS 0x00000007ff600000| PB 0x00000007ff400000| Untracked 
|2034|0x00000007ff600000, 0x00000007ff800000, 0x00000007ff800000|100%| O|  |TAMS 0x00000007ff800000| PB 0x00000007ff600000| Untracked 
|2035|0x00000007ff800000, 0x00000007ffa00000, 0x00000007ffa00000|100%| O|  |TAMS 0x00000007ffa00000| PB 0x00000007ff800000| Untracked 
|2036|0x00000007ffa00000, 0x00000007ffa00000, 0x00000007ffc00000|  0%| F|  |TAMS 0x00000007ffa00000| PB 0x00000007ffa00000| Untracked 
|2037|0x00000007ffc00000, 0x00000007ffe00000, 0x00000007ffe00000|100%| O|  |TAMS 0x00000007ffe00000| PB 0x00000007ffc00000| Untracked 
|2038|0x00000007ffe00000, 0x0000000800000000, 0x0000000800000000|100%| O|  |TAMS 0x0000000800000000| PB 0x00000007ffe00000| Untracked 

Card table byte_map: [0x000001b9af350000,0x000001b9afb50000] _byte_map_base: 0x000001b9abb47000

Marking Bits: (CMBitMap*) 0x000001b99ca59410
 Bits: [0x000001b9afb50000, 0x000001b9b3b08000)

Polling page: 0x000001b99a660000

Metaspace:

Usage:
  Non-class:     89.34 MB used.
      Class:     10.09 MB used.
       Both:     99.43 MB used.

Virtual space:
  Non-class space:      128.00 MB reserved,      89.56 MB ( 70%) committed,  2 nodes.
      Class space:        1.00 GB reserved,      10.25 MB (  1%) committed,  1 nodes.
             Both:        1.12 GB reserved,      99.81 MB (  9%) committed. 

Chunk freelists:
   Non-Class:  6.23 MB
       Class:  5.69 MB
        Both:  11.92 MB

MaxMetaspaceSize: unlimited
CompressedClassSpaceSize: 1.00 GB
Initial GC threshold: 21.00 MB
Current GC threshold: 147.62 MB
CDS: off
 - commit_granule_bytes: 65536.
 - commit_granule_words: 8192.
 - virtual_space_node_default_size: 8388608.
 - enlarge_chunks_in_place: 1.
 - use_allocation_guard: 0.


Internal statistics:

num_allocs_failed_limit: 12.
num_arena_births: 422.
num_arena_deaths: 0.
num_vsnodes_births: 3.
num_vsnodes_deaths: 0.
num_space_committed: 1593.
num_space_uncommitted: 0.
num_chunks_returned_to_freelist: 12.
num_chunks_taken_from_freelist: 3658.
num_chunk_merges: 12.
num_chunk_splits: 3067.
num_chunks_enlarged: 2787.
num_inconsistent_stats: 0.

CodeHeap 'non-profiled nmethods': size=120000Kb used=19887Kb max_used=19887Kb free=100113Kb
 bounds [0x000001b9a7620000, 0x000001b9a8990000, 0x000001b9aeb50000]
CodeHeap 'profiled nmethods': size=120000Kb used=79000Kb max_used=79000Kb free=40999Kb
 bounds [0x000001b99fb50000, 0x000001b9a4890000, 0x000001b9a7080000]
CodeHeap 'non-nmethods': size=5760Kb used=1853Kb max_used=1925Kb free=3906Kb
 bounds [0x000001b9a7080000, 0x000001b9a72f0000, 0x000001b9a7620000]
CodeCache: size=245760Kb, used=100740Kb, max_used=100812Kb, free=145018Kb
 total_blobs=21818, nmethods=20982, adapters=735, full_count=0
Compilation: enabled, stopped_count=0, restarted_count=0

Compilation events (20 events):
Event: 50.051 Thread 0x000001b9b61e7bb0 27129       3       org.jetbrains.kotlin.backend.jvm.JvmIrTypeSystemContext::isStubType (6 bytes)
Event: 50.051 Thread 0x000001b9bd932be0 27143       4       org.jetbrains.kotlin.ir.types.IrTypeSystemContextKt::extractTypeParameters (250 bytes)
Event: 50.051 Thread 0x000001b9b61e7bb0 nmethod 27129 0x000001b9a486ad90 code [0x000001b9a486afc0, 0x000001b9a486b5c0]
Event: 50.051 Thread 0x000001b9b61e7bb0 27130       3       org.jetbrains.kotlin.ir.types.IrTypeSystemContext$DefaultImpls::isStubType (8 bytes)
Event: 50.052 Thread 0x000001b9b61e7bb0 nmethod 27130 0x000001b9a486b810 code [0x000001b9a486ba20, 0x000001b9a486bf98]
Event: 50.052 Thread 0x000001b9b61e7bb0 27127       1       org.jetbrains.kotlin.backend.jvm.lower.TypeOperatorLowering$ClassContext::getSerializableMethodRefInfos (5 bytes)
Event: 50.052 Thread 0x000001b9b61e7bb0 nmethod 27127 0x000001b9a898b910 code [0x000001b9a898baa0, 0x000001b9a898bb70]
Event: 50.052 Thread 0x000001b9b61e7bb0 27122       3       org.jetbrains.kotlin.ir.expressions.impl.IrCallImpl$Companion::fromSymbolOwner (34 bytes)
Event: 50.052 Thread 0x000001b9b61e7bb0 nmethod 27122 0x000001b9a486c210 code [0x000001b9a486c4c0, 0x000001b9a486d018]
Event: 50.052 Thread 0x000001b9b61e7bb0 27145       3       kotlin.sequences.SequencesKt__SequencesKt$flatten$3::invoke (2 bytes)
Event: 50.052 Thread 0x000001b9b61e7bb0 nmethod 27145 0x000001b9a486d490 code [0x000001b9a486d620, 0x000001b9a486d730]
Event: 50.052 Thread 0x000001b9b61e7bb0 27146       3       org.jetbrains.kotlin.ir.util.IrUtilsKt$$Lambda/0x00000008009f1fd8::invoke (8 bytes)
Event: 50.053 Thread 0x000001b9b61e7bb0 nmethod 27146 0x000001b9a486d810 code [0x000001b9a486d9c0, 0x000001b9a486dc08]
Event: 50.053 Thread 0x000001b9b61e7bb0 27148       3       org.jetbrains.kotlin.backend.common.lower.LoweredStatementOrigins::getINLINE_LAMBDA (18 bytes)
Event: 50.054 Thread 0x000001b9b61e7bb0 nmethod 27148 0x000001b9a486dd10 code [0x000001b9a486df40, 0x000001b9a486e5c8]
Event: 50.055 Thread 0x000001b9b61e7bb0 27150       3       org.jetbrains.kotlin.backend.jvm.ir.JvmIrBuilder::<init> (52 bytes)
Event: 50.056 Thread 0x000001b9b61e7bb0 nmethod 27150 0x000001b9a486e890 code [0x000001b9a486ec80, 0x000001b9a4870708]
Event: 50.056 Thread 0x000001b9b61e7bb0 27154       3       org.jetbrains.kotlin.backend.jvm.lower.FunctionReferenceLowering::visitTypeOperator (502 bytes)
Event: 50.066 Thread 0x000001b9b61e7bb0 nmethod 27154 0x000001b9a4871110 code [0x000001b9a4872400, 0x000001b9a487ddd0]
Event: 50.066 Thread 0x000001b9b61e7bb0 27156       3       org.jetbrains.kotlin.backend.jvm.ir.JvmIrCoroutineUtilsKt::isReadOfCrossinline (100 bytes)

GC Heap History (20 events):
Event: 30.185 GC heap after
{Heap after GC invocations=40 (full 0):
 garbage-first heap   total 325632K, used 202193K [0x0000000701200000, 0x0000000800000000)
  region size 2048K, 4 young (8192K), 4 survivors (8192K)
 Metaspace       used 72636K, committed 72896K, reserved 1114112K
  class space    used 7958K, committed 8064K, reserved 1048576K
}
Event: 32.985 GC heap before
{Heap before GC invocations=40 (full 0):
 garbage-first heap   total 325632K, used 296401K [0x0000000701200000, 0x0000000800000000)
  region size 2048K, 50 young (102400K), 4 survivors (8192K)
 Metaspace       used 76862K, committed 77120K, reserved 1179648K
  class space    used 8282K, committed 8384K, reserved 1048576K
}
Event: 33.000 GC heap after
{Heap after GC invocations=41 (full 0):
 garbage-first heap   total 325632K, used 204273K [0x0000000701200000, 0x0000000800000000)
  region size 2048K, 6 young (12288K), 6 survivors (12288K)
 Metaspace       used 76862K, committed 77120K, reserved 1179648K
  class space    used 8282K, committed 8384K, reserved 1048576K
}
Event: 35.063 GC heap before
{Heap before GC invocations=41 (full 0):
 garbage-first heap   total 325632K, used 292337K [0x0000000701200000, 0x0000000800000000)
  region size 2048K, 49 young (100352K), 6 survivors (12288K)
 Metaspace       used 77208K, committed 77504K, reserved 1179648K
  class space    used 8293K, committed 8384K, reserved 1048576K
}
Event: 35.081 GC heap after
{Heap after GC invocations=42 (full 0):
 garbage-first heap   total 325632K, used 209214K [0x0000000701200000, 0x0000000800000000)
  region size 2048K, 4 young (8192K), 4 survivors (8192K)
 Metaspace       used 77208K, committed 77504K, reserved 1179648K
  class space    used 8293K, committed 8384K, reserved 1048576K
}
Event: 36.672 GC heap before
{Heap before GC invocations=43 (full 0):
 garbage-first heap   total 352256K, used 295230K [0x0000000701200000, 0x0000000800000000)
  region size 2048K, 46 young (94208K), 4 survivors (8192K)
 Metaspace       used 77763K, committed 78080K, reserved 1179648K
  class space    used 8340K, committed 8448K, reserved 1048576K
}
Event: 36.703 GC heap after
{Heap after GC invocations=44 (full 0):
 garbage-first heap   total 352256K, used 220362K [0x0000000701200000, 0x0000000800000000)
  region size 2048K, 6 young (12288K), 6 survivors (12288K)
 Metaspace       used 77763K, committed 78080K, reserved 1179648K
  class space    used 8340K, committed 8448K, reserved 1048576K
}
Event: 37.545 GC heap before
{Heap before GC invocations=44 (full 0):
 garbage-first heap   total 352256K, used 318666K [0x0000000701200000, 0x0000000800000000)
  region size 2048K, 54 young (110592K), 6 survivors (12288K)
 Metaspace       used 80120K, committed 80512K, reserved 1179648K
  class space    used 8574K, committed 8768K, reserved 1048576K
}
Event: 37.577 GC heap after
{Heap after GC invocations=45 (full 0):
 garbage-first heap   total 423936K, used 234113K [0x0000000701200000, 0x0000000800000000)
  region size 2048K, 7 young (14336K), 7 survivors (14336K)
 Metaspace       used 80120K, committed 80512K, reserved 1179648K
  class space    used 8574K, committed 8768K, reserved 1048576K
}
Event: 41.348 GC heap before
{Heap before GC invocations=45 (full 0):
 garbage-first heap   total 423936K, used 383617K [0x0000000701200000, 0x0000000800000000)
  region size 2048K, 80 young (163840K), 7 survivors (14336K)
 Metaspace       used 85870K, committed 86272K, reserved 1179648K
  class space    used 9031K, committed 9216K, reserved 1048576K
}
Event: 41.403 GC heap after
{Heap after GC invocations=46 (full 0):
 garbage-first heap   total 430080K, used 265903K [0x0000000701200000, 0x0000000800000000)
  region size 2048K, 10 young (20480K), 10 survivors (20480K)
 Metaspace       used 85870K, committed 86272K, reserved 1179648K
  class space    used 9031K, committed 9216K, reserved 1048576K
}
Event: 42.482 GC heap before
{Heap before GC invocations=46 (full 0):
 garbage-first heap   total 430080K, used 376495K [0x0000000701200000, 0x0000000800000000)
  region size 2048K, 64 young (131072K), 10 survivors (20480K)
 Metaspace       used 87421K, committed 87744K, reserved 1179648K
  class space    used 9122K, committed 9280K, reserved 1048576K
}
Event: 42.535 GC heap after
{Heap after GC invocations=47 (full 0):
 garbage-first heap   total 430080K, used 290816K [0x0000000701200000, 0x0000000800000000)
  region size 2048K, 8 young (16384K), 8 survivors (16384K)
 Metaspace       used 87421K, committed 87744K, reserved 1179648K
  class space    used 9122K, committed 9280K, reserved 1048576K
}
Event: 43.662 GC heap before
{Heap before GC invocations=47 (full 0):
 garbage-first heap   total 430080K, used 385024K [0x0000000701200000, 0x0000000800000000)
  region size 2048K, 54 young (110592K), 8 survivors (16384K)
 Metaspace       used 89382K, committed 89728K, reserved 1179648K
  class space    used 9259K, committed 9408K, reserved 1048576K
}
Event: 43.683 GC heap after
{Heap after GC invocations=48 (full 0):
 garbage-first heap   total 430080K, used 296784K [0x0000000701200000, 0x0000000800000000)
  region size 2048K, 3 young (6144K), 3 survivors (6144K)
 Metaspace       used 89382K, committed 89728K, reserved 1179648K
  class space    used 9259K, committed 9408K, reserved 1048576K
}
Event: 45.131 GC heap before
{Heap before GC invocations=49 (full 0):
 garbage-first heap   total 499712K, used 390992K [0x0000000701200000, 0x0000000800000000)
  region size 2048K, 49 young (100352K), 3 survivors (6144K)
 Metaspace       used 90928K, committed 91264K, reserved 1179648K
  class space    used 9421K, committed 9600K, reserved 1048576K
}
Event: 45.151 GC heap after
{Heap after GC invocations=50 (full 0):
 garbage-first heap   total 499712K, used 309076K [0x0000000701200000, 0x0000000800000000)
  region size 2048K, 7 young (14336K), 7 survivors (14336K)
 Metaspace       used 90928K, committed 91264K, reserved 1179648K
  class space    used 9421K, committed 9600K, reserved 1048576K
}
Event: 47.632 GC heap before
{Heap before GC invocations=50 (full 0):
 garbage-first heap   total 499712K, used 446292K [0x0000000701200000, 0x0000000800000000)
  region size 2048K, 74 young (151552K), 7 survivors (14336K)
 Metaspace       used 95548K, committed 95936K, reserved 1179648K
  class space    used 9857K, committed 10048K, reserved 1048576K
}
Event: 47.690 GC heap after
{Heap after GC invocations=51 (full 0):
 garbage-first heap   total 501760K, used 343543K [0x0000000701200000, 0x0000000800000000)
  region size 2048K, 10 young (20480K), 10 survivors (20480K)
 Metaspace       used 95548K, committed 95936K, reserved 1179648K
  class space    used 9857K, committed 10048K, reserved 1048576K
}
Event: 50.067 GC heap before
{Heap before GC invocations=51 (full 0):
 garbage-first heap   total 501760K, used 429559K [0x0000000701200000, 0x0000000800000000)
  region size 2048K, 53 young (108544K), 10 survivors (20480K)
 Metaspace       used 101812K, committed 102208K, reserved 1179648K
  class space    used 10329K, committed 10496K, reserved 1048576K
}

Dll operation events (3 events):
Event: 0.007 Loaded shared library C:\Program Files\Android\Android Studio1\jbr\bin\java.dll
Event: 0.013 Loaded shared library C:\Program Files\Android\Android Studio1\jbr\bin\zip.dll
Event: 1.416 Loaded shared library C:\Program Files\Android\Android Studio1\jbr\bin\verify.dll

Deoptimization events (20 events):
Event: 49.985 Thread 0x000001b99c9f38f0 DEOPT PACKING pc=0x000001b9a8983804 sp=0x0000005d93afd620
Event: 49.985 Thread 0x000001b99c9f38f0 DEOPT UNPACKING pc=0x000001b9a70d46a2 sp=0x0000005d93afd560 mode 2
Event: 49.985 Thread 0x000001b99c9f38f0 Uncommon trap: trap_request=0xffffff66 fr.pc=0x000001b9a8983804 relative=0x00000000000009a4
Event: 49.985 Thread 0x000001b99c9f38f0 Uncommon trap: reason=speculate_class_check action=maybe_recompile pc=0x000001b9a8983804 method=org.jetbrains.kotlin.ir.declarations.IrDeclarationsKt.isSingleFieldValueClass(Lorg/jetbrains/kotlin/ir/declarations/IrClass;)Z @ 7 c2
Event: 49.985 Thread 0x000001b99c9f38f0 DEOPT PACKING pc=0x000001b9a8983804 sp=0x0000005d93afcf70
Event: 49.985 Thread 0x000001b99c9f38f0 DEOPT UNPACKING pc=0x000001b9a70d46a2 sp=0x0000005d93afceb0 mode 2
Event: 49.985 Thread 0x000001b99c9f38f0 Uncommon trap: trap_request=0xffffff66 fr.pc=0x000001b9a8983804 relative=0x00000000000009a4
Event: 49.985 Thread 0x000001b99c9f38f0 Uncommon trap: reason=speculate_class_check action=maybe_recompile pc=0x000001b9a8983804 method=org.jetbrains.kotlin.ir.declarations.IrDeclarationsKt.isSingleFieldValueClass(Lorg/jetbrains/kotlin/ir/declarations/IrClass;)Z @ 7 c2
Event: 49.985 Thread 0x000001b99c9f38f0 DEOPT PACKING pc=0x000001b9a8983804 sp=0x0000005d93afcf70
Event: 49.985 Thread 0x000001b99c9f38f0 DEOPT UNPACKING pc=0x000001b9a70d46a2 sp=0x0000005d93afceb0 mode 2
Event: 50.019 Thread 0x000001b99c9f38f0 Uncommon trap: trap_request=0xffffff66 fr.pc=0x000001b9a8985d04 relative=0x00000000000007a4
Event: 50.019 Thread 0x000001b99c9f38f0 Uncommon trap: reason=speculate_class_check action=maybe_recompile pc=0x000001b9a8985d04 method=org.jetbrains.kotlin.fir.backend.utils.IrElementsCreationUtilsKt.computeValueClassRepresentation(Lorg/jetbrains/kotlin/fir/backend/Fir2IrComponents;Lorg/jetbra
Event: 50.019 Thread 0x000001b99c9f38f0 DEOPT PACKING pc=0x000001b9a8985d04 sp=0x0000005d93afd360
Event: 50.019 Thread 0x000001b99c9f38f0 DEOPT UNPACKING pc=0x000001b9a70d46a2 sp=0x0000005d93afd1c0 mode 2
Event: 50.019 Thread 0x000001b99c9f38f0 Uncommon trap: trap_request=0xffffff66 fr.pc=0x000001b9a8985d04 relative=0x00000000000007a4
Event: 50.019 Thread 0x000001b99c9f38f0 Uncommon trap: reason=speculate_class_check action=maybe_recompile pc=0x000001b9a8985d04 method=org.jetbrains.kotlin.fir.backend.utils.IrElementsCreationUtilsKt.computeValueClassRepresentation(Lorg/jetbrains/kotlin/fir/backend/Fir2IrComponents;Lorg/jetbra
Event: 50.019 Thread 0x000001b99c9f38f0 DEOPT PACKING pc=0x000001b9a8985d04 sp=0x0000005d93afcfa0
Event: 50.019 Thread 0x000001b99c9f38f0 DEOPT UNPACKING pc=0x000001b9a70d46a2 sp=0x0000005d93afce00 mode 2
Event: 50.066 Thread 0x000001b99c9f38f0 Uncommon trap: trap_request=0xffffff66 fr.pc=0x000001b9a898a734 relative=0x00000000000007b4
Event: 50.066 Thread 0x000001b99c9f38f0 Uncommon trap: reason=speculate_class_check action=maybe_recompile pc=0x000001b9a898a734 method=org.jetbrains.kotlin.ir.declarations.IrDeclarationsKt.isMultiFieldValueClass(Lorg/jetbrains/kotlin/ir/declarations/IrClass;)Z @ 7 c2

Classes loaded (20 events):
Event: 42.980 Loading class java/util/concurrent/ConcurrentHashMap$TreeNode
Event: 42.980 Loading class java/util/concurrent/ConcurrentHashMap$TreeNode done
Event: 42.980 Loading class java/util/concurrent/ConcurrentHashMap$TreeBin
Event: 42.980 Loading class java/util/concurrent/ConcurrentHashMap$TreeBin done
Event: 44.382 Loading class java/util/Formatter
Event: 44.382 Loading class java/util/Formatter done
Event: 44.383 Loading class java/util/Formatter$FixedString
Event: 44.383 Loading class java/util/Formatter$FormatString
Event: 44.383 Loading class java/util/Formatter$FormatString done
Event: 44.383 Loading class java/util/Formatter$FixedString done
Event: 44.383 Loading class java/util/Formatter$Conversion
Event: 44.383 Loading class java/util/Formatter$Conversion done
Event: 44.383 Loading class java/util/Formatter$FormatSpecifier
Event: 44.384 Loading class java/util/Formatter$FormatSpecifier done
Event: 44.384 Loading class java/util/Formattable
Event: 44.384 Loading class java/util/Formattable done
Event: 44.384 Loading class java/util/Formatter$Flags
Event: 44.384 Loading class java/util/Formatter$Flags done
Event: 47.135 Loading class java/util/Collections$SynchronizedMap
Event: 47.135 Loading class java/util/Collections$SynchronizedMap done

Classes unloaded (0 events):
No events

Classes redefined (0 events):
No events

Internal exceptions (20 events):
Event: 40.594 Thread 0x000001b99c9f38f0 Implicit null exception at 0x000001b9a8551c64 to 0x000001b9a8552618
Event: 40.707 Thread 0x000001b99c9f38f0 Implicit null exception at 0x000001b9a77d8954 to 0x000001b9a77d9170
Event: 40.708 Thread 0x000001b99c9f38f0 Implicit null exception at 0x000001b9a7d74e58 to 0x000001b9a7d74ecd
Event: 42.725 Thread 0x000001b99c9f38f0 Implicit null exception at 0x000001b9a868322e to 0x000001b9a8683af0
Event: 43.482 Thread 0x000001b99c9f38f0 Exception <a 'java/lang/NoSuchMethodError'{0x0000000715e0b0e0}: 'java.lang.Object java.lang.invoke.DirectMethodHandle$Holder.invokeStatic(java.lang.Object, java.lang.Object, int, java.lang.Object, java.lang.Object)'> (0x0000000715e0b0e0) 
thrown [s\src\hotspot\share\interpreter\linkResolver.cpp, line 784]
Event: 43.482 Thread 0x000001b99c9f38f0 Exception <a 'java/lang/NoSuchMethodError'{0x0000000715e12730}: 'java.lang.Object java.lang.invoke.DirectMethodHandle$Holder.newInvokeSpecial(java.lang.Object, java.lang.Object, int, java.lang.Object, java.lang.Object)'> (0x0000000715e12730) 
thrown [s\src\hotspot\share\interpreter\linkResolver.cpp, line 784]
Event: 43.483 Thread 0x000001b99c9f38f0 Exception <a 'java/lang/NoSuchMethodError'{0x0000000715e16ed8}: 'java.lang.Object java.lang.invoke.DirectMethodHandle$Holder.invokeSpecial(java.lang.Object, java.lang.Object, java.lang.Object, int, java.lang.Object, java.lang.Object)'> (0x0000000715e16ed8) 
thrown [s\src\hotspot\share\interpreter\linkResolver.cpp, line 784]
Event: 43.483 Thread 0x000001b99c9f38f0 Exception <a 'java/lang/NoSuchMethodError'{0x0000000715e1ac80}: 'java.lang.Object java.lang.invoke.Invokers$Holder.linkToTargetMethod(java.lang.Object, int, java.lang.Object, java.lang.Object, java.lang.Object)'> (0x0000000715e1ac80) 
thrown [s\src\hotspot\share\interpreter\linkResolver.cpp, line 784]
Event: 46.687 Thread 0x000001b99c9f38f0 Exception <a 'java/lang/NoSuchMethodError'{0x0000000718395758}: 'java.lang.Object java.lang.invoke.DirectMethodHandle$Holder.invokeStatic(java.lang.Object, java.lang.Object, java.lang.Object, java.lang.Object, java.lang.Object, int, java.lang.Object, java.lang.Object)'> (0x0000000718395758) 
thrown [s\src\hotspot\share\interpreter\linkResolver.cpp, line 784]
Event: 47.171 Thread 0x000001b99c9f38f0 Exception <a 'java/lang/NoSuchMethodError'{0x0000000716dc6450}: 'java.lang.Object java.lang.invoke.DirectMethodHandle$Holder.newInvokeSpecial(java.lang.Object, int, java.lang.Object, int)'> (0x0000000716dc6450) 
thrown [s\src\hotspot\share\interpreter\linkResolver.cpp, line 784]
Event: 48.228 Thread 0x000001b99c9f38f0 Implicit null exception at 0x000001b9a7906c9d to 0x000001b9a7906e98
Event: 48.431 Thread 0x000001b99c9f38f0 Exception <a 'java/lang/NoSuchMethodError'{0x000000071cdcffe0}: 'java.lang.Object java.lang.invoke.DirectMethodHandle$Holder.newInvokeSpecial(java.lang.Object, java.lang.Object, java.lang.Object, java.lang.Object, java.lang.Object, java.lang.Object, java.lang.Object, java.lang.Object)'> (0x000000071cdcffe0) 
thrown [s\src\hotspot\share\interpreter\linkResolver.cpp, line 784]
Event: 48.449 Thread 0x000001b99c9f38f0 Implicit null exception at 0x000001b9a789bce0 to 0x000001b9a789bdcd
Event: 48.561 Thread 0x000001b99c9f38f0 Exception <a 'java/lang/NoSuchMethodError'{0x000000071c924248}: 'java.lang.Object java.lang.invoke.DirectMethodHandle$Holder.newInvokeSpecial(java.lang.Object, java.lang.Object, java.lang.Object, int, int, java.lang.Object)'> (0x000000071c924248) 
thrown [s\src\hotspot\share\interpreter\linkResolver.cpp, line 784]
Event: 48.561 Thread 0x000001b99c9f38f0 Exception <a 'java/lang/NoSuchMethodError'{0x000000071c928518}: 'java.lang.Object java.lang.invoke.DirectMethodHandle$Holder.invokeSpecial(java.lang.Object, java.lang.Object, java.lang.Object, java.lang.Object, int, int, java.lang.Object)'> (0x000000071c928518) 
thrown [s\src\hotspot\share\interpreter\linkResolver.cpp, line 784]
Event: 48.561 Thread 0x000001b99c9f38f0 Exception <a 'java/lang/NoSuchMethodError'{0x000000071c92bda0}: 'java.lang.Object java.lang.invoke.Invokers$Holder.linkToTargetMethod(java.lang.Object, java.lang.Object, int, int, java.lang.Object, java.lang.Object)'> (0x000000071c92bda0) 
thrown [s\src\hotspot\share\interpreter\linkResolver.cpp, line 784]
Event: 49.119 Thread 0x000001b99c9f38f0 Exception <a 'java/lang/NoSuchMethodError'{0x000000071b5e5798}: 'java.lang.Object java.lang.invoke.DirectMethodHandle$Holder.invokeStatic(java.lang.Object, java.lang.Object, java.lang.Object, java.lang.Object, java.lang.Object, java.lang.Object, java.lang.Object, int, java.lang.Object, java.lang.Object)'> (0x000000071b5e5798) 
thrown [s\src\hotspot\share\interpreter\linkResolver.cpp, line 784]
Event: 49.124 Thread 0x000001b99c9f38f0 Implicit null exception at 0x000001b9a765881e to 0x000001b9a7658a28
Event: 49.124 Thread 0x000001b99c9f38f0 Implicit null exception at 0x000001b9a7dcc99e to 0x000001b9a7dccba8
Event: 49.124 Thread 0x000001b99c9f38f0 Implicit null exception at 0x000001b9a7e57160 to 0x000001b9a7e5724d

ZGC Phase Switch (0 events):
No events

VM Operations (20 events):
Event: 48.924 Executing VM operation: ICBufferFull done
Event: 49.076 Executing VM operation: ICBufferFull
Event: 49.076 Executing VM operation: ICBufferFull done
Event: 49.185 Executing VM operation: ICBufferFull
Event: 49.185 Executing VM operation: ICBufferFull done
Event: 49.268 Executing VM operation: ICBufferFull
Event: 49.268 Executing VM operation: ICBufferFull done
Event: 49.443 Executing VM operation: HandshakeAllThreads (Deoptimize)
Event: 49.443 Executing VM operation: HandshakeAllThreads (Deoptimize) done
Event: 49.446 Executing VM operation: HandshakeAllThreads (Deoptimize)
Event: 49.446 Executing VM operation: HandshakeAllThreads (Deoptimize) done
Event: 49.469 Executing VM operation: ICBufferFull
Event: 49.469 Executing VM operation: ICBufferFull done
Event: 49.573 Executing VM operation: ICBufferFull
Event: 49.573 Executing VM operation: ICBufferFull done
Event: 49.748 Executing VM operation: ICBufferFull
Event: 49.748 Executing VM operation: ICBufferFull done
Event: 49.911 Executing VM operation: ICBufferFull
Event: 49.911 Executing VM operation: ICBufferFull done
Event: 50.066 Executing VM operation: G1TryInitiateConcMark (CodeCache GC Threshold)

Memory protections (0 events):
No events

Nmethod flushes (20 events):
Event: 44.418 Thread 0x000001b9b6178470 flushing  nmethod 0x000001b9a2662990
Event: 44.418 Thread 0x000001b9b6178470 flushing  nmethod 0x000001b9a2663c90
Event: 44.418 Thread 0x000001b9b6178470 flushing  nmethod 0x000001b9a2666290
Event: 44.418 Thread 0x000001b9b6178470 flushing  nmethod 0x000001b9a266a610
Event: 44.418 Thread 0x000001b9b6178470 flushing  nmethod 0x000001b9a266aa90
Event: 44.418 Thread 0x000001b9b6178470 flushing  nmethod 0x000001b9a2786c10
Event: 44.418 Thread 0x000001b9b6178470 flushing  nmethod 0x000001b9a2787090
Event: 44.418 Thread 0x000001b9b6178470 flushing  nmethod 0x000001b9a278d310
Event: 44.418 Thread 0x000001b9b6178470 flushing  nmethod 0x000001b9a282f010
Event: 44.418 Thread 0x000001b9b6178470 flushing  nmethod 0x000001b9a2832290
Event: 44.418 Thread 0x000001b9b6178470 flushing  nmethod 0x000001b9a283f610
Event: 44.418 Thread 0x000001b9b6178470 flushing  nmethod 0x000001b9a2844710
Event: 44.418 Thread 0x000001b9b6178470 flushing  nmethod 0x000001b9a2844b90
Event: 44.418 Thread 0x000001b9b6178470 flushing  nmethod 0x000001b9a285a990
Event: 44.418 Thread 0x000001b9b6178470 flushing  nmethod 0x000001b9a2cc2190
Event: 44.418 Thread 0x000001b9b6178470 flushing  nmethod 0x000001b9a2cdc910
Event: 44.418 Thread 0x000001b9b6178470 flushing  nmethod 0x000001b9a2ce8910
Event: 44.418 Thread 0x000001b9b6178470 flushing  nmethod 0x000001b9a2ce9a10
Event: 44.418 Thread 0x000001b9b6178470 flushing  nmethod 0x000001b9a2cf2f10
Event: 44.418 Thread 0x000001b9b6178470 flushing  nmethod 0x000001b9a2d82a10

Events (20 events):
Event: 0.012 Thread 0x000001b99c9f38f0 Thread added: 0x000001b99c9f38f0
Event: 0.064 Thread 0x000001b99c9f38f0 Thread added: 0x000001b9b61c3430
Event: 0.070 Thread 0x000001b99c9f38f0 Thread added: 0x000001b9b61df860
Event: 0.071 Thread 0x000001b99c9f38f0 Thread added: 0x000001b9b61e1ee0
Event: 0.072 Thread 0x000001b99c9f38f0 Thread added: 0x000001b9b61fda40
Event: 0.072 Thread 0x000001b99c9f38f0 Thread added: 0x000001b9b61fe4a0
Event: 0.072 Thread 0x000001b99c9f38f0 Thread added: 0x000001b9b61fef00
Event: 0.072 Thread 0x000001b99c9f38f0 Thread added: 0x000001b9b6200170
Event: 0.072 Thread 0x000001b99c9f38f0 Thread added: 0x000001b9b61e7110
Event: 0.072 Thread 0x000001b99c9f38f0 Thread added: 0x000001b9b61e7bb0
Event: 0.115 Thread 0x000001b99c9f38f0 Thread added: 0x000001b9b6394e40
Event: 0.128 Loaded shared library C:\Program Files\Android\Android Studio1\jbr\bin\net.dll
Event: 0.130 Loaded shared library C:\Program Files\Android\Android Studio1\jbr\bin\nio.dll
Event: 0.148 Thread 0x000001b9b61e7110 Thread added: 0x000001b9b6409cd0
Event: 0.163 Loaded shared library C:\Program Files\Android\Android Studio1\jbr\bin\zip.dll
Event: 0.199 Loaded shared library C:\Program Files\Android\Android Studio1\jbr\bin\jimage.dll
Event: 2.518 Thread 0x000001b9b6409cd0 Thread exited: 0x000001b9b6409cd0
Event: 3.019 Thread 0x000001b9b61e7bb0 Thread added: 0x000001b9bca79340
Event: 17.455 Thread 0x000001b9bca79340 Thread exited: 0x000001b9bca79340
Event: 17.479 Thread 0x000001b9b61e7bb0 Thread added: 0x000001b9bd932be0


Dynamic libraries:
0x00007ff742ac0000 - 0x00007ff742aca000 	C:\Program Files\Android\Android Studio1\jbr\bin\java.exe
0x00007ffe82f70000 - 0x00007ffe83168000 	C:\Windows\SYSTEM32\ntdll.dll
0x00007ffe817f0000 - 0x00007ffe818b2000 	C:\Windows\System32\KERNEL32.DLL
0x00007ffe80a30000 - 0x00007ffe80d26000 	C:\Windows\System32\KERNELBASE.dll
0x00007ffe80e60000 - 0x00007ffe80f60000 	C:\Windows\System32\ucrtbase.dll
0x00007ffe79ea0000 - 0x00007ffe79ebb000 	C:\Program Files\Android\Android Studio1\jbr\bin\VCRUNTIME140.dll
0x00007ffe79040000 - 0x00007ffe79058000 	C:\Program Files\Android\Android Studio1\jbr\bin\jli.dll
0x00007ffe81100000 - 0x00007ffe812a1000 	C:\Windows\System32\USER32.dll
0x00007ffe808e0000 - 0x00007ffe80902000 	C:\Windows\System32\win32u.dll
0x00007ffe813e0000 - 0x00007ffe8140b000 	C:\Windows\System32\GDI32.dll
0x00007ffe80910000 - 0x00007ffe80a29000 	C:\Windows\System32\gdi32full.dll
0x00007ffe6de50000 - 0x00007ffe6e0eb000 	C:\Windows\WinSxS\amd64_microsoft.windows.common-controls_6595b64144ccf1df_6.0.19041.6456_none_60b8a6cb71f64256\COMCTL32.dll
0x00007ffe807b0000 - 0x00007ffe8084d000 	C:\Windows\System32\msvcp_win.dll
0x00007ffe82d80000 - 0x00007ffe82e1e000 	C:\Windows\System32\msvcrt.dll
0x00007ffe80f90000 - 0x00007ffe80fbf000 	C:\Windows\System32\IMM32.DLL
0x00007ffe7bc90000 - 0x00007ffe7bc9c000 	C:\Program Files\Android\Android Studio1\jbr\bin\vcruntime140_1.dll
0x00007ffe64700000 - 0x00007ffe6478d000 	C:\Program Files\Android\Android Studio1\jbr\bin\msvcp140.dll
0x00007ffe25550000 - 0x00007ffe261e6000 	C:\Program Files\Android\Android Studio1\jbr\bin\server\jvm.dll
0x00007ffe81710000 - 0x00007ffe817c1000 	C:\Windows\System32\ADVAPI32.dll
0x00007ffe81670000 - 0x00007ffe8170f000 	C:\Windows\System32\sechost.dll
0x00007ffe82740000 - 0x00007ffe82860000 	C:\Windows\System32\RPCRT4.dll
0x00007ffe80f60000 - 0x00007ffe80f87000 	C:\Windows\System32\bcrypt.dll
0x00007ffe82530000 - 0x00007ffe8259b000 	C:\Windows\System32\WS2_32.dll
0x00007ffe7fb90000 - 0x00007ffe7fbdb000 	C:\Windows\SYSTEM32\POWRPROF.dll
0x00007ffe784e0000 - 0x00007ffe784ea000 	C:\Windows\SYSTEM32\VERSION.dll
0x00007ffe770b0000 - 0x00007ffe770d7000 	C:\Windows\SYSTEM32\WINMM.dll
0x00007ffe7fa00000 - 0x00007ffe7fa12000 	C:\Windows\SYSTEM32\UMPDC.dll
0x00007ffe7ee30000 - 0x00007ffe7ee42000 	C:\Windows\SYSTEM32\kernel.appcore.dll
0x00007ffe7af90000 - 0x00007ffe7af9a000 	C:\Program Files\Android\Android Studio1\jbr\bin\jimage.dll
0x00007ffe7a2b0000 - 0x00007ffe7a4b1000 	C:\Windows\SYSTEM32\DBGHELP.DLL
0x00007ffe65e80000 - 0x00007ffe65eb4000 	C:\Windows\SYSTEM32\dbgcore.DLL
0x00007ffe80850000 - 0x00007ffe808d2000 	C:\Windows\System32\bcryptPrimitives.dll
0x00007ffe79e80000 - 0x00007ffe79ea0000 	C:\Program Files\Android\Android Studio1\jbr\bin\java.dll
0x00007ffe71a80000 - 0x00007ffe71a98000 	C:\Program Files\Android\Android Studio1\jbr\bin\zip.dll
0x00007ffe818c0000 - 0x00007ffe82030000 	C:\Windows\System32\SHELL32.dll
0x00007ffe7e5a0000 - 0x00007ffe7ed45000 	C:\Windows\SYSTEM32\windows.storage.dll
0x00007ffe82a10000 - 0x00007ffe82d64000 	C:\Windows\System32\combase.dll
0x00007ffe80030000 - 0x00007ffe8005b000 	C:\Windows\SYSTEM32\Wldp.dll
0x00007ffe812b0000 - 0x00007ffe8137d000 	C:\Windows\System32\OLEAUT32.dll
0x00007ffe815c0000 - 0x00007ffe8166d000 	C:\Windows\System32\SHCORE.dll
0x00007ffe81380000 - 0x00007ffe813db000 	C:\Windows\System32\shlwapi.dll
0x00007ffe80530000 - 0x00007ffe80554000 	C:\Windows\SYSTEM32\profapi.dll
0x00007ffe79e70000 - 0x00007ffe79e80000 	C:\Program Files\Android\Android Studio1\jbr\bin\net.dll
0x00007ffe79480000 - 0x00007ffe7958a000 	C:\Windows\SYSTEM32\WINHTTP.dll
0x00007ffe7fd90000 - 0x00007ffe7fdfa000 	C:\Windows\system32\mswsock.dll
0x00007ffe71a60000 - 0x00007ffe71a76000 	C:\Program Files\Android\Android Studio1\jbr\bin\nio.dll
0x00007ffe718b0000 - 0x00007ffe718c0000 	C:\Program Files\Android\Android Studio1\jbr\bin\verify.dll

JVMTI agents: none

dbghelp: loaded successfully - version: 4.0.5 - missing functions: none
symbol engine: initialized successfully - sym options: 0x614 - pdb path: .;C:\Program Files\Android\Android Studio1\jbr\bin;C:\Windows\SYSTEM32;C:\Windows\WinSxS\amd64_microsoft.windows.common-controls_6595b64144ccf1df_6.0.19041.6456_none_60b8a6cb71f64256;C:\Program Files\Android\Android Studio1\jbr\bin\server

VM Arguments:
java_command: org.jetbrains.kotlin.cli.jvm.K2JVMCompiler @C:\Users\avezk\AndroidStudioProjects\GlyphV3\app\build\20251224_5960687504856887493.compiler.options
java_class_path (initial): C:\Gradle\gradle-4.10.3\bin\caches\modules-2\files-2.1\org.jetbrains.kotlin\kotlin-compiler-embeddable\2.0.21\79346ed53db48b18312a472602eb5c057070c54d\kotlin-compiler-embeddable-2.0.21.jar;C:\Gradle\gradle-4.10.3\bin\caches\modules-2\files-2.1\org.jetbrains.kotlin\kotlin-stdlib\2.0.21\618b539767b4899b4660a83006e052b63f1db551\kotlin-stdlib-2.0.21.jar;C:\Gradle\gradle-4.10.3\bin\caches\modules-2\files-2.1\org.jetbrains.kotlin\kotlin-script-runtime\2.0.21\c9b044380ad41f89aa89aa896c2d32a8c0b2129d\kotlin-script-runtime-2.0.21.jar;C:\Gradle\gradle-4.10.3\bin\caches\modules-2\files-2.1\org.jetbrains.kotlin\kotlin-reflect\1.6.10\1cbe9c92c12a94eea200d23c2bbaedaf3daf5132\kotlin-reflect-1.6.10.jar;C:\Gradle\gradle-4.10.3\bin\caches\modules-2\files-2.1\org.jetbrains.kotlin\kotlin-daemon-embeddable\2.0.21\c9e933b23287de9b5a17e2116b4657bb91aea72c\kotlin-daemon-embeddable-2.0.21.jar;C:\Gradle\gradle-4.10.3\bin\caches\modules-2\files-2.1\org.jetbrains.intellij.deps\trove4j\1.0.20200330\3afb14d5f9ceb459d724e907a21145e8ff394f02\trove4j-1.0.20200330.jar;C:\Gradle\gradle-4.10.3\bin\caches\modules-2\files-2.1\org.jetbrains.kotlinx\kotlinx-coroutines-core-jvm\1.6.4\2c997cd1c0ef33f3e751d3831929aeff1390cb30\kotlinx-coroutines-core-jvm-1.6.4.jar;C:\Gradle\gradle-4.10.3\bin\caches\modules-2\files-2.1\org.jetbrains\annotations\13.0\919f0dfe192fb4e063e7dacadee7f8bb9a2672a9\annotations-13.0.jar
Launcher Type: SUN_STANDARD

[Global flags]
     intx CICompilerCount                          = 3                                         {product} {ergonomic}
     uint ConcGCThreads                            = 1                                         {product} {ergonomic}
     uint G1ConcRefinementThreads                  = 4                                         {product} {ergonomic}
   size_t G1HeapRegionSize                         = 2097152                                   {product} {ergonomic}
    uintx GCDrainStackTargetSize                   = 64                                        {product} {ergonomic}
   size_t InitialHeapSize                          = 268435456                                 {product} {ergonomic}
   size_t MarkStackSize                            = 4194304                                   {product} {ergonomic}
   size_t MaxHeapSize                              = 4276092928                                {product} {ergonomic}
   size_t MaxNewSize                               = 2564816896                                {product} {ergonomic}
   size_t MinHeapDeltaBytes                        = 2097152                                   {product} {ergonomic}
   size_t MinHeapSize                              = 8388608                                   {product} {ergonomic}
    uintx NonNMethodCodeHeapSize                   = 5832780                                {pd product} {ergonomic}
    uintx NonProfiledCodeHeapSize                  = 122912730                              {pd product} {ergonomic}
    uintx ProfiledCodeHeapSize                     = 122912730                              {pd product} {ergonomic}
    uintx ReservedCodeCacheSize                    = 251658240                              {pd product} {ergonomic}
     bool SegmentedCodeCache                       = true                                      {product} {ergonomic}
   size_t SoftMaxHeapSize                          = 4276092928                             {manageable} {ergonomic}
     bool UseCompressedOops                        = true                           {product lp64_product} {ergonomic}
     bool UseG1GC                                  = true                                      {product} {ergonomic}
     bool UseLargePagesIndividualAllocation        = false                                  {pd product} {ergonomic}

Logging:
Log output configuration:
 #0: stdout all=warning uptime,level,tags foldmultilines=false
 #1: stderr all=off uptime,level,tags foldmultilines=false

Environment Variables:
JAVA_HOME=C:\Program Files\Java\jdk-17
PATH=C:\Program Files\Java\jdk-17\bin;C:\Python313\Scripts\;C:\Python313\;C:\Program Files\Common Files\Oracle\Java\javapath;C:\Program Files (x86)\Common Files\Oracle\Java\javapath;C:\Program Files (x86)\Common Files\Intel\Shared Libraries\redist\intel64_win\compiler;C:\WINDOWS\system32;C:\WINDOWS;C:\WINDOWS\System32\Wbem;C:\WINDOWS\System32\WindowsPowerShell\v1.0\;C:\Users\avezk\AppData\Roaming\npm;C:\Users\avezk\AppData\Local\Microsoft\WindowsApps;C:\Windows\system32;C:\Windows;C:\Windows\System32\Wbem;C:\Windows\System32\WindowsPowerShell\v1.0\;C:\Windows\System32\OpenSSH\;C:\Users\avezk\AppData\Local\Android\Sdk\platform-tools;C:\Users\avezk\AppData\Local\Android\Sdk\build-tools\31.0.0;C:\Users\avezk\AppData\Local\Android\Sdk\tools\bin;C:\Program Files\dotnet\;C:\ProgramData\ComposerSetup\bin;C:\Gradle\gradle-7.6\bin;C:\Program Files\Java\jdk-17;C:\Program Files\wkhtmltopdf\bin;C:\wamp64\bin\php\php8.3.6;C:\Users\avezk\AppData\Local\Android\SDK\tools;C:\Users\avezk\AppData\Local\Android\SDK\platform-tools;C:\Users\avezk\AppData\Roaming\nvm;;C:\Program Files\Git\cmd;C:\ProgramData\chocolatey\bin;C:\Program Files\nodejs\;;c:\Users\avezk\AppData\Local\Programs\cursor\resources\app\bin;C:\Program Files\Java\jdk-17\bin;C:\Python313\Scripts\;C:\Python313\;C:\Program Files\Common Files\Oracle\Java\javapath;C:\Program Files (x86)\Common Files\Oracle\Java\javapath;C:\Program Files (x86)\Common Files\Intel\Shared Libraries\redist\intel64_win\compiler;C:\WINDOWS\system32;C:\WINDOWS;C:\WINDOWS\System32\Wbem;C:\WINDOWS\System32\WindowsPowerShell\v1.0\;C:\Users\avezk\AppData\Roaming\npm;C:\Users\avezk\AppData\Local\Microsoft\WindowsApps;C:\Windows\system32;C:\Windows;C:\Windows\System32\Wbem;C:\Windows\System32\WindowsPowerShell\v1.0\;C:\Windows\System32\OpenSSH\;C:\Users\avezk\AppData\Local\Android\Sdk\platform-tools;C:\Users\avezk\AppData\Local\Android\Sdk\build-tools\31.0.0;C:\Users\avezk\AppData\Local\Android\Sdk\tools\bin;C:\Program Files\dotnet\;C:\ProgramData\ComposerSetup\bin;C:\Gradle\gradle-7.6\bin;C:\Program Files\Java\jdk-17;C:\Program Files\wkhtmltopdf\bin;C:\wamp64\bin\php\php8.3.6;C:\Users\avezk\AppData\Local\Android\SDK\tools;C:\Users\avezk\AppData\Local\Android\SDK\platform-tools;C:\;C:\Users\avezk\AppData\Local\Programs\Microsoft VS Code\bin;C:\Users\avezk\AppData\Local\Programs\cursor\resources\app\bin
USERNAME=avezk
OS=Windows_NT
PROCESSOR_IDENTIFIER=Intel64 Family 6 Model 42 Stepping 7, GenuineIntel
TMP=C:\Users\avezk\AppData\Local\Temp
TEMP=C:\Users\avezk\AppData\Local\Temp




Periodic native trim disabled

JNI global refs:
JNI global refs: 12, weak refs: 9

JNI global refs memory usage: 835, weak refs: 833

Process memory usage:
Resident Set Size: 849640K (5% of 16702284K total physical memory with 489032K free physical memory)

OOME stack traces (most recent first):
Classloader memory used:
Loader jdk.internal.loader.ClassLoaders$AppClassLoader                                 : 86548K
Loader bootstrap                                                                       : 12016K
Loader java.net.URLClassLoader                                                         : 3247K

---------------  S Y S T E M  ---------------

OS:
 Windows 10 , 64 bit Build 19041 (10.0.19041.5915)
OS uptime: 0 days 16:29 hours

CPU: total 4 (initial active 4) (4 cores per cpu, 1 threads per core) family 6 model 42 stepping 7 microcode 0x2f, cx8, cmov, fxsr, mmx, sse, sse2, sse3, ssse3, sse4.1, sse4.2, popcnt, tsc, tscinvbit, avx, aes, clmul, vzeroupper, clflush, rdtscp
Processor Information for the first 4 processors :
  Max Mhz: 3000, Current Mhz: 3000, Mhz Limit: 3000

Memory: 4k page, system-wide physical 16310M (477M free)
TotalPageFile size 20406M (AvailPageFile size 136M)
current process WorkingSet (physical memory assigned to process): 829M, peak: 831M
current process commit charge ("private bytes"): 856M, peak: 989M

vm_info: OpenJDK 64-Bit Server VM (21.0.8+-14196175-b1038.72) for windows-amd64 JRE (21.0.8+-14196175-b1038.72), built on 2025-10-01T10:24:33Z by "builder" with MS VC++ 16.10 / 16.11 (VS2019)

END.
