#
# There is insufficient memory for the Java Runtime Environment to continue.
# Native memory allocation (mmap) failed to map 268435456 bytes. Error detail: G1 virtual space
# Possible reasons:
#   The system is out of physical RAM or swap space
#   This process is running with CompressedOops enabled, and the Java Heap may be blocking the growth of the native heap
# Possible solutions:
#   Reduce memory load on the system
#   Increase physical memory or swap space
#   Check if swap backing store is full
#   Decrease Java heap size (-Xmx/-Xms)
#   Decrease number of Java threads
#   Decrease Java thread stack sizes (-Xss)
#   Set larger code cache with -XX:ReservedCodeCacheSize=
#   JVM is running with Zero Based Compressed Oops mode in which the Java heap is
#     placed in the first 32GB address space. The Java Heap base address is the
#     maximum limit for the native heap growth. Please use -XX:HeapBaseMinAddress
#     to set the Java Heap base and to place the Java Heap above 32GB virtual address.
# This output file may be truncated or incomplete.
#
#  Out of Memory Error (os_windows.cpp:3925), pid=15996, tid=12076
#
# JRE version:  (21.0.8) (build )
# Java VM: OpenJDK 64-Bit Server VM (21.0.8+-14196175-b1038.72, mixed mode, sharing, tiered, compressed oops, compressed class ptrs, g1 gc, windows-amd64)
# No core dump will be written. Minidumps are not enabled by default on client versions of Windows
#

---------------  S U M M A R Y ------------

Command Line: org.jetbrains.kotlin.cli.jvm.K2JVMCompiler @C:\Users\avezk\AndroidStudioProjects\GlyphV3\app\build\20251224_14145450736374750104.compiler.options

Host: Intel(R) Core(TM) i5-2320 CPU @ 3.00GHz, 4 cores, 15G,  Windows 10 , 64 bit Build 19041 (10.0.19041.5915)
Time: Wed Dec 24 00:07:14 2025 India Standard Time elapsed time: 0.022571 seconds (0d 0h 0m 0s)

---------------  T H R E A D  ---------------

Current thread (0x000001487c95ef90):  JavaThread "Unknown thread" [_thread_in_vm, id=12076, stack(0x0000002bbbe00000,0x0000002bbbf00000) (1024K)]

Stack: [0x0000002bbbe00000,0x0000002bbbf00000]
Native frames: (J=compiled Java code, j=interpreted, Vv=VM code, C=native code)
V  [jvm.dll+0x6d68d9]
V  [jvm.dll+0x866693]
V  [jvm.dll+0x868c4e]
V  [jvm.dll+0x869333]
V  [jvm.dll+0x280566]
V  [jvm.dll+0x6d3195]
V  [jvm.dll+0x6c69ea]
V  [jvm.dll+0x3586db]
V  [jvm.dll+0x360336]
V  [jvm.dll+0x3b23f6]
V  [jvm.dll+0x3b26c8]
V  [jvm.dll+0x32ae6c]
V  [jvm.dll+0x32bb5b]
V  [jvm.dll+0x82e109]
V  [jvm.dll+0x3bf5c8]
V  [jvm.dll+0x817388]
V  [jvm.dll+0x453b6e]
V  [jvm.dll+0x4552d1]
C  [jli.dll+0x52ab]
C  [ucrtbase.dll+0x21bb2]
C  [KERNEL32.DLL+0x17374]
C  [ntdll.dll+0x4cc91]


---------------  P R O C E S S  ---------------

Threads class SMR info:
_java_thread_list=0x00007ffe2609b988, length=0, elements={
}

Java Threads: ( => current thread )
Total: 0

Other Threads:
  0x000001487c9c4270 WorkerThread "GC Thread#0"                     [id=3016, stack(0x0000002bbbf00000,0x0000002bbc000000) (1024K)]
  0x000001487c9d5120 ConcurrentGCThread "G1 Main Marker"            [id=3760, stack(0x0000002bbc000000,0x0000002bbc100000) (1024K)]
  0x000001487c9d5c20 WorkerThread "G1 Conc#0"                       [id=7844, stack(0x0000002bbc100000,0x0000002bbc200000) (1024K)]

[error occurred during error reporting (printing all threads), id 0xc0000005, EXCEPTION_ACCESS_VIOLATION (0xc0000005) at pc=0x00007ffe2588ddd7]
VM state: not at safepoint (not fully initialized)

VM Mutex/Monitor currently owned by a thread:  ([mutex/lock_event])
[0x00007ffe261086b8] Heap_lock - owner thread: 0x000001487c95ef90

Heap address: 0x0000000701200000, size: 4078 MB, Compressed Oops mode: Zero based, Oop shift amount: 3

CDS archive(s) mapped at: [0x0000000000000000-0x0000000000000000-0x0000000000000000), size 0, SharedBaseAddress: 0x0000000800000000, ArchiveRelocationMode: 1.
Narrow klass base: 0x0000000000000000, Narrow klass shift: 0, Narrow klass range: 0x0

GC Precious Log:
 CardTable entry size: 512
 Card Set container configuration: InlinePtr #cards 4 size 8 Array Of Cards #cards 16 size 48 Howl #buckets 8 coarsen threshold 3686 Howl Bitmap #cards 512 size 80 coarsen threshold 460 Card regions per heap region 1 cards per card region 4096

Heap:
 garbage-first heap   total 0K, used 0K [0x0000000701200000, 0x0000000800000000)
  region size 2048K, 0 young (0K), 0 survivors (0K)
 Metaspace       used 0K, committed 0K, reserved 0K
  class space    used 0K, committed 0K, reserved 0K

Heap Regions: E=young(eden), S=young(survivor), O=old, HS=humongous(starts), HC=humongous(continues), CS=collection set, F=free, TAMS=top-at-mark-start, PB=parsable bottom

Card table byte_map: [0x000001480f800000,0x0000014810000000] _byte_map_base: 0x000001480bff7000

Marking Bits: (CMBitMap*) 0x000001487c9c4970
 Bits: [0x0000014810000000, 0x0000014813fb8000)

GC Heap History (0 events):
No events

Dll operation events (1 events):
Event: 0.015 Loaded shared library C:\Program Files\Android\Android Studio1\jbr\bin\java.dll

Deoptimization events (0 events):
No events

Classes loaded (0 events):
No events

Classes unloaded (0 events):
No events

Classes redefined (0 events):
No events

Internal exceptions (0 events):
No events

ZGC Phase Switch (0 events):
No events

VM Operations (0 events):
No events

Memory protections (0 events):
No events

Nmethod flushes (0 events):
No events

Events (0 events):
No events


Dynamic libraries:
0x00007ff742ac0000 - 0x00007ff742aca000 	C:\Program Files\Android\Android Studio1\jbr\bin\java.exe
0x00007ffe82f70000 - 0x00007ffe83168000 	C:\Windows\SYSTEM32\ntdll.dll
0x00007ffe817f0000 - 0x00007ffe818b2000 	C:\Windows\System32\KERNEL32.DLL
0x00007ffe80a30000 - 0x00007ffe80d26000 	C:\Windows\System32\KERNELBASE.dll
0x00007ffe80e60000 - 0x00007ffe80f60000 	C:\Windows\System32\ucrtbase.dll
0x00007ffe79ea0000 - 0x00007ffe79ebb000 	C:\Program Files\Android\Android Studio1\jbr\bin\VCRUNTIME140.dll
0x00007ffe79040000 - 0x00007ffe79058000 	C:\Program Files\Android\Android Studio1\jbr\bin\jli.dll
0x00007ffe81100000 - 0x00007ffe812a1000 	C:\Windows\System32\USER32.dll
0x00007ffe808e0000 - 0x00007ffe80902000 	C:\Windows\System32\win32u.dll
0x00007ffe813e0000 - 0x00007ffe8140b000 	C:\Windows\System32\GDI32.dll
0x00007ffe80910000 - 0x00007ffe80a29000 	C:\Windows\System32\gdi32full.dll
0x00007ffe807b0000 - 0x00007ffe8084d000 	C:\Windows\System32\msvcp_win.dll
0x00007ffe6de50000 - 0x00007ffe6e0eb000 	C:\Windows\WinSxS\amd64_microsoft.windows.common-controls_6595b64144ccf1df_6.0.19041.6456_none_60b8a6cb71f64256\COMCTL32.dll
0x00007ffe82d80000 - 0x00007ffe82e1e000 	C:\Windows\System32\msvcrt.dll
0x00007ffe80f90000 - 0x00007ffe80fbf000 	C:\Windows\System32\IMM32.DLL
0x00007ffe7bc90000 - 0x00007ffe7bc9c000 	C:\Program Files\Android\Android Studio1\jbr\bin\vcruntime140_1.dll
0x00007ffe64700000 - 0x00007ffe6478d000 	C:\Program Files\Android\Android Studio1\jbr\bin\msvcp140.dll
0x00007ffe25550000 - 0x00007ffe261e6000 	C:\Program Files\Android\Android Studio1\jbr\bin\server\jvm.dll
0x00007ffe81710000 - 0x00007ffe817c1000 	C:\Windows\System32\ADVAPI32.dll
0x00007ffe81670000 - 0x00007ffe8170f000 	C:\Windows\System32\sechost.dll
0x00007ffe82740000 - 0x00007ffe82860000 	C:\Windows\System32\RPCRT4.dll
0x00007ffe80f60000 - 0x00007ffe80f87000 	C:\Windows\System32\bcrypt.dll
0x00007ffe82530000 - 0x00007ffe8259b000 	C:\Windows\System32\WS2_32.dll
0x00007ffe7fb90000 - 0x00007ffe7fbdb000 	C:\Windows\SYSTEM32\POWRPROF.dll
0x00007ffe770b0000 - 0x00007ffe770d7000 	C:\Windows\SYSTEM32\WINMM.dll
0x00007ffe784e0000 - 0x00007ffe784ea000 	C:\Windows\SYSTEM32\VERSION.dll
0x00007ffe7fa00000 - 0x00007ffe7fa12000 	C:\Windows\SYSTEM32\UMPDC.dll
0x00007ffe7ee30000 - 0x00007ffe7ee42000 	C:\Windows\SYSTEM32\kernel.appcore.dll
0x00007ffe7af90000 - 0x00007ffe7af9a000 	C:\Program Files\Android\Android Studio1\jbr\bin\jimage.dll
0x00007ffe7a2b0000 - 0x00007ffe7a4b1000 	C:\Windows\SYSTEM32\DBGHELP.DLL
0x00007ffe65e80000 - 0x00007ffe65eb4000 	C:\Windows\SYSTEM32\dbgcore.DLL
0x00007ffe80850000 - 0x00007ffe808d2000 	C:\Windows\System32\bcryptPrimitives.dll
0x00007ffe79e80000 - 0x00007ffe79ea0000 	C:\Program Files\Android\Android Studio1\jbr\bin\java.dll

JVMTI agents: none

dbghelp: loaded successfully - version: 4.0.5 - missing functions: none
symbol engine: initialized successfully - sym options: 0x614 - pdb path: .;C:\Program Files\Android\Android Studio1\jbr\bin;C:\Windows\SYSTEM32;C:\Windows\WinSxS\amd64_microsoft.windows.common-controls_6595b64144ccf1df_6.0.19041.6456_none_60b8a6cb71f64256;C:\Program Files\Android\Android Studio1\jbr\bin\server

VM Arguments:
java_command: org.jetbrains.kotlin.cli.jvm.K2JVMCompiler @C:\Users\avezk\AndroidStudioProjects\GlyphV3\app\build\20251224_14145450736374750104.compiler.options
java_class_path (initial): C:\Gradle\gradle-4.10.3\bin\caches\modules-2\files-2.1\org.jetbrains.kotlin\kotlin-compiler-embeddable\2.0.21\79346ed53db48b18312a472602eb5c057070c54d\kotlin-compiler-embeddable-2.0.21.jar;C:\Gradle\gradle-4.10.3\bin\caches\modules-2\files-2.1\org.jetbrains.kotlin\kotlin-stdlib\2.0.21\618b539767b4899b4660a83006e052b63f1db551\kotlin-stdlib-2.0.21.jar;C:\Gradle\gradle-4.10.3\bin\caches\modules-2\files-2.1\org.jetbrains.kotlin\kotlin-script-runtime\2.0.21\c9b044380ad41f89aa89aa896c2d32a8c0b2129d\kotlin-script-runtime-2.0.21.jar;C:\Gradle\gradle-4.10.3\bin\caches\modules-2\files-2.1\org.jetbrains.kotlin\kotlin-reflect\1.6.10\1cbe9c92c12a94eea200d23c2bbaedaf3daf5132\kotlin-reflect-1.6.10.jar;C:\Gradle\gradle-4.10.3\bin\caches\modules-2\files-2.1\org.jetbrains.kotlin\kotlin-daemon-embeddable\2.0.21\c9e933b23287de9b5a17e2116b4657bb91aea72c\kotlin-daemon-embeddable-2.0.21.jar;C:\Gradle\gradle-4.10.3\bin\caches\modules-2\files-2.1\org.jetbrains.intellij.deps\trove4j\1.0.20200330\3afb14d5f9ceb459d724e907a21145e8ff394f02\trove4j-1.0.20200330.jar;C:\Gradle\gradle-4.10.3\bin\caches\modules-2\files-2.1\org.jetbrains.kotlinx\kotlinx-coroutines-core-jvm\1.6.4\2c997cd1c0ef33f3e751d3831929aeff1390cb30\kotlinx-coroutines-core-jvm-1.6.4.jar;C:\Gradle\gradle-4.10.3\bin\caches\modules-2\files-2.1\org.jetbrains\annotations\13.0\919f0dfe192fb4e063e7dacadee7f8bb9a2672a9\annotations-13.0.jar
Launcher Type: SUN_STANDARD

[Global flags]
     intx CICompilerCount                          = 3                                         {product} {ergonomic}
     uint ConcGCThreads                            = 1                                         {product} {ergonomic}
     uint G1ConcRefinementThreads                  = 4                                         {product} {ergonomic}
   size_t G1HeapRegionSize                         = 2097152                                   {product} {ergonomic}
    uintx GCDrainStackTargetSize                   = 64                                        {product} {ergonomic}
   size_t InitialHeapSize                          = 268435456                                 {product} {ergonomic}
   size_t MarkStackSize                            = 4194304                                   {product} {ergonomic}
   size_t MaxHeapSize                              = 4276092928                                {product} {ergonomic}
   size_t MinHeapDeltaBytes                        = 2097152                                   {product} {ergonomic}
   size_t MinHeapSize                              = 8388608                                   {product} {ergonomic}
    uintx NonNMethodCodeHeapSize                   = 5832780                                {pd product} {ergonomic}
    uintx NonProfiledCodeHeapSize                  = 122912730                              {pd product} {ergonomic}
    uintx ProfiledCodeHeapSize                     = 122912730                              {pd product} {ergonomic}
    uintx ReservedCodeCacheSize                    = 251658240                              {pd product} {ergonomic}
     bool SegmentedCodeCache                       = true                                      {product} {ergonomic}
   size_t SoftMaxHeapSize                          = 4276092928                             {manageable} {ergonomic}
     bool UseCompressedOops                        = true                           {product lp64_product} {ergonomic}
     bool UseG1GC                                  = true                                      {product} {ergonomic}
     bool UseLargePagesIndividualAllocation        = false                                  {pd product} {ergonomic}

Logging:
Log output configuration:
 #0: stdout all=warning uptime,level,tags foldmultilines=false
 #1: stderr all=off uptime,level,tags foldmultilines=false

Environment Variables:
JAVA_HOME=C:\Program Files\Java\jdk-17
PATH=C:\Program Files\Java\jdk-17\bin;C:\Python313\Scripts\;C:\Python313\;C:\Program Files\Common Files\Oracle\Java\javapath;C:\Program Files (x86)\Common Files\Oracle\Java\javapath;C:\Program Files (x86)\Common Files\Intel\Shared Libraries\redist\intel64_win\compiler;C:\WINDOWS\system32;C:\WINDOWS;C:\WINDOWS\System32\Wbem;C:\WINDOWS\System32\WindowsPowerShell\v1.0\;C:\Users\avezk\AppData\Roaming\npm;C:\Users\avezk\AppData\Local\Microsoft\WindowsApps;C:\Windows\system32;C:\Windows;C:\Windows\System32\Wbem;C:\Windows\System32\WindowsPowerShell\v1.0\;C:\Windows\System32\OpenSSH\;C:\Users\avezk\AppData\Local\Android\Sdk\platform-tools;C:\Users\avezk\AppData\Local\Android\Sdk\build-tools\31.0.0;C:\Users\avezk\AppData\Local\Android\Sdk\tools\bin;C:\Program Files\dotnet\;C:\ProgramData\ComposerSetup\bin;C:\Gradle\gradle-7.6\bin;C:\Program Files\Java\jdk-17;C:\Program Files\wkhtmltopdf\bin;C:\wamp64\bin\php\php8.3.6;C:\Users\avezk\AppData\Local\Android\SDK\tools;C:\Users\avezk\AppData\Local\Android\SDK\platform-tools;C:\Users\avezk\AppData\Roaming\nvm;;C:\Program Files\Git\cmd;C:\ProgramData\chocolatey\bin;C:\Program Files\nodejs\;;c:\Users\avezk\AppData\Local\Programs\cursor\resources\app\bin;C:\Program Files\Java\jdk-17\bin;C:\Python313\Scripts\;C:\Python313\;C:\Program Files\Common Files\Oracle\Java\javapath;C:\Program Files (x86)\Common Files\Oracle\Java\javapath;C:\Program Files (x86)\Common Files\Intel\Shared Libraries\redist\intel64_win\compiler;C:\WINDOWS\system32;C:\WINDOWS;C:\WINDOWS\System32\Wbem;C:\WINDOWS\System32\WindowsPowerShell\v1.0\;C:\Users\avezk\AppData\Roaming\npm;C:\Users\avezk\AppData\Local\Microsoft\WindowsApps;C:\Windows\system32;C:\Windows;C:\Windows\System32\Wbem;C:\Windows\System32\WindowsPowerShell\v1.0\;C:\Windows\System32\OpenSSH\;C:\Users\avezk\AppData\Local\Android\Sdk\platform-tools;C:\Users\avezk\AppData\Local\Android\Sdk\build-tools\31.0.0;C:\Users\avezk\AppData\Local\Android\Sdk\tools\bin;C:\Program Files\dotnet\;C:\ProgramData\ComposerSetup\bin;C:\Gradle\gradle-7.6\bin;C:\Program Files\Java\jdk-17;C:\Program Files\wkhtmltopdf\bin;C:\wamp64\bin\php\php8.3.6;C:\Users\avezk\AppData\Local\Android\SDK\tools;C:\Users\avezk\AppData\Local\Android\SDK\platform-tools;C:\;C:\Users\avezk\AppData\Local\Programs\Microsoft VS Code\bin;C:\Users\avezk\AppData\Local\Programs\cursor\resources\app\bin
USERNAME=avezk
OS=Windows_NT
PROCESSOR_IDENTIFIER=Intel64 Family 6 Model 42 Stepping 7, GenuineIntel
TMP=C:\Users\avezk\AppData\Local\Temp
TEMP=C:\Users\avezk\AppData\Local\Temp




Periodic native trim disabled

JNI global refs:
JNI global refs: 0, weak refs: 0

JNI global refs memory usage: 0, weak refs: 0

Process memory usage:
Resident Set Size: 10668K (0% of 16702284K total physical memory with 486080K free physical memory)

OOME stack traces (most recent first):
Classloader memory used:

---------------  S Y S T E M  ---------------

OS:
 Windows 10 , 64 bit Build 19041 (10.0.19041.5915)
OS uptime: 0 days 16:22 hours

CPU: total 4 (initial active 4) (4 cores per cpu, 1 threads per core) family 6 model 42 stepping 7 microcode 0x2f, cx8, cmov, fxsr, mmx, sse, sse2, sse3, ssse3, sse4.1, sse4.2, popcnt, tsc, tscinvbit, avx, aes, clmul, vzeroupper, clflush, rdtscp
Processor Information for the first 4 processors :
  Max Mhz: 3000, Current Mhz: 3000, Mhz Limit: 3000

Memory: 4k page, system-wide physical 16310M (474M free)
TotalPageFile size 20406M (AvailPageFile size 117M)
current process WorkingSet (physical memory assigned to process): 10M, peak: 10M
current process commit charge ("private bytes"): 51M, peak: 307M

vm_info: OpenJDK 64-Bit Server VM (21.0.8+-14196175-b1038.72) for windows-amd64 JRE (21.0.8+-14196175-b1038.72), built on 2025-10-01T10:24:33Z by "builder" with MS VC++ 16.10 / 16.11 (VS2019)

END.
