To honour the JVM settings for this build a single-use Daemon process will be forked. For more on this, please refer to https://docs.gradle.org/8.13/userguide/gradle_daemon.html#sec:disabling_the_daemon in the Gradle documentation.
Daemon will be stopped at the end of the build 
> Task :app:checkKotlinGradlePluginConfigurationErrors SKIPPED
> Task :app:preBuild UP-TO-DATE
> Task :app:preDebugBuild UP-TO-DATE
> Task :app:dataBindingMergeDependencyArtifactsDebug UP-TO-DATE
> Task :app:generateDebugResValues UP-TO-DATE
> Task :app:generateDebugResources UP-TO-DATE
> Task :app:processDebugGoogleServices UP-TO-DATE
> Task :app:mergeDebugResources UP-TO-DATE
> Task :app:packageDebugResources UP-TO-DATE
> Task :app:processDebugNavigationResources UP-TO-DATE
> Task :app:parseDebugLocalResources UP-TO-DATE
> Task :app:dataBindingGenBaseClassesDebug UP-TO-DATE
> Task :app:generateDebugBuildConfig UP-TO-DATE
> Task :app:checkDebugAarMetadata UP-TO-DATE
> Task :app:compileDebugNavigationResources UP-TO-DATE
> Task :app:mapDebugSourceSetPaths UP-TO-DATE
> Task :app:createDebugCompatibleScreenManifests UP-TO-DATE
> Task :app:extractDeepLinksDebug UP-TO-DATE
> Task :app:processDebugMainManifest UP-TO-DATE
> Task :app:processDebugManifest UP-TO-DATE
> Task :app:processDebugManifestForPackage UP-TO-DATE
> Task :app:processDebugResources UP-TO-DATE

> Task :app:kspDebugKotlin
.\gradlew.bat : e: file:///C:/User
s/avezk/AndroidStudioProjects/Glyp
hV3/app/src/main/java/com/glyph/gl
yph_v3/ui/chat/ChatFragment.kt:215
:5 Expecting a top level 
declaration
At line:1 char:1
+ .\gradlew.bat 
:app:kspDebugKotlin --no-daemon 
--console=plain 2>&1 |  ...
+ ~~~~~~~~~~~~~~~~~~~~~~~~~~~~~~~~
~~~~~~~~~~~~~~~~~~~~~~~~~~~~~~~~~~
    + CategoryInfo          : Not 
   Specified: (e: file:///C:/U..  
  .vel declaration:String) [],    
 RemoteException
    + FullyQualifiedErrorId : Nat 
   iveCommandError
 
e: file:///C:/Users/avezk/AndroidS
tudioProjects/GlyphV3/app/src/main
/java/com/glyph/glyph_v3/ui/chat/C
hatFragment.kt:303:1 Expecting a 
top level declaration

> Task :app:kspDebugKotlin FAILED

FAILURE: Build failed with an 
exception.

* What went wrong:
Execution failed for task 
':app:kspDebugKotlin'.
> A failure occurred while 
executing org.jetbrains.kotlin.com
pilerRunner.GradleCompilerRunnerWi
thWorkers$GradleKotlinCompilerWork
Action
   > Compilation error. See log 
for more details

* Try:
> Run with --stacktrace option to 
get the stack trace.
> Run with --info or --debug 
option to get more log output.
> Run with --scan to get full 
insights.
> Get more help at 
https://help.gradle.org.

BUILD FAILED in 56s
20 actionable tasks: 1 executed, 19 up-to-date
