kotlin version: 2.0.21
error message: java.lang.OutOfMemoryError: GC overhead limit exceeded
	at androidx.compose.compiler.plugins.kotlin.lower.DeclarationContext.<init>(ComposerLambdaMemoization.kt:104)
	at androidx.compose.compiler.plugins.kotlin.lower.FunctionLocalSymbol.<init>(ComposerLambdaMemoization.kt:170)
	at androidx.compose.compiler.plugins.kotlin.lower.ComposerLambdaMemoization.visitDeclaration(ComposerLambdaMemoization.kt:412)
	at org.jetbrains.kotlin.ir.visitors.IrElementTransformerVoid.visitValueParameter(IrElementTransformerVoid.kt:48)
	at org.jetbrains.kotlin.ir.visitors.IrElementTransformerVoid.visitValueParameter(IrElementTransformerVoid.kt:51)
	at org.jetbrains.kotlin.ir.visitors.IrElementTransformerVoid.visitValueParameter(IrElementTransformerVoid.kt:19)
	at org.jetbrains.kotlin.ir.declarations.IrValueParameter.accept(IrValueParameter.kt:71)
	at org.jetbrains.kotlin.ir.declarations.IrValueParameter.transform(IrValueParameter.kt:74)
	at org.jetbrains.kotlin.ir.declarations.IrValueParameter.transform(IrValueParameter.kt:23)
	at org.jetbrains.kotlin.ir.util.TransformKt.transformIfNeeded(transform.kt:118)
	at org.jetbrains.kotlin.ir.declarations.IrFunction.transformChildren(IrFunction.kt:57)
	at org.jetbrains.kotlin.ir.visitors.IrElementTransformerVoid.visitDeclaration(IrElementTransformerVoid.kt:40)
	at androidx.compose.compiler.plugins.kotlin.lower.ComposerLambdaMemoization.visitDeclaration(ComposerLambdaMemoization.kt:408)
	at org.jetbrains.kotlin.ir.visitors.IrElementTransformerVoid.visitFunction(IrElementTransformerVoid.kt:72)
	at androidx.compose.compiler.plugins.kotlin.lower.ComposerLambdaMemoization.visitFunction(ComposerLambdaMemoization.kt:447)
	at org.jetbrains.kotlin.ir.visitors.IrElementTransformerVoid.visitSimpleFunction(IrElementTransformerVoid.kt:128)
	at org.jetbrains.kotlin.ir.visitors.IrElementTransformerVoid.visitSimpleFunction(IrElementTransformerVoid.kt:131)
	at org.jetbrains.kotlin.ir.visitors.IrElementTransformerVoid.visitSimpleFunction(IrElementTransformerVoid.kt:19)
	at org.jetbrains.kotlin.ir.declarations.IrSimpleFunction.accept(IrSimpleFunction.kt:39)
	at org.jetbrains.kotlin.ir.IrElementBase.transform(IrElementBase.kt:33)
	at org.jetbrains.kotlin.ir.util.TransformKt.transformInPlace(transform.kt:35)
	at org.jetbrains.kotlin.ir.declarations.IrClass.transformChildren(IrClass.kt:82)
	at org.jetbrains.kotlin.ir.visitors.IrElementTransformerVoid.visitDeclaration(IrElementTransformerVoid.kt:40)
	at androidx.compose.compiler.plugins.kotlin.lower.ComposerLambdaMemoization.visitDeclaration(ComposerLambdaMemoization.kt:416)
	at org.jetbrains.kotlin.ir.visitors.IrElementTransformerVoid.visitClass(IrElementTransformerVoid.kt:54)
	at androidx.compose.compiler.plugins.kotlin.lower.ComposerLambdaMemoization.visitClass(ComposerLambdaMemoization.kt:458)
	at org.jetbrains.kotlin.ir.visitors.IrElementTransformerVoid.visitClass(IrElementTransformerVoid.kt:57)
	at org.jetbrains.kotlin.ir.visitors.IrElementTransformerVoid.visitClass(IrElementTransformerVoid.kt:19)
	at org.jetbrains.kotlin.ir.declarations.IrClass.accept(IrClass.kt:72)
	at org.jetbrains.kotlin.ir.IrElementBase.transform(IrElementBase.kt:33)
	at org.jetbrains.kotlin.ir.util.TransformKt.transformInPlace(transform.kt:35)
	at org.jetbrains.kotlin.ir.declarations.IrFile.transformChildren(IrFile.kt:38)


