kotlin version: 2.0.21
error message: java.lang.OutOfMemoryError: Java heap space
	at java.base/java.util.HashMap.resize(HashMap.java:702)
	at java.base/java.util.HashMap.putVal(HashMap.java:661)
	at java.base/java.util.HashMap.put(HashMap.java:610)
	at org.jetbrains.kotlin.backend.common.actualizer.SpecialFakeOverrideSymbolsResolver.processDeclaration(SpecialFakeOverrideSymbolsResolver.kt:125)
	at org.jetbrains.kotlin.backend.common.actualizer.SpecialFakeOverrideSymbolsResolver.processClass(SpecialFakeOverrideSymbolsResolver.kt:115)
	at org.jetbrains.kotlin.backend.common.actualizer.SpecialFakeOverrideSymbolsResolver.access$processClass(SpecialFakeOverrideSymbolsResolver.kt:44)
	at org.jetbrains.kotlin.backend.common.actualizer.SpecialFakeOverrideSymbolsResolver.getReferencedSimpleFunction(SpecialFakeOverrideSymbolsResolver.kt:295)
	at org.jetbrains.kotlin.backend.common.actualizer.SpecialFakeOverrideSymbolsResolverVisitor.visitCall(SpecialFakeOverrideSymbolsResolver.kt:180)
	at org.jetbrains.kotlin.ir.visitors.IrElementVisitorVoid$DefaultImpls.visitCall(IrElementVisitorVoid.kt:356)
	at org.jetbrains.kotlin.backend.common.actualizer.SpecialFakeOverrideSymbolsResolverVisitor.visitCall(SpecialFakeOverrideSymbolsResolver.kt:158)
	at org.jetbrains.kotlin.backend.common.actualizer.SpecialFakeOverrideSymbolsResolverVisitor.visitCall(SpecialFakeOverrideSymbolsResolver.kt:158)
	at org.jetbrains.kotlin.ir.expressions.IrCall.accept(IrCall.kt:24)
	at org.jetbrains.kotlin.ir.expressions.IrMemberAccessExpression.acceptChildren(IrMemberAccessExpression.kt:62)
	at org.jetbrains.kotlin.ir.visitors.IrVisitorsKt.acceptChildrenVoid(IrVisitors.kt:15)
	at org.jetbrains.kotlin.backend.common.actualizer.SpecialFakeOverrideSymbolsResolverVisitor.visitElement(SpecialFakeOverrideSymbolsResolver.kt:166)
	at org.jetbrains.kotlin.backend.common.actualizer.SpecialFakeOverrideSymbolsResolverVisitor.visitCall(SpecialFakeOverrideSymbolsResolver.kt:181)
	at org.jetbrains.kotlin.ir.visitors.IrElementVisitorVoid$DefaultImpls.visitCall(IrElementVisitorVoid.kt:356)
	at org.jetbrains.kotlin.backend.common.actualizer.SpecialFakeOverrideSymbolsResolverVisitor.visitCall(SpecialFakeOverrideSymbolsResolver.kt:158)
	at org.jetbrains.kotlin.backend.common.actualizer.SpecialFakeOverrideSymbolsResolverVisitor.visitCall(SpecialFakeOverrideSymbolsResolver.kt:158)
	at org.jetbrains.kotlin.ir.expressions.IrCall.accept(IrCall.kt:24)
	at org.jetbrains.kotlin.ir.expressions.IrBlockBody.acceptChildren(IrBlockBody.kt:23)
	at org.jetbrains.kotlin.ir.visitors.IrVisitorsKt.acceptChildrenVoid(IrVisitors.kt:15)
	at org.jetbrains.kotlin.backend.common.actualizer.SpecialFakeOverrideSymbolsResolverVisitor.visitElement(SpecialFakeOverrideSymbolsResolver.kt:166)
	at org.jetbrains.kotlin.ir.visitors.IrElementVisitorVoid$DefaultImpls.visitBody(IrElementVisitorVoid.kt:200)
	at org.jetbrains.kotlin.backend.common.actualizer.SpecialFakeOverrideSymbolsResolverVisitor.visitBody(SpecialFakeOverrideSymbolsResolver.kt:158)
	at org.jetbrains.kotlin.ir.visitors.IrElementVisitorVoid$DefaultImpls.visitBlockBody(IrElementVisitorVoid.kt:216)
	at org.jetbrains.kotlin.backend.common.actualizer.SpecialFakeOverrideSymbolsResolverVisitor.visitBlockBody(SpecialFakeOverrideSymbolsResolver.kt:158)
	at org.jetbrains.kotlin.ir.visitors.IrElementVisitorVoid$DefaultImpls.visitBlockBody(IrElementVisitorVoid.kt:212)
	at org.jetbrains.kotlin.backend.common.actualizer.SpecialFakeOverrideSymbolsResolverVisitor.visitBlockBody(SpecialFakeOverrideSymbolsResolver.kt:158)
	at org.jetbrains.kotlin.backend.common.actualizer.SpecialFakeOverrideSymbolsResolverVisitor.visitBlockBody(SpecialFakeOverrideSymbolsResolver.kt:158)
	at org.jetbrains.kotlin.ir.expressions.IrBlockBody.accept(IrBlockBody.kt:20)
	at org.jetbrains.kotlin.ir.declarations.IrFunction.acceptChildren(IrFunction.kt:50)


