kotlin version: 2.2.10
error message: java.lang.OutOfMemoryError: GC overhead limit exceeded
	at org.jetbrains.kotlin.backend.common.actualizer.SpecialFakeOverrideSymbolsResolver.collectOverrides(SpecialFakeOverrideSymbolsResolver.kt:107)
	at org.jetbrains.kotlin.backend.common.actualizer.SpecialFakeOverrideSymbolsResolver.access$collectOverrides(SpecialFakeOverrideSymbolsResolver.kt:41)
	at org.jetbrains.kotlin.backend.common.actualizer.SpecialFakeOverrideSymbolsResolver$collectOverrides$1.invokeSuspend(SpecialFakeOverrideSymbolsResolver.kt:111)
	at kotlin.coroutines.jvm.internal.BaseContinuationImpl.resumeWith(ContinuationImpl.kt:33)
	at kotlin.sequences.SequenceBuilderIterator.hasNext(SequenceBuilder.kt:129)
	at kotlin.sequences.SequenceBuilderIterator.hasNext(SequenceBuilder.kt:115)
	at kotlin.sequences.SequenceBuilderIterator.hasNext(SequenceBuilder.kt:115)
	at kotlin.sequences.SequenceBuilderIterator.hasNext(SequenceBuilder.kt:115)
	at kotlin.sequences.SequenceBuilderIterator.hasNext(SequenceBuilder.kt:115)
	at kotlin.sequences.SequenceBuilderIterator.hasNext(SequenceBuilder.kt:115)
	at kotlin.sequences.SequenceBuilderIterator.hasNext(SequenceBuilder.kt:115)
	at org.jetbrains.kotlin.backend.common.actualizer.SpecialFakeOverrideSymbolsResolver.processDeclaration(SpecialFakeOverrideSymbolsResolver.kt:102)
	at org.jetbrains.kotlin.backend.common.actualizer.SpecialFakeOverrideSymbolsResolver.processClass(SpecialFakeOverrideSymbolsResolver.kt:93)
	at org.jetbrains.kotlin.backend.common.actualizer.SpecialFakeOverrideSymbolsResolver.access$processClass(SpecialFakeOverrideSymbolsResolver.kt:41)
	at org.jetbrains.kotlin.backend.common.actualizer.SpecialFakeOverrideSymbolsResolver.getReferencedSimpleFunction(SpecialFakeOverrideSymbolsResolver.kt:264)
	at org.jetbrains.kotlin.backend.common.actualizer.SpecialFakeOverrideSymbolsResolverVisitor.visitCall(SpecialFakeOverrideSymbolsResolver.kt:158)
	at org.jetbrains.kotlin.ir.visitors.IrVisitorVoid.visitCall(IrVisitorVoid.kt:356)
	at org.jetbrains.kotlin.ir.visitors.IrVisitorVoid.visitCall(IrVisitorVoid.kt:18)
	at org.jetbrains.kotlin.ir.expressions.IrCall.accept(IrCall.kt:24)
	at org.jetbrains.kotlin.ir.expressions.IrMemberAccessExpression.acceptChildren(IrMemberAccessExpression.kt:471)
	at org.jetbrains.kotlin.ir.visitors.IrVisitorsKt.acceptChildrenVoid(IrVisitors.kt:23)
	at org.jetbrains.kotlin.backend.common.actualizer.SpecialFakeOverrideSymbolsResolverVisitor.visitElement(SpecialFakeOverrideSymbolsResolver.kt:144)
	at org.jetbrains.kotlin.backend.common.actualizer.SpecialFakeOverrideSymbolsResolverVisitor.visitCall(SpecialFakeOverrideSymbolsResolver.kt:159)
	at org.jetbrains.kotlin.ir.visitors.IrVisitorVoid.visitCall(IrVisitorVoid.kt:356)
	at org.jetbrains.kotlin.ir.visitors.IrVisitorVoid.visitCall(IrVisitorVoid.kt:18)
	at org.jetbrains.kotlin.ir.expressions.IrCall.accept(IrCall.kt:24)
	at org.jetbrains.kotlin.ir.expressions.IrBlockBody.acceptChildren(IrBlockBody.kt:23)
	at org.jetbrains.kotlin.ir.visitors.IrVisitorsKt.acceptChildrenVoid(IrVisitors.kt:23)
	at org.jetbrains.kotlin.backend.common.actualizer.SpecialFakeOverrideSymbolsResolverVisitor.visitElement(SpecialFakeOverrideSymbolsResolver.kt:144)
	at org.jetbrains.kotlin.ir.visitors.IrVisitorVoid.visitBody(IrVisitorVoid.kt:200)
	at org.jetbrains.kotlin.ir.visitors.IrVisitorVoid.visitBlockBody(IrVisitorVoid.kt:216)
	at org.jetbrains.kotlin.ir.visitors.IrVisitorVoid.visitBlockBody(IrVisitorVoid.kt:212)


