kotlin version: 2.0.21
error message: org.jetbrains.kotlin.util.FileAnalysisException: While analysing C:/Users/avezk/AndroidStudioProjects/GlyphV3/app/src/main/java/com/glyph/glyph_v3/ui/chat/ChatActivity.kt:532:56: org.jetbrains.kotlin.utils.exceptions.KotlinIllegalArgumentExceptionWithAttachments: Exception was thrown during transformation of class org.jetbrains.kotlin.fir.expressions.impl.FirFunctionCallImpl
	at org.jetbrains.kotlin.util.AnalysisExceptionsKt.wrapIntoFileAnalysisExceptionIfNeeded(AnalysisExceptions.kt:57)
	at org.jetbrains.kotlin.fir.FirCliExceptionHandler.handleExceptionOnFileAnalysis(Utils.kt:249)
	at org.jetbrains.kotlin.fir.backend.Fir2IrConverter.runSourcesConversion(Fir2IrConverter.kt:674)
	at org.jetbrains.kotlin.fir.backend.Fir2IrConverter.access$runSourcesConversion(Fir2IrConverter.kt:63)
	at org.jetbrains.kotlin.fir.backend.Fir2IrConverter$Companion.generateIrModuleFragment(Fir2IrConverter.kt:664)
	at org.jetbrains.kotlin.fir.pipeline.Fir2IrPipeline.runFir2IrConversion(convertToIr.kt:163)
	at org.jetbrains.kotlin.fir.pipeline.Fir2IrPipeline.convertToIrAndActualize(convertToIr.kt:129)
	at org.jetbrains.kotlin.fir.pipeline.ConvertToIrKt.convertToIrAndActualize(convertToIr.kt:99)
	at org.jetbrains.kotlin.fir.pipeline.ConvertToIrKt.convertToIrAndActualize$default(convertToIr.kt:72)
	at org.jetbrains.kotlin.cli.jvm.compiler.pipeline.JvmCompilerPipelineKt.convertToIrAndActualizeForJvm(jvmCompilerPipeline.kt:196)
	at org.jetbrains.kotlin.cli.jvm.compiler.pipeline.JvmCompilerPipelineKt.convertAnalyzedFirToIr(jvmCompilerPipeline.kt:169)
	at org.jetbrains.kotlin.cli.jvm.compiler.pipeline.JvmCompilerPipelineKt.compileModulesUsingFrontendIrAndLightTree(jvmCompilerPipeline.kt:140)
	at org.jetbrains.kotlin.cli.jvm.K2JVMCompiler.doExecute(K2JVMCompiler.kt:148)
	at org.jetbrains.kotlin.cli.jvm.K2JVMCompiler.doExecute(K2JVMCompiler.kt:43)
	at org.jetbrains.kotlin.cli.common.CLICompiler.execImpl(CLICompiler.kt:103)
	at org.jetbrains.kotlin.cli.common.CLICompiler.execImpl(CLICompiler.kt:49)
	at org.jetbrains.kotlin.cli.common.CLITool.exec(CLITool.kt:101)
	at org.jetbrains.kotlin.incremental.IncrementalJvmCompilerRunner.runCompiler(IncrementalJvmCompilerRunner.kt:464)
	at org.jetbrains.kotlin.incremental.IncrementalJvmCompilerRunner.runCompiler(IncrementalJvmCompilerRunner.kt:73)
	at org.jetbrains.kotlin.incremental.IncrementalCompilerRunner.doCompile(IncrementalCompilerRunner.kt:506)
	at org.jetbrains.kotlin.incremental.IncrementalCompilerRunner.compileImpl(IncrementalCompilerRunner.kt:423)
	at org.jetbrains.kotlin.incremental.IncrementalCompilerRunner.compileNonIncrementally(IncrementalCompilerRunner.kt:301)
	at org.jetbrains.kotlin.incremental.IncrementalCompilerRunner.compile(IncrementalCompilerRunner.kt:129)
	at org.jetbrains.kotlin.daemon.CompileServiceImplBase.execIncrementalCompiler(CompileServiceImpl.kt:675)
	at org.jetbrains.kotlin.daemon.CompileServiceImplBase.access$execIncrementalCompiler(CompileServiceImpl.kt:92)
	at org.jetbrains.kotlin.daemon.CompileServiceImpl.compile(CompileServiceImpl.kt:1660)
	at java.base/jdk.internal.reflect.NativeMethodAccessorImpl.invoke0(Native Method)
	at java.base/jdk.internal.reflect.NativeMethodAccessorImpl.invoke(NativeMethodAccessorImpl.java:77)
	at java.base/jdk.internal.reflect.DelegatingMethodAccessorImpl.invoke(DelegatingMethodAccessorImpl.java:43)
	at java.base/java.lang.reflect.Method.invoke(Method.java:568)
	at java.rmi/sun.rmi.server.UnicastServerRef.dispatch(UnicastServerRef.java:360)
	at java.rmi/sun.rmi.transport.Transport$1.run(Transport.java:200)
	at java.rmi/sun.rmi.transport.Transport$1.run(Transport.java:197)
	at java.base/java.security.AccessController.doPrivileged(AccessController.java:712)
	at java.rmi/sun.rmi.transport.Transport.serviceCall(Transport.java:196)
	at java.rmi/sun.rmi.transport.tcp.TCPTransport.handleMessages(TCPTransport.java:587)
	at java.rmi/sun.rmi.transport.tcp.TCPTransport$ConnectionHandler.run0(TCPTransport.java:828)
	at java.rmi/sun.rmi.transport.tcp.TCPTransport$ConnectionHandler.lambda$run$0(TCPTransport.java:705)
	at java.base/java.security.AccessController.doPrivileged(AccessController.java:399)
	at java.rmi/sun.rmi.transport.tcp.TCPTransport$ConnectionHandler.run(TCPTransport.java:704)
	at java.base/java.util.concurrent.ThreadPoolExecutor.runWorker(ThreadPoolExecutor.java:1136)
	at java.base/java.util.concurrent.ThreadPoolExecutor$Worker.run(ThreadPoolExecutor.java:635)
	at java.base/java.lang.Thread.run(Thread.java:842)
Caused by: org.jetbrains.kotlin.utils.exceptions.KotlinIllegalArgumentExceptionWithAttachments: Exception was thrown during transformation of class org.jetbrains.kotlin.fir.expressions.impl.FirFunctionCallImpl
	at org.jetbrains.kotlin.fir.backend.generators.CallAndReferenceGenerator.convertToIrCall(CallAndReferenceGenerator.kt:1536)
	at org.jetbrains.kotlin.fir.backend.generators.CallAndReferenceGenerator.convertToIrCall$default(CallAndReferenceGenerator.kt:501)
	at org.jetbrains.kotlin.fir.backend.Fir2IrVisitor.convertToIrCall(Fir2IrVisitor.kt:575)
	at org.jetbrains.kotlin.fir.backend.Fir2IrVisitor.convertToIrCall(Fir2IrVisitor.kt:564)
	at org.jetbrains.kotlin.fir.backend.Fir2IrVisitor.visitFunctionCall(Fir2IrVisitor.kt:604)
	at org.jetbrains.kotlin.fir.backend.Fir2IrVisitor.visitFunctionCall(Fir2IrVisitor.kt:62)
	at org.jetbrains.kotlin.fir.expressions.FirFunctionCall.accept(FirFunctionCall.kt:41)
	at org.jetbrains.kotlin.fir.backend.Fir2IrVisitor.convertToIrExpression$fir2ir(Fir2IrVisitor.kt:916)
	at org.jetbrains.kotlin.fir.backend.Fir2IrVisitor.convertToIrExpression$fir2ir$default(Fir2IrVisitor.kt:887)
	at org.jetbrains.kotlin.fir.backend.generators.ClassMemberGenerator.initializeBackingField(ClassMemberGenerator.kt:257)
	at org.jetbrains.kotlin.fir.backend.generators.ClassMemberGenerator.convertPropertyContent(ClassMemberGenerator.kt:212)
	at org.jetbrains.kotlin.fir.backend.Fir2IrVisitor.visitProperty(Fir2IrVisitor.kt:504)
	at org.jetbrains.kotlin.fir.backend.Fir2IrVisitor.visitProperty(Fir2IrVisitor.kt:62)
	at org.jetbrains.kotlin.fir.declarations.FirProperty.accept(FirProperty.kt:58)
	at org.jetbrains.kotlin.fir.backend.generators.ClassMemberGenerator.convertClassContent(ClassMemberGenerator.kt:93)
	at org.jetbrains.kotlin.fir.backend.Fir2IrVisitor.visitRegularClass(Fir2IrVisitor.kt:206)
	at org.jetbrains.kotlin.fir.backend.Fir2IrVisitor.visitRegularClass(Fir2IrVisitor.kt:62)
	at org.jetbrains.kotlin.fir.declarations.FirRegularClass.accept(FirRegularClass.kt:48)
	at org.jetbrains.kotlin.fir.backend.Fir2IrVisitor.toIrDeclaration(Fir2IrVisitor.kt:115)
	at org.jetbrains.kotlin.fir.backend.Fir2IrVisitor.visitFile(Fir2IrVisitor.kt:106)
	at org.jetbrains.kotlin.fir.backend.Fir2IrVisitor.visitFile(Fir2IrVisitor.kt:62)
	at org.jetbrains.kotlin.fir.declarations.FirFile.accept(FirFile.kt:42)
	at org.jetbrains.kotlin.fir.backend.Fir2IrConverter.runSourcesConversion(Fir2IrConverter.kt:99)
	... 40 more
Caused by: java.lang.OutOfMemoryError: GC overhead limit exceeded
	at org.jetbrains.kotlin.fir.types.ConeInferenceContext.newTypeCheckerState(ConeInferenceContext.kt:131)
	at org.jetbrains.kotlin.types.AbstractTypeChecker.prepareType(AbstractTypeChecker.kt:197)
	at org.jetbrains.kotlin.types.AbstractTypeChecker.prepareType$default(AbstractTypeChecker.kt:193)
	at org.jetbrains.kotlin.types.AbstractTypeApproximator.approximateToSuperType(AbstractTypeApproximator.kt:91)
	at org.jetbrains.kotlin.types.AbstractTypeApproximator.approximateToSuperType(AbstractTypeApproximator.kt:38)
	at org.jetbrains.kotlin.fir.types.ConeTypeApproximator.approximateToSuperType(ConeTypeApproximator.kt:17)
	at org.jetbrains.kotlin.fir.backend.Fir2IrTypeConverterKt.approximateForIrOrNull(Fir2IrTypeConverter.kt:368)
	at org.jetbrains.kotlin.fir.backend.Fir2IrTypeConverterKt.approximateForIrOrSelf(Fir2IrTypeConverter.kt:372)
	at org.jetbrains.kotlin.fir.backend.Fir2IrTypeConverter.approximateType(Fir2IrTypeConverter.kt:342)
	at org.jetbrains.kotlin.fir.backend.Fir2IrTypeConverter.toIrType(Fir2IrTypeConverter.kt:158)
	at org.jetbrains.kotlin.fir.backend.Fir2IrTypeConverter.toIrType(Fir2IrTypeConverter.kt:200)
	at org.jetbrains.kotlin.fir.backend.Fir2IrTypeConverter.toIrType$default(Fir2IrTypeConverter.kt:99)
	at org.jetbrains.kotlin.fir.backend.Fir2IrTypeConverterKt.toIrType(Fir2IrTypeConverter.kt:363)
	at org.jetbrains.kotlin.fir.backend.Fir2IrImplicitCastInserter.implicitCastOrExpression(Fir2IrImplicitCastInserter.kt:371)
	at org.jetbrains.kotlin.fir.backend.Fir2IrImplicitCastInserter.implicitCastFromReceivers$fir2ir(Fir2IrImplicitCastInserter.kt:321)
	at org.jetbrains.kotlin.fir.backend.Fir2IrVisitor.convertToIrReceiverExpression$fir2ir(Fir2IrVisitor.kt:954)
	at org.jetbrains.kotlin.fir.backend.Fir2IrVisitor.convertToIrCall(Fir2IrVisitor.kt:571)
	at org.jetbrains.kotlin.fir.backend.Fir2IrVisitor.convertToIrCall(Fir2IrVisitor.kt:564)
	at org.jetbrains.kotlin.fir.backend.Fir2IrVisitor.visitFunctionCall(Fir2IrVisitor.kt:604)
	at org.jetbrains.kotlin.fir.backend.Fir2IrVisitor.visitFunctionCall(Fir2IrVisitor.kt:62)
	at org.jetbrains.kotlin.fir.expressions.FirFunctionCall.accept(FirFunctionCall.kt:41)
	at org.jetbrains.kotlin.fir.backend.Fir2IrVisitor.convertToIrExpression$fir2ir(Fir2IrVisitor.kt:916)
	at org.jetbrains.kotlin.fir.backend.Fir2IrVisitor.convertToIrExpression$fir2ir$default(Fir2IrVisitor.kt:887)
	at org.jetbrains.kotlin.fir.backend.generators.OperatorExpressionGenerator.convertToIrExpression(OperatorExpressionGenerator.kt:252)
	at org.jetbrains.kotlin.fir.backend.generators.OperatorExpressionGenerator.transformEqualityOperatorCall(OperatorExpressionGenerator.kt:177)
	at org.jetbrains.kotlin.fir.backend.generators.OperatorExpressionGenerator.generateEqualityOperatorCall(OperatorExpressionGenerator.kt:131)
	at org.jetbrains.kotlin.fir.backend.generators.OperatorExpressionGenerator.convertEqualityOperatorCall(OperatorExpressionGenerator.kt:44)
	at org.jetbrains.kotlin.fir.backend.Fir2IrVisitor.visitEqualityOperatorCall(Fir2IrVisitor.kt:1574)
	at org.jetbrains.kotlin.fir.backend.Fir2IrVisitor.visitEqualityOperatorCall(Fir2IrVisitor.kt:62)
	at org.jetbrains.kotlin.fir.expressions.FirEqualityOperatorCall.accept(FirEqualityOperatorCall.kt:29)
	at org.jetbrains.kotlin.fir.backend.Fir2IrVisitor.visitBinaryLogicExpression(Fir2IrVisitor.kt:1694)
	at org.jetbrains.kotlin.fir.backend.Fir2IrVisitor.visitBinaryLogicExpression(Fir2IrVisitor.kt:62)


