kotlin version: 2.0.21
error message: java.lang.OutOfMemoryError: GC overhead limit exceeded
	at org.jetbrains.kotlin.ir.util.IrUtilsKt.remapTypeParameters(IrUtils.kt:1132)
	at org.jetbrains.kotlin.ir.util.IrUtilsKt.remapTypeParameters$default(IrUtils.kt:1113)
	at androidx.compose.compiler.plugins.kotlin.lower.decoys.DecoyTransformBaseKt$copyWithNewTypeParams$typeParamRemapper$1.remapType(DecoyTransformBase.kt:224)
	at org.jetbrains.kotlin.ir.util.DeepCopyIrTreeWithSymbols.remapType(DeepCopyIrTreeWithSymbols.kt:78)
	at org.jetbrains.kotlin.ir.util.DeepCopyIrTreeWithSymbols.visitWhen(DeepCopyIrTreeWithSymbols.kt:736)
	at org.jetbrains.kotlin.ir.util.DeepCopyIrTreeWithSymbols.visitWhen(DeepCopyIrTreeWithSymbols.kt:41)
	at org.jetbrains.kotlin.ir.visitors.IrElementTransformerVoid.visitWhen(IrElementTransformerVoid.kt:545)
	at org.jetbrains.kotlin.ir.visitors.IrElementTransformerVoid.visitWhen(IrElementTransformerVoid.kt:19)
	at org.jetbrains.kotlin.ir.expressions.IrWhen.accept(IrWhen.kt:24)
	at org.jetbrains.kotlin.ir.expressions.IrExpression.transform(IrExpression.kt:24)
	at org.jetbrains.kotlin.ir.expressions.IrExpression.transform(IrExpression.kt:20)
	at org.jetbrains.kotlin.ir.util.DeepCopyIrTreeWithSymbols.visitBlock(DeepCopyIrTreeWithSymbols.kt:1007)
	at org.jetbrains.kotlin.ir.util.DeepCopyIrTreeWithSymbols.visitBlock(DeepCopyIrTreeWithSymbols.kt:41)
	at org.jetbrains.kotlin.ir.visitors.IrElementTransformerVoid.visitBlock(IrElementTransformerVoid.kt:251)
	at org.jetbrains.kotlin.ir.visitors.IrElementTransformerVoid.visitBlock(IrElementTransformerVoid.kt:19)
	at org.jetbrains.kotlin.ir.expressions.IrBlock.accept(IrBlock.kt:18)
	at org.jetbrains.kotlin.ir.expressions.IrExpression.transform(IrExpression.kt:24)
	at org.jetbrains.kotlin.ir.expressions.IrExpression.transform(IrExpression.kt:20)
	at org.jetbrains.kotlin.ir.util.DeepCopyIrTreeWithSymbols.visitBlock(DeepCopyIrTreeWithSymbols.kt:1007)
	at org.jetbrains.kotlin.ir.util.DeepCopyIrTreeWithSymbols.visitBlock(DeepCopyIrTreeWithSymbols.kt:41)
	at org.jetbrains.kotlin.ir.visitors.IrElementTransformerVoid.visitBlock(IrElementTransformerVoid.kt:251)
	at org.jetbrains.kotlin.ir.visitors.IrElementTransformerVoid.visitBlock(IrElementTransformerVoid.kt:19)
	at org.jetbrains.kotlin.ir.expressions.IrBlock.accept(IrBlock.kt:18)
	at org.jetbrains.kotlin.ir.expressions.IrExpression.transform(IrExpression.kt:24)
	at org.jetbrains.kotlin.ir.expressions.IrExpression.transform(IrExpression.kt:20)
	at org.jetbrains.kotlin.ir.util.DeepCopyIrTreeWithSymbols.visitBranch(DeepCopyIrTreeWithSymbols.kt:1036)
	at org.jetbrains.kotlin.ir.visitors.IrElementTransformerVoid.visitBranch(IrElementTransformerVoid.kt:553)
	at org.jetbrains.kotlin.ir.visitors.IrElementTransformerVoid.visitBranch(IrElementTransformerVoid.kt:19)
	at org.jetbrains.kotlin.ir.expressions.IrBranch.accept(IrBranch.kt:25)
	at org.jetbrains.kotlin.ir.expressions.IrBranch.transform(IrBranch.kt:28)
	at org.jetbrains.kotlin.ir.expressions.IrBranch.transform(IrBranch.kt:19)
	at org.jetbrains.kotlin.ir.util.DeepCopyIrTreeWithSymbols.visitWhen(DeepCopyIrTreeWithSymbols.kt:1033)


