kotlin version: 2.0.21
error message: org.jetbrains.kotlin.backend.common.BackendException: Backend Internal error: Exception during IR fake override builder
File being compiled: C:/Users/avezk/AndroidStudioProjects/GlyphV3/app/src/main/java/com/glyph/glyph_v3/ui/media/MediaViewerActivity.kt
The root cause java.lang.OutOfMemoryError was thrown at: org.jetbrains.kotlin.ir.util.DeepCopyIrTreeWithSymbols.<init>(DeepCopyIrTreeWithSymbols.kt:49)
	at org.jetbrains.kotlin.backend.common.CodegenUtil.reportBackendException(CodegenUtil.kt:253)
	at org.jetbrains.kotlin.backend.common.CodegenUtil.reportBackendException$default(CodegenUtil.kt:236)
	at org.jetbrains.kotlin.fir.pipeline.Fir2IrPipeline.buildForAll(convertToIr.kt:379)
	at org.jetbrains.kotlin.fir.pipeline.Fir2IrPipeline.buildFakeOverrides(convertToIr.kt:310)
	at org.jetbrains.kotlin.fir.pipeline.Fir2IrPipeline.buildFakeOverridesAndPlatformSpecificDeclarations(convertToIr.kt:302)
	at org.jetbrains.kotlin.fir.pipeline.Fir2IrPipeline.runActualizationPipeline(convertToIr.kt:215)
	at org.jetbrains.kotlin.fir.pipeline.Fir2IrPipeline.convertToIrAndActualize(convertToIr.kt:130)
	at org.jetbrains.kotlin.fir.pipeline.ConvertToIrKt.convertToIrAndActualize(convertToIr.kt:99)
	at org.jetbrains.kotlin.fir.pipeline.ConvertToIrKt.convertToIrAndActualize$default(convertToIr.kt:72)
	at org.jetbrains.kotlin.cli.jvm.compiler.pipeline.JvmCompilerPipelineKt.convertToIrAndActualizeForJvm(jvmCompilerPipeline.kt:196)
	at org.jetbrains.kotlin.cli.jvm.compiler.pipeline.JvmCompilerPipelineKt.convertAnalyzedFirToIr(jvmCompilerPipeline.kt:169)
	at org.jetbrains.kotlin.cli.jvm.compiler.pipeline.JvmCompilerPipelineKt.compileModulesUsingFrontendIrAndLightTree(jvmCompilerPipeline.kt:140)
	at org.jetbrains.kotlin.cli.jvm.K2JVMCompiler.doExecute(K2JVMCompiler.kt:148)
	at org.jetbrains.kotlin.cli.jvm.K2JVMCompiler.doExecute(K2JVMCompiler.kt:43)
	at org.jetbrains.kotlin.cli.common.CLICompiler.execImpl(CLICompiler.kt:103)
	at org.jetbrains.kotlin.cli.common.CLICompiler.execImpl(CLICompiler.kt:49)
	at org.jetbrains.kotlin.cli.common.CLITool.exec(CLITool.kt:101)
	at org.jetbrains.kotlin.incremental.IncrementalJvmCompilerRunner.runCompiler(IncrementalJvmCompilerRunner.kt:464)
	at org.jetbrains.kotlin.incremental.IncrementalJvmCompilerRunner.runCompiler(IncrementalJvmCompilerRunner.kt:73)
	at org.jetbrains.kotlin.incremental.IncrementalCompilerRunner.doCompile(IncrementalCompilerRunner.kt:506)
	at org.jetbrains.kotlin.incremental.IncrementalCompilerRunner.compileImpl(IncrementalCompilerRunner.kt:423)
	at org.jetbrains.kotlin.incremental.IncrementalCompilerRunner.compileNonIncrementally(IncrementalCompilerRunner.kt:301)
	at org.jetbrains.kotlin.incremental.IncrementalCompilerRunner.compile(IncrementalCompilerRunner.kt:129)
	at org.jetbrains.kotlin.daemon.CompileServiceImplBase.execIncrementalCompiler(CompileServiceImpl.kt:675)
	at org.jetbrains.kotlin.daemon.CompileServiceImplBase.access$execIncrementalCompiler(CompileServiceImpl.kt:92)
	at org.jetbrains.kotlin.daemon.CompileServiceImpl.compile(CompileServiceImpl.kt:1660)
	at java.base/jdk.internal.reflect.NativeMethodAccessorImpl.invoke0(Native Method)
	at java.base/jdk.internal.reflect.NativeMethodAccessorImpl.invoke(NativeMethodAccessorImpl.java:77)
	at java.base/jdk.internal.reflect.DelegatingMethodAccessorImpl.invoke(DelegatingMethodAccessorImpl.java:43)
	at java.base/java.lang.reflect.Method.invoke(Method.java:568)
	at java.rmi/sun.rmi.server.UnicastServerRef.dispatch(UnicastServerRef.java:360)
	at java.rmi/sun.rmi.transport.Transport$1.run(Transport.java:200)
	at java.rmi/sun.rmi.transport.Transport$1.run(Transport.java:197)
	at java.base/java.security.AccessController.doPrivileged(AccessController.java:712)
	at java.rmi/sun.rmi.transport.Transport.serviceCall(Transport.java:196)
	at java.rmi/sun.rmi.transport.tcp.TCPTransport.handleMessages(TCPTransport.java:587)
	at java.rmi/sun.rmi.transport.tcp.TCPTransport$ConnectionHandler.run0(TCPTransport.java:828)
	at java.rmi/sun.rmi.transport.tcp.TCPTransport$ConnectionHandler.lambda$run$0(TCPTransport.java:705)
	at java.base/java.security.AccessController.doPrivileged(AccessController.java:399)
	at java.rmi/sun.rmi.transport.tcp.TCPTransport$ConnectionHandler.run(TCPTransport.java:704)
	at java.base/java.util.concurrent.ThreadPoolExecutor.runWorker(ThreadPoolExecutor.java:1136)
	at java.base/java.util.concurrent.ThreadPoolExecutor$Worker.run(ThreadPoolExecutor.java:635)
	at java.base/java.lang.Thread.run(Thread.java:842)
Caused by: java.lang.OutOfMemoryError: GC overhead limit exceeded
	at org.jetbrains.kotlin.ir.util.DeepCopyIrTreeWithSymbols.<init>(DeepCopyIrTreeWithSymbols.kt:49)
	at org.jetbrains.kotlin.ir.util.DeepCopyIrTreeWithSymbols.<init>(DeepCopyIrTreeWithSymbols.kt:42)
	at org.jetbrains.kotlin.ir.util.IrUtilsKt.copyAnnotations(IrUtils.kt:1029)
	at org.jetbrains.kotlin.ir.overrides.CopyIrTreeWithSymbolsForFakeOverrides$FakeOverrideTypeRemapper.remapType(CopyIrTreeWithSymbolsForFakeOverrides.kt:88)
	at org.jetbrains.kotlin.ir.overrides.FakeOverrideCopier.copyValueParameter(FakeOverrideCopier.kt:90)
	at org.jetbrains.kotlin.ir.overrides.FakeOverrideCopier.copySimpleFunction(FakeOverrideCopier.kt:54)
	at org.jetbrains.kotlin.ir.overrides.CopyIrTreeWithSymbolsForFakeOverrides.copy(CopyIrTreeWithSymbolsForFakeOverrides.kt:43)
	at org.jetbrains.kotlin.ir.overrides.FakeOverrideBuilderStrategyKt.buildFakeOverrideMember(FakeOverrideBuilderStrategy.kt:217)
	at org.jetbrains.kotlin.ir.overrides.FakeOverrideBuilderStrategy.fakeOverrideMember(FakeOverrideBuilderStrategy.kt:70)
	at org.jetbrains.kotlin.fir.backend.Fir2IrFakeOverrideStrategy.fakeOverrideMember(Fir2IrFakeOverrideStrategy.kt:55)
	at org.jetbrains.kotlin.ir.overrides.IrFakeOverrideBuilder.buildFakeOverridesForClassImpl(IrFakeOverrideBuilder.kt:98)
	at org.jetbrains.kotlin.ir.overrides.IrFakeOverrideBuilder.buildFakeOverridesForClass$lambda$8(IrFakeOverrideBuilder.kt:70)
	at org.jetbrains.kotlin.ir.overrides.IrFakeOverrideBuilder$$Lambda$1938/0x0000024881b01238.invoke(Unknown Source)
	at org.jetbrains.kotlin.ir.overrides.FakeOverrideBuilderStrategy$BindToPrivateSymbols.inFile(FakeOverrideBuilderStrategy.kt:186)
	at org.jetbrains.kotlin.ir.overrides.IrFakeOverrideBuilder.buildFakeOverridesForClass(IrFakeOverrideBuilder.kt:66)
	at org.jetbrains.kotlin.fir.pipeline.Fir2IrPipeline.buildForAll$buildFakeOverrides(convertToIr.kt:349)
	at org.jetbrains.kotlin.fir.pipeline.Fir2IrPipeline.access$buildForAll$buildFakeOverrides(convertToIr.kt:102)
	at org.jetbrains.kotlin.fir.pipeline.Fir2IrPipeline$buildForAll$ClassVisitor.visitClass(convertToIr.kt:368)
	at org.jetbrains.kotlin.ir.visitors.IrElementVisitorVoid$DefaultImpls.visitClass(IrElementVisitorVoid.kt:44)
	at org.jetbrains.kotlin.fir.pipeline.Fir2IrPipeline$buildForAll$ClassVisitor.visitClass(convertToIr.kt:353)
	at org.jetbrains.kotlin.fir.pipeline.Fir2IrPipeline$buildForAll$ClassVisitor.visitClass(convertToIr.kt:353)
	at org.jetbrains.kotlin.ir.declarations.IrClass.accept(IrClass.kt:72)
	at org.jetbrains.kotlin.ir.declarations.IrFile.acceptChildren(IrFile.kt:34)
	at org.jetbrains.kotlin.ir.visitors.IrVisitorsKt.acceptChildrenVoid(IrVisitors.kt:15)
	at org.jetbrains.kotlin.fir.pipeline.Fir2IrPipeline$buildForAll$ClassVisitor.visitElement(convertToIr.kt:355)
	at org.jetbrains.kotlin.ir.visitors.IrElementVisitorVoid$DefaultImpls.visitPackageFragment(IrElementVisitorVoid.kt:168)
	at org.jetbrains.kotlin.fir.pipeline.Fir2IrPipeline$buildForAll$ClassVisitor.visitPackageFragment(convertToIr.kt:353)
	at org.jetbrains.kotlin.ir.visitors.IrElementVisitorVoid$DefaultImpls.visitFile(IrElementVisitorVoid.kt:184)
	at org.jetbrains.kotlin.fir.pipeline.Fir2IrPipeline$buildForAll$ClassVisitor.visitFile(convertToIr.kt:353)
	at org.jetbrains.kotlin.ir.visitors.IrElementVisitorVoid$DefaultImpls.visitFile(IrElementVisitorVoid.kt:180)
	at org.jetbrains.kotlin.fir.pipeline.Fir2IrPipeline$buildForAll$ClassVisitor.visitFile(convertToIr.kt:353)
	at org.jetbrains.kotlin.fir.pipeline.Fir2IrPipeline$buildForAll$ClassVisitor.visitFile(convertToIr.kt:353)


