kotlin version: 2.2.10
error message: java.lang.OutOfMemoryError: GC overhead limit exceeded
	at org.jetbrains.kotlin.kotlinx.collections.immutable.implementations.immutableMap.PersistentHashMapKeysIterator.<init>(PersistentHashMapContentIterators.kt:181)
	at org.jetbrains.kotlin.kotlinx.collections.immutable.implementations.immutableMap.PersistentHashMapKeys.iterator(PersistentHashMapContentViews.kt:33)
	at java.base/java.util.AbstractCollection.addAll(AbstractCollection.java:335)
	at kotlin.collections.CollectionsKt__MutableCollectionsKt.addAll(MutableCollections.kt:114)
	at kotlin.collections.SetsKt___SetsKt.plus(_Sets.kt:113)
	at org.jetbrains.kotlin.fir.resolve.dfa.PersistentFlow.getKnownVariables(Flow.kt:37)
	at org.jetbrains.kotlin.fir.resolve.dfa.LogicSystem.copyStatements(LogicSystem.kt:181)
	at org.jetbrains.kotlin.fir.resolve.dfa.LogicSystem.joinFlow(LogicSystem.kt:51)
	at org.jetbrains.kotlin.fir.resolve.dfa.FirDataFlowAnalyzer.buildDefaultFlow(FirDataFlowAnalyzer.kt:1418)
	at org.jetbrains.kotlin.fir.resolve.dfa.FirDataFlowAnalyzer.mergeIncomingFlow(FirDataFlowAnalyzer.kt:1476)
	at org.jetbrains.kotlin.fir.resolve.dfa.FirDataFlowAnalyzer.mergeIncomingFlow$default(FirDataFlowAnalyzer.kt:1471)
	at org.jetbrains.kotlin.fir.resolve.dfa.FirDataFlowAnalyzer.exitFunction(FirDataFlowAnalyzer.kt:219)
	at org.jetbrains.kotlin.fir.resolve.transformers.body.resolve.FirDeclarationsResolveTransformer.transformFunction(FirDeclarationsResolveTransformer.kt:1057)
	at org.jetbrains.kotlin.fir.resolve.transformers.body.resolve.FirDeclarationsResolveTransformer.transformFunctionWithGivenSignature(FirDeclarationsResolveTransformer.kt:987)
	at org.jetbrains.kotlin.fir.resolve.transformers.body.resolve.FirDeclarationsResolveTransformer.access$transformFunctionWithGivenSignature(FirDeclarationsResolveTransformer.kt:64)
	at org.jetbrains.kotlin.fir.resolve.transformers.body.resolve.FirDeclarationsResolveTransformer.transformSimpleFunction$lambda$67$lambda$66$lambda$65(FirDeclarationsResolveTransformer.kt:979)
	at org.jetbrains.kotlin.fir.resolve.transformers.body.resolve.FirDeclarationsResolveTransformer$$Lambda$1017/0x0000023d016dcc88.invoke(Unknown Source)
	at org.jetbrains.kotlin.fir.resolve.transformers.body.resolve.BodyResolveContext.withParameters(BodyResolveContext.kt:1361)
	at org.jetbrains.kotlin.fir.resolve.transformers.body.resolve.BodyResolveContext.forFunctionBody(BodyResolveContext.kt:769)
	at org.jetbrains.kotlin.fir.resolve.transformers.body.resolve.FirDeclarationsResolveTransformer.transformSimpleFunction(FirDeclarationsResolveTransformer.kt:977)
	at org.jetbrains.kotlin.fir.resolve.transformers.body.resolve.FirAbstractBodyResolveTransformerDispatcher.transformSimpleFunction(FirAbstractBodyResolveTransformerDispatcher.kt:574)
	at org.jetbrains.kotlin.fir.resolve.transformers.body.resolve.FirAbstractBodyResolveTransformerDispatcher.transformSimpleFunction(FirAbstractBodyResolveTransformerDispatcher.kt:27)
	at org.jetbrains.kotlin.fir.declarations.FirSimpleFunction.transform(FirSimpleFunction.kt:55)
	at org.jetbrains.kotlin.fir.visitors.FirTransformerUtilKt.transformInplace(FirTransformerUtil.kt:20)
	at org.jetbrains.kotlin.fir.declarations.impl.FirRegularClassImpl.transformDeclarations(FirRegularClassImpl.kt:92)
	at org.jetbrains.kotlin.fir.declarations.impl.FirRegularClassImpl.transformChildren(FirRegularClassImpl.kt:74)
	at org.jetbrains.kotlin.fir.declarations.impl.FirRegularClassImpl.transformChildren(FirRegularClassImpl.kt:30)
	at org.jetbrains.kotlin.fir.resolve.transformers.body.resolve.FirAbstractBodyResolveTransformerDispatcher.transformElement(FirAbstractBodyResolveTransformerDispatcher.kt:92)
	at org.jetbrains.kotlin.fir.resolve.transformers.body.resolve.FirAbstractBodyResolveTransformerDispatcher.transformDeclarationContent(FirAbstractBodyResolveTransformerDispatcher.kt:462)
	at org.jetbrains.kotlin.fir.resolve.transformers.body.resolve.FirDeclarationsResolveTransformer.transformDeclarationContent(FirDeclarationsResolveTransformer.kt:84)
	at org.jetbrains.kotlin.fir.resolve.transformers.body.resolve.FirDeclarationsResolveTransformer.doTransformRegularClass$lambda$59(FirDeclarationsResolveTransformer.kt:906)
	at org.jetbrains.kotlin.fir.resolve.transformers.body.resolve.FirDeclarationsResolveTransformer$$Lambda$929/0x0000023d01684d00.invoke(Unknown Source)


