kotlin version: 2.0.21
error message: org.jetbrains.kotlin.util.FileAnalysisException: While analysing C:/Users/avezk/AndroidStudioProjects/GlyphV3/app/src/main/java/com/glyph/glyph_v3/ui/chat/ChatActivity.kt:4189:13: java.lang.IllegalStateException: Could not read file: C:/Users/avezk/AndroidStudioProjects/GlyphV3/app/build/tmp/kotlin-classes/debug/com/glyph/glyph_v3/data/local/entity/LocalChat.class; size in bytes: -1; file type: CLASS
	at org.jetbrains.kotlin.util.AnalysisExceptionsKt.wrapIntoFileAnalysisExceptionIfNeeded(AnalysisExceptions.kt:57)
	at org.jetbrains.kotlin.fir.FirCliExceptionHandler.handleExceptionOnFileAnalysis(Utils.kt:249)
	at org.jetbrains.kotlin.fir.pipeline.AnalyseKt.runCheckers(analyse.kt:46)
	at org.jetbrains.kotlin.fir.pipeline.FirUtilsKt.resolveAndCheckFir(firUtils.kt:77)
	at org.jetbrains.kotlin.fir.pipeline.FirUtilsKt.buildResolveAndCheckFirViaLightTree(firUtils.kt:88)
	at org.jetbrains.kotlin.cli.jvm.compiler.pipeline.JvmCompilerPipelineKt.compileModuleToAnalyzedFir(jvmCompilerPipeline.kt:319)
	at org.jetbrains.kotlin.cli.jvm.compiler.pipeline.JvmCompilerPipelineKt.compileModulesUsingFrontendIrAndLightTree(jvmCompilerPipeline.kt:118)
	at org.jetbrains.kotlin.cli.jvm.K2JVMCompiler.doExecute(K2JVMCompiler.kt:148)
	at org.jetbrains.kotlin.cli.jvm.K2JVMCompiler.doExecute(K2JVMCompiler.kt:43)
	at org.jetbrains.kotlin.cli.common.CLICompiler.execImpl(CLICompiler.kt:103)
	at org.jetbrains.kotlin.cli.common.CLICompiler.execImpl(CLICompiler.kt:49)
	at org.jetbrains.kotlin.cli.common.CLITool.exec(CLITool.kt:101)
	at org.jetbrains.kotlin.incremental.IncrementalJvmCompilerRunner.runCompiler(IncrementalJvmCompilerRunner.kt:464)
	at org.jetbrains.kotlin.incremental.IncrementalJvmCompilerRunner.runCompiler(IncrementalJvmCompilerRunner.kt:73)
	at org.jetbrains.kotlin.incremental.IncrementalCompilerRunner.doCompile(IncrementalCompilerRunner.kt:506)
	at org.jetbrains.kotlin.incremental.IncrementalCompilerRunner.compileImpl(IncrementalCompilerRunner.kt:423)
	at org.jetbrains.kotlin.incremental.IncrementalCompilerRunner.tryCompileIncrementally$lambda$9$compile(IncrementalCompilerRunner.kt:249)
	at org.jetbrains.kotlin.incremental.IncrementalCompilerRunner.tryCompileIncrementally(IncrementalCompilerRunner.kt:267)
	at org.jetbrains.kotlin.incremental.IncrementalCompilerRunner.compile(IncrementalCompilerRunner.kt:120)
	at org.jetbrains.kotlin.daemon.CompileServiceImplBase.execIncrementalCompiler(CompileServiceImpl.kt:675)
	at org.jetbrains.kotlin.daemon.CompileServiceImplBase.access$execIncrementalCompiler(CompileServiceImpl.kt:92)
	at org.jetbrains.kotlin.daemon.CompileServiceImpl.compile(CompileServiceImpl.kt:1660)
	at java.base/jdk.internal.reflect.NativeMethodAccessorImpl.invoke0(Native Method)
	at java.base/jdk.internal.reflect.NativeMethodAccessorImpl.invoke(NativeMethodAccessorImpl.java:77)
	at java.base/jdk.internal.reflect.DelegatingMethodAccessorImpl.invoke(DelegatingMethodAccessorImpl.java:43)
	at java.base/java.lang.reflect.Method.invoke(Method.java:568)
	at java.rmi/sun.rmi.server.UnicastServerRef.dispatch(UnicastServerRef.java:360)
	at java.rmi/sun.rmi.transport.Transport$1.run(Transport.java:200)
	at java.rmi/sun.rmi.transport.Transport$1.run(Transport.java:197)
	at java.base/java.security.AccessController.doPrivileged(AccessController.java:712)
	at java.rmi/sun.rmi.transport.Transport.serviceCall(Transport.java:196)
	at java.rmi/sun.rmi.transport.tcp.TCPTransport.handleMessages(TCPTransport.java:587)
	at java.rmi/sun.rmi.transport.tcp.TCPTransport$ConnectionHandler.run0(TCPTransport.java:828)
	at java.rmi/sun.rmi.transport.tcp.TCPTransport$ConnectionHandler.lambda$run$0(TCPTransport.java:705)
	at java.base/java.security.AccessController.doPrivileged(AccessController.java:399)
	at java.rmi/sun.rmi.transport.tcp.TCPTransport$ConnectionHandler.run(TCPTransport.java:704)
	at java.base/java.util.concurrent.ThreadPoolExecutor.runWorker(ThreadPoolExecutor.java:1136)
	at java.base/java.util.concurrent.ThreadPoolExecutor$Worker.run(ThreadPoolExecutor.java:635)
	at java.base/java.lang.Thread.run(Thread.java:842)
Caused by: java.lang.IllegalStateException: Could not read file: C:/Users/avezk/AndroidStudioProjects/GlyphV3/app/build/tmp/kotlin-classes/debug/com/glyph/glyph_v3/data/local/entity/LocalChat.class; size in bytes: -1; file type: CLASS
	at org.jetbrains.kotlin.load.kotlin.VirtualFileKotlinClass$Factory.logFileReadingErrorMessage(VirtualFileKotlinClass.kt:77)
	at org.jetbrains.kotlin.load.kotlin.VirtualFileKotlinClass$Factory.create$lambda$3(VirtualFileKotlinClass.kt:68)
	at org.jetbrains.kotlin.util.PerformanceCounter.time(PerformanceCounter.kt:90)
	at org.jetbrains.kotlin.load.kotlin.VirtualFileKotlinClass$Factory.create$frontend_common_jvm(VirtualFileKotlinClass.kt:51)
	at org.jetbrains.kotlin.load.kotlin.KotlinBinaryClassCache$Companion.getKotlinBinaryClassOrClassFileContent$lambda$0(KotlinBinaryClassCache.kt:89)
	at org.jetbrains.kotlin.com.intellij.mock.MockApplication.runReadAction(MockApplication.java:190)
	at org.jetbrains.kotlin.load.kotlin.KotlinBinaryClassCache$Companion.getKotlinBinaryClassOrClassFileContent(KotlinBinaryClassCache.kt:88)
	at org.jetbrains.kotlin.load.kotlin.KotlinBinaryClassCache$Companion.getKotlinBinaryClassOrClassFileContent$default(KotlinBinaryClassCache.kt:72)
	at org.jetbrains.kotlin.load.kotlin.VirtualFileFinder.findKotlinClassOrContent(VirtualFileFinder.kt:37)
	at org.jetbrains.kotlin.fir.java.deserialization.JvmClassFileBasedSymbolProvider.extractClassMetadata(JvmClassFileBasedSymbolProvider.kt:161)
	at org.jetbrains.kotlin.fir.deserialization.AbstractFirDeserializedSymbolProvider.findAndDeserializeClass(AbstractFirDeserializedSymbolProvider.kt:228)
	at org.jetbrains.kotlin.fir.deserialization.AbstractFirDeserializedSymbolProvider.classCache$lambda$5(AbstractFirDeserializedSymbolProvider.kt:162)
	at org.jetbrains.kotlin.fir.caches.FirThreadUnsafeCacheWithPostCompute.getValue(FirThreadUnsafeCachesFactory.kt:58)
	at org.jetbrains.kotlin.fir.deserialization.AbstractFirDeserializedSymbolProvider.getClass(AbstractFirDeserializedSymbolProvider.kt:314)
	at org.jetbrains.kotlin.fir.deserialization.AbstractFirDeserializedSymbolProvider.getClass$default(AbstractFirDeserializedSymbolProvider.kt:297)
	at org.jetbrains.kotlin.fir.deserialization.AbstractFirDeserializedSymbolProvider.getClassLikeSymbolByClassId(AbstractFirDeserializedSymbolProvider.kt:371)
	at org.jetbrains.kotlin.fir.resolve.providers.impl.FirCachingCompositeSymbolProvider.computeClass(FirCachingCompositeSymbolProvider.kt:147)
	at org.jetbrains.kotlin.fir.resolve.providers.impl.FirCachingCompositeSymbolProvider.access$computeClass(FirCachingCompositeSymbolProvider.kt:27)
	at org.jetbrains.kotlin.fir.resolve.providers.impl.FirCachingCompositeSymbolProvider$special$$inlined$createCache$1.invoke(FirCachesFactory.kt:73)
	at org.jetbrains.kotlin.fir.resolve.providers.impl.FirCachingCompositeSymbolProvider$special$$inlined$createCache$1.invoke(FirCachesFactory.kt:71)
	at org.jetbrains.kotlin.fir.caches.FirThreadUnsafeCache.getValue(FirThreadUnsafeCachesFactory.kt:40)
	at org.jetbrains.kotlin.fir.resolve.providers.impl.FirCachingCompositeSymbolProvider.getClassLikeSymbolByClassId(FirCachingCompositeSymbolProvider.kt:174)
	at org.jetbrains.kotlin.fir.resolve.LookupTagUtilsKt.toSymbol(LookupTagUtils.kt:59)
	at org.jetbrains.kotlin.fir.resolve.TypeExpansionUtilsKt.directExpansionType(TypeExpansionUtils.kt:105)
	at org.jetbrains.kotlin.fir.resolve.TypeExpansionUtilsKt.fullyExpandedTypeNoCache(TypeExpansionUtils.kt:93)
	at org.jetbrains.kotlin.fir.resolve.TypeExpansionUtilsKt.fullyExpandedType(TypeExpansionUtils.kt:45)
	at org.jetbrains.kotlin.fir.resolve.TypeExpansionUtilsKt.fullyExpandedType$default(TypeExpansionUtils.kt:35)
	at org.jetbrains.kotlin.fir.types.TypeUtilsKt.toRegularClassSymbol(TypeUtils.kt:638)
	at org.jetbrains.kotlin.fir.types.TypeUtilsKt.toRegularClassSymbol(TypeUtils.kt:642)
	at org.jetbrains.kotlin.fir.analysis.checkers.expression.FirIncompatibleClassExpressionChecker.checkType$checkers(FirIncompatibleClassExpressionChecker.kt:41)
	at org.jetbrains.kotlin.fir.analysis.checkers.expression.FirIncompatibleClassExpressionChecker.check(FirIncompatibleClassExpressionChecker.kt:29)
	at org.jetbrains.kotlin.fir.analysis.checkers.expression.FirIncompatibleClassExpressionChecker.check(FirIncompatibleClassExpressionChecker.kt:25)
	at org.jetbrains.kotlin.fir.analysis.collectors.components.ExpressionCheckersDiagnosticComponent.check(ExpressionCheckersDiagnosticComponent.kt:266)
	at org.jetbrains.kotlin.fir.analysis.collectors.components.ExpressionCheckersDiagnosticComponent.visitFunctionCall(ExpressionCheckersDiagnosticComponent.kt:74)
	at org.jetbrains.kotlin.fir.analysis.collectors.components.ExpressionCheckersDiagnosticComponent.visitFunctionCall(ExpressionCheckersDiagnosticComponent.kt:19)
	at org.jetbrains.kotlin.fir.expressions.FirFunctionCall.accept(FirFunctionCall.kt:41)
	at org.jetbrains.kotlin.fir.analysis.collectors.CheckerRunningDiagnosticCollectorVisitor.checkElement(CheckerRunningDiagnosticCollectorVisitor.kt:24)
	at org.jetbrains.kotlin.fir.analysis.collectors.AbstractDiagnosticCollectorVisitor.visitElement(AbstractDiagnosticCollectorVisitor.kt:48)
	at org.jetbrains.kotlin.fir.analysis.collectors.AbstractDiagnosticCollectorVisitor.visitWithCallOrAssignment(AbstractDiagnosticCollectorVisitor.kt:346)
	at org.jetbrains.kotlin.fir.analysis.collectors.AbstractDiagnosticCollectorVisitor.visitFunctionCall(AbstractDiagnosticCollectorVisitor.kt:255)
	at org.jetbrains.kotlin.fir.analysis.collectors.AbstractDiagnosticCollectorVisitor.visitFunctionCall(AbstractDiagnosticCollectorVisitor.kt:30)
	at org.jetbrains.kotlin.fir.expressions.FirFunctionCall.accept(FirFunctionCall.kt:41)
	at org.jetbrains.kotlin.fir.expressions.impl.FirBlockImpl.acceptChildren(FirBlockImpl.kt:36)
	at org.jetbrains.kotlin.fir.analysis.collectors.AbstractDiagnosticCollectorVisitor.visitNestedElements(AbstractDiagnosticCollectorVisitor.kt:38)
	at org.jetbrains.kotlin.fir.analysis.collectors.AbstractDiagnosticCollectorVisitor.visitAnnotationContainer(AbstractDiagnosticCollectorVisitor.kt:61)
	at org.jetbrains.kotlin.fir.analysis.collectors.AbstractDiagnosticCollectorVisitor.visitAnnotationContainer(AbstractDiagnosticCollectorVisitor.kt:30)
	at org.jetbrains.kotlin.fir.visitors.FirDefaultVisitor.visitStatement(FirDefaultVisitor.kt:33)
	at org.jetbrains.kotlin.fir.visitors.FirDefaultVisitor.visitExpression(FirDefaultVisitor.kt:36)
	at org.jetbrains.kotlin.fir.analysis.collectors.AbstractDiagnosticCollectorVisitor.visitBlock(AbstractDiagnosticCollectorVisitor.kt:209)
	at org.jetbrains.kotlin.fir.analysis.collectors.AbstractDiagnosticCollectorVisitor.visitBlock(AbstractDiagnosticCollectorVisitor.kt:30)
	at org.jetbrains.kotlin.fir.expressions.FirBlock.accept(FirBlock.kt:28)
	at org.jetbrains.kotlin.fir.declarations.impl.FirAnonymousFunctionImpl.acceptChildren(FirAnonymousFunctionImpl.kt:75)
	at org.jetbrains.kotlin.fir.analysis.collectors.AbstractDiagnosticCollectorVisitor.visitNestedElements(AbstractDiagnosticCollectorVisitor.kt:38)
	at org.jetbrains.kotlin.fir.analysis.collectors.AbstractDiagnosticCollectorVisitor.visitWithDeclarationAndReceiver(AbstractDiagnosticCollectorVisitor.kt:311)
	at org.jetbrains.kotlin.fir.analysis.collectors.AbstractDiagnosticCollectorVisitor.visitAnonymousFunction(AbstractDiagnosticCollectorVisitor.kt:141)
	at org.jetbrains.kotlin.fir.analysis.collectors.AbstractDiagnosticCollectorVisitor.visitAnonymousFunctionExpression(AbstractDiagnosticCollectorVisitor.kt:134)
	at org.jetbrains.kotlin.fir.analysis.collectors.AbstractDiagnosticCollectorVisitor.visitAnonymousFunctionExpression(AbstractDiagnosticCollectorVisitor.kt:30)
	at org.jetbrains.kotlin.fir.expressions.FirAnonymousFunctionExpression.accept(FirAnonymousFunctionExpression.kt:30)
	at org.jetbrains.kotlin.fir.expressions.impl.FirResolvedArgumentList.acceptChildren(FirResolvedArgumentList.kt:35)
	at org.jetbrains.kotlin.fir.analysis.collectors.AbstractDiagnosticCollectorVisitor.visitNestedElements(AbstractDiagnosticCollectorVisitor.kt:38)
	at org.jetbrains.kotlin.fir.analysis.collectors.AbstractDiagnosticCollectorVisitor.visitElement(AbstractDiagnosticCollectorVisitor.kt:53)
	at org.jetbrains.kotlin.fir.analysis.collectors.AbstractDiagnosticCollectorVisitor.visitElement(AbstractDiagnosticCollectorVisitor.kt:30)
	at org.jetbrains.kotlin.fir.visitors.FirVisitor.visitArgumentList(FirVisitor.kt:81)
	at org.jetbrains.kotlin.fir.expressions.FirArgumentList.accept(FirArgumentList.kt:25)
	at org.jetbrains.kotlin.fir.expressions.impl.FirFunctionCallImpl.acceptChildren(FirFunctionCallImpl.kt:55)
	at org.jetbrains.kotlin.fir.analysis.collectors.AbstractDiagnosticCollectorVisitor.visitNestedElements(AbstractDiagnosticCollectorVisitor.kt:38)
	at org.jetbrains.kotlin.fir.analysis.collectors.AbstractDiagnosticCollectorVisitor.visitElement(AbstractDiagnosticCollectorVisitor.kt:49)
	at org.jetbrains.kotlin.fir.analysis.collectors.AbstractDiagnosticCollectorVisitor.visitWithCallOrAssignment(AbstractDiagnosticCollectorVisitor.kt:346)
	at org.jetbrains.kotlin.fir.analysis.collectors.AbstractDiagnosticCollectorVisitor.visitFunctionCall(AbstractDiagnosticCollectorVisitor.kt:255)
	at org.jetbrains.kotlin.fir.analysis.collectors.AbstractDiagnosticCollectorVisitor.visitFunctionCall(AbstractDiagnosticCollectorVisitor.kt:30)
	at org.jetbrains.kotlin.fir.expressions.FirFunctionCall.accept(FirFunctionCall.kt:41)
	at org.jetbrains.kotlin.fir.expressions.impl.FirBlockImpl.acceptChildren(FirBlockImpl.kt:36)
	at org.jetbrains.kotlin.fir.analysis.collectors.AbstractDiagnosticCollectorVisitor.visitNestedElements(AbstractDiagnosticCollectorVisitor.kt:38)
	at org.jetbrains.kotlin.fir.analysis.collectors.AbstractDiagnosticCollectorVisitor.visitAnnotationContainer(AbstractDiagnosticCollectorVisitor.kt:61)
	at org.jetbrains.kotlin.fir.analysis.collectors.AbstractDiagnosticCollectorVisitor.visitAnnotationContainer(AbstractDiagnosticCollectorVisitor.kt:30)
	at org.jetbrains.kotlin.fir.visitors.FirDefaultVisitor.visitStatement(FirDefaultVisitor.kt:33)
	at org.jetbrains.kotlin.fir.visitors.FirDefaultVisitor.visitExpression(FirDefaultVisitor.kt:36)
	at org.jetbrains.kotlin.fir.analysis.collectors.AbstractDiagnosticCollectorVisitor.visitBlock(AbstractDiagnosticCollectorVisitor.kt:209)
	at org.jetbrains.kotlin.fir.analysis.collectors.AbstractDiagnosticCollectorVisitor.visitBlock(AbstractDiagnosticCollectorVisitor.kt:30)
	at org.jetbrains.kotlin.fir.expressions.FirBlock.accept(FirBlock.kt:28)
	at org.jetbrains.kotlin.fir.declarations.impl.FirSimpleFunctionImpl.acceptChildren(FirSimpleFunctionImpl.kt:68)
	at org.jetbrains.kotlin.fir.analysis.collectors.AbstractDiagnosticCollectorVisitor.visitNestedElements(AbstractDiagnosticCollectorVisitor.kt:38)
	at org.jetbrains.kotlin.fir.analysis.collectors.AbstractDiagnosticCollectorVisitor.visitWithDeclarationAndReceiver(AbstractDiagnosticCollectorVisitor.kt:311)
	at org.jetbrains.kotlin.fir.analysis.collectors.AbstractDiagnosticCollectorVisitor.visitSimpleFunction(AbstractDiagnosticCollectorVisitor.kt:118)
	at org.jetbrains.kotlin.fir.analysis.collectors.AbstractDiagnosticCollectorVisitor.visitSimpleFunction(AbstractDiagnosticCollectorVisitor.kt:30)
	at org.jetbrains.kotlin.fir.declarations.FirSimpleFunction.accept(FirSimpleFunction.kt:51)
	at org.jetbrains.kotlin.fir.declarations.impl.FirRegularClassImpl.acceptChildren(FirRegularClassImpl.kt:63)
	at org.jetbrains.kotlin.fir.analysis.collectors.AbstractDiagnosticCollectorVisitor.visitNestedElements(AbstractDiagnosticCollectorVisitor.kt:38)
	at org.jetbrains.kotlin.fir.analysis.collectors.AbstractDiagnosticCollectorVisitor.visitWithDeclarationAndReceiver(AbstractDiagnosticCollectorVisitor.kt:311)
	at org.jetbrains.kotlin.fir.analysis.collectors.AbstractDiagnosticCollectorVisitor.visitClassAndChildren(AbstractDiagnosticCollectorVisitor.kt:87)
	at org.jetbrains.kotlin.fir.analysis.collectors.AbstractDiagnosticCollectorVisitor.visitRegularClass(AbstractDiagnosticCollectorVisitor.kt:92)
	at org.jetbrains.kotlin.fir.analysis.collectors.AbstractDiagnosticCollectorVisitor.visitRegularClass(AbstractDiagnosticCollectorVisitor.kt:30)
	at org.jetbrains.kotlin.fir.declarations.FirRegularClass.accept(FirRegularClass.kt:48)
	at org.jetbrains.kotlin.fir.declarations.impl.FirFileImpl.acceptChildren(FirFileImpl.kt:57)
	at org.jetbrains.kotlin.fir.analysis.collectors.AbstractDiagnosticCollectorVisitor.visitNestedElements(AbstractDiagnosticCollectorVisitor.kt:38)
	at org.jetbrains.kotlin.fir.analysis.collectors.AbstractDiagnosticCollectorVisitor.visitFile(AbstractDiagnosticCollectorVisitor.kt:1151)
	at org.jetbrains.kotlin.fir.analysis.collectors.AbstractDiagnosticCollectorVisitor.visitFile(AbstractDiagnosticCollectorVisitor.kt:30)
	at org.jetbrains.kotlin.fir.declarations.FirFile.accept(FirFile.kt:42)
	at org.jetbrains.kotlin.fir.analysis.collectors.AbstractDiagnosticCollector.collectDiagnostics(AbstractDiagnosticCollector.kt:36)
	at org.jetbrains.kotlin.fir.pipeline.AnalyseKt.runCheckers(analyse.kt:34)
	... 36 more
Caused by: java.nio.file.NoSuchFileException: C:\Users\avezk\AndroidStudioProjects\GlyphV3\app\build\tmp\kotlin-classes\debug\com\glyph\glyph_v3\data\local\entity\LocalChat.class
	at java.base/sun.nio.fs.WindowsException.translateToIOException(WindowsException.java:85)
	at java.base/sun.nio.fs.WindowsException.rethrowAsIOException(WindowsException.java:103)
	at java.base/sun.nio.fs.WindowsException.rethrowAsIOException(WindowsException.java:108)
	at java.base/sun.nio.fs.WindowsFileSystemProvider.newByteChannel(WindowsFileSystemProvider.java:236)
	at java.base/java.nio.file.Files.newByteChannel(Files.java:380)
	at java.base/java.nio.file.Files.newByteChannel(Files.java:432)
	at java.base/java.nio.file.Files.readAllBytes(Files.java:3288)
	at org.jetbrains.kotlin.com.intellij.openapi.vfs.local.CoreLocalVirtualFile.contentsToByteArray(CoreLocalVirtualFile.java:148)
	at org.jetbrains.kotlin.com.intellij.openapi.vfs.VirtualFile.contentsToByteArray(VirtualFile.java:627)
	at org.jetbrains.kotlin.load.kotlin.VirtualFileKotlinClass$Factory.create$lambda$3(VirtualFileKotlinClass.kt:55)
	... 134 more


