kotlin version: 2.0.21
error message: java.lang.OutOfMemoryError: GC overhead limit exceeded
	at kotlin.sequences.SequencesKt__SequenceBuilderKt.iterator(SequenceBuilder.kt:37)
	at kotlin.sequences.SequencesKt__SequenceBuilderKt$sequence$$inlined$Sequence$1.iterator(Sequences.kt:23)
	at org.jetbrains.kotlin.backend.common.actualizer.SpecialFakeOverrideSymbolsResolver.processDeclaration(SpecialFakeOverrideSymbolsResolver.kt:124)
	at org.jetbrains.kotlin.backend.common.actualizer.SpecialFakeOverrideSymbolsResolver.processClass(SpecialFakeOverrideSymbolsResolver.kt:115)
	at org.jetbrains.kotlin.backend.common.actualizer.SpecialFakeOverrideSymbolsResolver.access$processClass(SpecialFakeOverrideSymbolsResolver.kt:44)
	at org.jetbrains.kotlin.backend.common.actualizer.SpecialFakeOverrideSymbolsResolver.getReferencedSimpleFunction(SpecialFakeOverrideSymbolsResolver.kt:295)
	at org.jetbrains.kotlin.backend.common.actualizer.SpecialFakeOverrideSymbolsResolverVisitor.visitCall(SpecialFakeOverrideSymbolsResolver.kt:180)
	at org.jetbrains.kotlin.ir.visitors.IrElementVisitorVoid$DefaultImpls.visitCall(IrElementVisitorVoid.kt:356)
	at org.jetbrains.kotlin.backend.common.actualizer.SpecialFakeOverrideSymbolsResolverVisitor.visitCall(SpecialFakeOverrideSymbolsResolver.kt:158)
	at org.jetbrains.kotlin.backend.common.actualizer.SpecialFakeOverrideSymbolsResolverVisitor.visitCall(SpecialFakeOverrideSymbolsResolver.kt:158)
	at org.jetbrains.kotlin.ir.expressions.IrCall.accept(IrCall.kt:24)
	at org.jetbrains.kotlin.ir.expressions.IrMemberAccessExpression.acceptChildren(IrMemberAccessExpression.kt:62)
	at org.jetbrains.kotlin.ir.visitors.IrVisitorsKt.acceptChildrenVoid(IrVisitors.kt:15)
	at org.jetbrains.kotlin.backend.common.actualizer.SpecialFakeOverrideSymbolsResolverVisitor.visitElement(SpecialFakeOverrideSymbolsResolver.kt:166)
	at org.jetbrains.kotlin.backend.common.actualizer.SpecialFakeOverrideSymbolsResolverVisitor.visitCall(SpecialFakeOverrideSymbolsResolver.kt:181)
	at org.jetbrains.kotlin.ir.visitors.IrElementVisitorVoid$DefaultImpls.visitCall(IrElementVisitorVoid.kt:356)
	at org.jetbrains.kotlin.backend.common.actualizer.SpecialFakeOverrideSymbolsResolverVisitor.visitCall(SpecialFakeOverrideSymbolsResolver.kt:158)
	at org.jetbrains.kotlin.backend.common.actualizer.SpecialFakeOverrideSymbolsResolverVisitor.visitCall(SpecialFakeOverrideSymbolsResolver.kt:158)
	at org.jetbrains.kotlin.ir.expressions.IrCall.accept(IrCall.kt:24)
	at org.jetbrains.kotlin.ir.expressions.IrMemberAccessExpression.acceptChildren(IrMemberAccessExpression.kt:60)
	at org.jetbrains.kotlin.ir.visitors.IrVisitorsKt.acceptChildrenVoid(IrVisitors.kt:15)
	at org.jetbrains.kotlin.backend.common.actualizer.SpecialFakeOverrideSymbolsResolverVisitor.visitElement(SpecialFakeOverrideSymbolsResolver.kt:166)
	at org.jetbrains.kotlin.backend.common.actualizer.SpecialFakeOverrideSymbolsResolverVisitor.visitCall(SpecialFakeOverrideSymbolsResolver.kt:181)
	at org.jetbrains.kotlin.ir.visitors.IrElementVisitorVoid$DefaultImpls.visitCall(IrElementVisitorVoid.kt:356)
	at org.jetbrains.kotlin.backend.common.actualizer.SpecialFakeOverrideSymbolsResolverVisitor.visitCall(SpecialFakeOverrideSymbolsResolver.kt:158)
	at org.jetbrains.kotlin.backend.common.actualizer.SpecialFakeOverrideSymbolsResolverVisitor.visitCall(SpecialFakeOverrideSymbolsResolver.kt:158)
	at org.jetbrains.kotlin.ir.expressions.IrCall.accept(IrCall.kt:24)
	at org.jetbrains.kotlin.ir.expressions.IrBranch.acceptChildren(IrBranch.kt:31)
	at org.jetbrains.kotlin.ir.visitors.IrVisitorsKt.acceptChildrenVoid(IrVisitors.kt:15)
	at org.jetbrains.kotlin.backend.common.actualizer.SpecialFakeOverrideSymbolsResolverVisitor.visitElement(SpecialFakeOverrideSymbolsResolver.kt:166)
	at org.jetbrains.kotlin.ir.visitors.IrElementVisitorVoid$DefaultImpls.visitBranch(IrElementVisitorVoid.kt:688)
	at org.jetbrains.kotlin.backend.common.actualizer.SpecialFakeOverrideSymbolsResolverVisitor.visitBranch(SpecialFakeOverrideSymbolsResolver.kt:158)


